#
# There is insufficient memory for the Java Runtime Environment to continue.
# Native memory allocation (malloc) failed to allocate 524304 bytes for Chunk::new
# Possible reasons:
#   The system is out of physical RAM or swap space
#   The process is running with CompressedOops enabled, and the Java Heap may be blocking the growth of the native heap
# Possible solutions:
#   Reduce memory load on the system
#   Increase physical memory or swap space
#   Check if swap backing store is full
#   Decrease Java heap size (-Xmx/-Xms)
#   Decrease number of Java threads
#   Decrease Java thread stack sizes (-Xss)
#   Set larger code cache with -XX:ReservedCodeCacheSize=
#   JVM is running with Unscaled Compressed Oops mode in which the Java heap is
#     placed in the first 4GB address space. The Java Heap base address is the
#     maximum limit for the native heap growth. Please use -XX:HeapBaseMinAddress
#     to set the Java Heap base and to place the Java Heap above 4GB virtual address.
# This output file may be truncated or incomplete.
#
#  Out of Memory Error (allocation.cpp:389), pid=15120, tid=0x0000000000002a28
#
# JRE version: Java(TM) SE Runtime Environment (8.0_461) (build 1.8.0_461-b11)
# Java VM: Java HotSpot(TM) 64-Bit Server VM (25.461-b11 mixed mode windows-amd64 compressed oops)
# Failed to write core dump. Minidumps are not enabled by default on client versions of Windows
#

---------------  T H R E A D  ---------------

Current thread (0x000001536a0f5800):  JavaThread "C2 CompilerThread2" daemon [_thread_in_native, id=10792, stack(0x0000001db6700000,0x0000001db6800000)]

Stack: [0x0000001db6700000,0x0000001db6800000]
Native frames: (J=compiled Java code, j=interpreted, Vv=VM code, C=native code)
V  [jvm.dll+0x34c1c9]
V  [jvm.dll+0x289572]
V  [jvm.dll+0x28a140]
V  [jvm.dll+0x27e165]
V  [jvm.dll+0xd9fcc]
V  [jvm.dll+0xda3a1]
V  [jvm.dll+0x4f4058]
V  [jvm.dll+0x4e38c5]
V  [jvm.dll+0x4e2207]
V  [jvm.dll+0x461fb1]
V  [jvm.dll+0x461592]
V  [jvm.dll+0x44b23c]
V  [jvm.dll+0xaf445]
V  [jvm.dll+0xadb5f]
V  [jvm.dll+0x24ea19]
V  [jvm.dll+0x2a60dc]
C  [ucrtbase.dll+0x2268a]
C  [KERNEL32.DLL+0x17ac4]
C  [ntdll.dll+0x5a8c1]


Current CompileTask:
C2:   1920 1889   !   4       java.net.URLClassLoader$1::run (81 bytes)


---------------  P R O C E S S  ---------------

Java Threads: ( => current thread )
  0x000001536c248000 JavaThread "Cache worker for file hash cache (D:\GradleHome\caches\8.14.5\fileHashes)" [_thread_blocked, id=17308, stack(0x0000001db7700000,0x0000001db7800000)]
  0x000001536c249000 JavaThread "File lock request listener" [_thread_in_native, id=15384, stack(0x0000001db7600000,0x0000001db7700000)]
  0x000001536c24b000 JavaThread "Cache worker for journal cache (D:\GradleHome\caches\journal-1)" [_thread_blocked, id=17752, stack(0x0000001db7500000,0x0000001db7600000)]
  0x000001536a515800 JavaThread "Daemon client event forwarder" [_thread_blocked, id=16688, stack(0x0000001db7400000,0x0000001db7500000)]
  0x000001536a520000 JavaThread "Stdin handler" [_thread_blocked, id=2984, stack(0x0000001db7300000,0x0000001db7400000)]
  0x000001536c290000 JavaThread "Asynchronous log dispatcher for DefaultDaemonConnection: socket connection from /127.0.0.1:52027 to /127.0.0.1:52031" [_thread_blocked, id=13324, stack(0x0000001db7200000,0x0000001db7300000)]
  0x000001536a51e000 JavaThread "Daemon worker" [_thread_in_vm, id=15048, stack(0x0000001db7100000,0x0000001db7200000)]
  0x000001536c265800 JavaThread "Cancel handler" [_thread_blocked, id=6204, stack(0x0000001db7000000,0x0000001db7100000)]
  0x000001536c13d800 JavaThread "Handler for socket connection from /127.0.0.1:52027 to /127.0.0.1:52031" [_thread_in_native, id=13180, stack(0x0000001db6f00000,0x0000001db7000000)]
  0x000001536c180000 JavaThread "Daemon" [_thread_blocked, id=10904, stack(0x0000001db6e00000,0x0000001db6f00000)]
  0x000001536c17d800 JavaThread "Daemon periodic checks" [_thread_blocked, id=17568, stack(0x0000001db6d00000,0x0000001db6e00000)]
  0x000001536a97c000 JavaThread "Incoming local TCP Connector on port 52027" [_thread_in_native, id=1476, stack(0x0000001db6c00000,0x0000001db6d00000)]
  0x000001536c094000 JavaThread "Daemon health stats" [_thread_blocked, id=17740, stack(0x0000001db6b00000,0x0000001db6c00000)]
  0x000001536a194800 JavaThread "Service Thread" daemon [_thread_blocked, id=17520, stack(0x0000001db6900000,0x0000001db6a00000)]
  0x000001536a0f9800 JavaThread "C1 CompilerThread3" daemon [_thread_blocked, id=15648, stack(0x0000001db6800000,0x0000001db6900000)]
=>0x000001536a0f5800 JavaThread "C2 CompilerThread2" daemon [_thread_in_native, id=10792, stack(0x0000001db6700000,0x0000001db6800000)]
  0x000001536a0f4800 JavaThread "C2 CompilerThread1" daemon [_thread_blocked, id=704, stack(0x0000001db6600000,0x0000001db6700000)]
  0x000001536a0f1000 JavaThread "C2 CompilerThread0" daemon [_thread_in_native, id=8476, stack(0x0000001db6500000,0x0000001db6600000)]
  0x00000153683aa000 JavaThread "Attach Listener" daemon [_thread_blocked, id=14328, stack(0x0000001db6400000,0x0000001db6500000)]
  0x00000153683a9800 JavaThread "Signal Dispatcher" daemon [_thread_blocked, id=13792, stack(0x0000001db6300000,0x0000001db6400000)]
  0x0000015368328800 JavaThread "Finalizer" daemon [_thread_blocked, id=15176, stack(0x0000001db6200000,0x0000001db6300000)]
  0x00000153682ff000 JavaThread "Reference Handler" daemon [_thread_blocked, id=17996, stack(0x0000001db6100000,0x0000001db6200000)]
  0x000001535d8b8000 JavaThread "main" [_thread_blocked, id=17644, stack(0x0000001db5700000,0x0000001db5800000)]

Other Threads:
  0x00000153682f5000 VMThread [stack: 0x0000001db6000000,0x0000001db6100000] [id=10292]
  0x000001536a1a7000 WatcherThread [stack: 0x0000001db6a00000,0x0000001db6b00000] [id=8216]

VM state:not at safepoint (normal execution)

VM Mutex/Monitor currently owned by a thread: None

heap address: 0x00000000c0000000, size: 1024 MB, Compressed Oops mode: 32-bit
Narrow klass base: 0x0000000000000000, Narrow klass shift: 3
Compressed class space size: 394264576 Address: 0x0000000100000000

Heap:
 PSYoungGen      total 76288K, used 71647K [0x00000000eab00000, 0x00000000f4000000, 0x0000000100000000)
  eden space 65536K, 93% used [0x00000000eab00000,0x00000000ee6c3370,0x00000000eeb00000)
  from space 10752K, 97% used [0x00000000ef580000,0x00000000effb4a18,0x00000000f0000000)
  to   space 10752K, 0% used [0x00000000eeb00000,0x00000000eeb00000,0x00000000ef580000)
 ParOldGen       total 175104K, used 40K [0x00000000c0000000, 0x00000000cab00000, 0x00000000eab00000)
  object space 175104K, 0% used [0x00000000c0000000,0x00000000c000a000,0x00000000cab00000)
 Metaspace       used 18984K, capacity 19916K, committed 20096K, reserved 403456K
  class space    used 2665K, capacity 2896K, committed 2944K, reserved 385024K

Card table byte_map: [0x0000015365350000,0x0000015365560000] byte_map_base: 0x0000015364d50000

Marking Bits: (ParMarkBitMap*) 0x00007ffa84c0a3e0
 Begin Bits: [0x00000153656c0000, 0x00000153666c0000)
 End Bits:   [0x00000153666c0000, 0x00000153676c0000)

Polling page: 0x000001535d860000

CodeCache: size=98304Kb used=6782Kb max_used=6782Kb free=91521Kb
 bounds [0x000001535f1d0000, 0x000001535f880000, 0x00000153651d0000]
 total_blobs=2368 nmethods=1913 adapters=367
 compilation: enabled

Compilation events (10 events):
Event: 1.883 Thread 0x000001536a0f9800 1962       3       java.lang.invoke.MethodHandleNatives::findMethodHandleType (7 bytes)
Event: 1.883 Thread 0x000001536a0f9800 nmethod 1962 0x000001535f8587d0 code [0x000001535f858940, 0x000001535f858ab0]
Event: 1.883 Thread 0x000001536a0f9800 1964       3       java.lang.invoke.LambdaForm$BasicType::basicTypeChar (8 bytes)
Event: 1.883 Thread 0x000001536a0f9800 nmethod 1964 0x000001535f8681d0 code [0x000001535f868360, 0x000001535f868750]
Event: 1.886 Thread 0x000001536a0f9800 1966       3       java.lang.invoke.InnerClassLambdaMetafactory::getParameterSize (27 bytes)
Event: 1.886 Thread 0x000001536a0f9800 nmethod 1966 0x000001535f868910 code [0x000001535f868a80, 0x000001535f868cb8]
Event: 1.889 Thread 0x000001536a0f4800 1968       4       jdk.internal.org.objectweb.asm.ByteVector::put12 (64 bytes)
Event: 1.890 Thread 0x000001536a0f4800 nmethod 1968 0x000001535f86bcd0 code [0x000001535f86be20, 0x000001535f86bfc8]
Event: 1.895 Thread 0x000001536a0f9800 1969       3       java.util.concurrent.locks.AbstractQueuedSynchronizer::setState (6 bytes)
Event: 1.895 Thread 0x000001536a0f9800 nmethod 1969 0x000001535f86b790 code [0x000001535f86b8e0, 0x000001535f86ba38]

GC Heap History (8 events):
Event: 0.537 GC heap before
{Heap before GC invocations=1 (full 0):
 PSYoungGen      total 76288K, used 65536K [0x00000000eab00000, 0x00000000f0000000, 0x0000000100000000)
  eden space 65536K, 100% used [0x00000000eab00000,0x00000000eeb00000,0x00000000eeb00000)
  from space 10752K, 0% used [0x00000000ef580000,0x00000000ef580000,0x00000000f0000000)
  to   space 10752K, 0% used [0x00000000eeb00000,0x00000000eeb00000,0x00000000ef580000)
 ParOldGen       total 175104K, used 0K [0x00000000c0000000, 0x00000000cab00000, 0x00000000eab00000)
  object space 175104K, 0% used [0x00000000c0000000,0x00000000c0000000,0x00000000cab00000)
 Metaspace       used 7513K, capacity 7840K, committed 8064K, reserved 393216K
  class space    used 979K, capacity 1097K, committed 1152K, reserved 385024K
Event: 0.541 GC heap after
Heap after GC invocations=1 (full 0):
 PSYoungGen      total 76288K, used 4776K [0x00000000eab00000, 0x00000000f0000000, 0x0000000100000000)
  eden space 65536K, 0% used [0x00000000eab00000,0x00000000eab00000,0x00000000eeb00000)
  from space 10752K, 44% used [0x00000000eeb00000,0x00000000eefaa2d8,0x00000000ef580000)
  to   space 10752K, 0% used [0x00000000ef580000,0x00000000ef580000,0x00000000f0000000)
 ParOldGen       total 175104K, used 16K [0x00000000c0000000, 0x00000000cab00000, 0x00000000eab00000)
  object space 175104K, 0% used [0x00000000c0000000,0x00000000c0004000,0x00000000cab00000)
 Metaspace       used 7513K, capacity 7840K, committed 8064K, reserved 393216K
  class space    used 979K, capacity 1097K, committed 1152K, reserved 385024K
}
Event: 0.735 GC heap before
{Heap before GC invocations=2 (full 0):
 PSYoungGen      total 76288K, used 70312K [0x00000000eab00000, 0x00000000f0000000, 0x0000000100000000)
  eden space 65536K, 100% used [0x00000000eab00000,0x00000000eeb00000,0x00000000eeb00000)
  from space 10752K, 44% used [0x00000000eeb00000,0x00000000eefaa2d8,0x00000000ef580000)
  to   space 10752K, 0% used [0x00000000ef580000,0x00000000ef580000,0x00000000f0000000)
 ParOldGen       total 175104K, used 16K [0x00000000c0000000, 0x00000000cab00000, 0x00000000eab00000)
  object space 175104K, 0% used [0x00000000c0000000,0x00000000c0004000,0x00000000cab00000)
 Metaspace       used 8251K, capacity 8556K, committed 8704K, reserved 393216K
  class space    used 1064K, capacity 1163K, committed 1280K, reserved 385024K
Event: 0.740 GC heap after
Heap after GC invocations=2 (full 0):
 PSYoungGen      total 76288K, used 6280K [0x00000000eab00000, 0x00000000f0000000, 0x0000000100000000)
  eden space 65536K, 0% used [0x00000000eab00000,0x00000000eab00000,0x00000000eeb00000)
  from space 10752K, 58% used [0x00000000ef580000,0x00000000efba2170,0x00000000f0000000)
  to   space 10752K, 0% used [0x00000000eeb00000,0x00000000eeb00000,0x00000000ef580000)
 ParOldGen       total 175104K, used 24K [0x00000000c0000000, 0x00000000cab00000, 0x00000000eab00000)
  object space 175104K, 0% used [0x00000000c0000000,0x00000000c0006000,0x00000000cab00000)
 Metaspace       used 8251K, capacity 8556K, committed 8704K, reserved 393216K
  class space    used 1064K, capacity 1163K, committed 1280K, reserved 385024K
}
Event: 0.975 GC heap before
{Heap before GC invocations=3 (full 0):
 PSYoungGen      total 76288K, used 71816K [0x00000000eab00000, 0x00000000f0000000, 0x0000000100000000)
  eden space 65536K, 100% used [0x00000000eab00000,0x00000000eeb00000,0x00000000eeb00000)
  from space 10752K, 58% used [0x00000000ef580000,0x00000000efba2170,0x00000000f0000000)
  to   space 10752K, 0% used [0x00000000eeb00000,0x00000000eeb00000,0x00000000ef580000)
 ParOldGen       total 175104K, used 24K [0x00000000c0000000, 0x00000000cab00000, 0x00000000eab00000)
  object space 175104K, 0% used [0x00000000c0000000,0x00000000c0006000,0x00000000cab00000)
 Metaspace       used 9845K, capacity 10204K, committed 10496K, reserved 395264K
  class space    used 1313K, capacity 1434K, committed 1536K, reserved 385024K
Event: 0.998 GC heap after
Heap after GC invocations=3 (full 0):
 PSYoungGen      total 76288K, used 7108K [0x00000000eab00000, 0x00000000f0000000, 0x0000000100000000)
  eden space 65536K, 0% used [0x00000000eab00000,0x00000000eab00000,0x00000000eeb00000)
  from space 10752K, 66% used [0x00000000eeb00000,0x00000000ef1f13b8,0x00000000ef580000)
  to   space 10752K, 0% used [0x00000000ef580000,0x00000000ef580000,0x00000000f0000000)
 ParOldGen       total 175104K, used 32K [0x00000000c0000000, 0x00000000cab00000, 0x00000000eab00000)
  object space 175104K, 0% used [0x00000000c0000000,0x00000000c0008000,0x00000000cab00000)
 Metaspace       used 9845K, capacity 10204K, committed 10496K, reserved 395264K
  class space    used 1313K, capacity 1434K, committed 1536K, reserved 385024K
}
Event: 1.638 GC heap before
{Heap before GC invocations=4 (full 0):
 PSYoungGen      total 76288K, used 72644K [0x00000000eab00000, 0x00000000f0000000, 0x0000000100000000)
  eden space 65536K, 100% used [0x00000000eab00000,0x00000000eeb00000,0x00000000eeb00000)
  from space 10752K, 66% used [0x00000000eeb00000,0x00000000ef1f13b8,0x00000000ef580000)
  to   space 10752K, 0% used [0x00000000ef580000,0x00000000ef580000,0x00000000f0000000)
 ParOldGen       total 175104K, used 32K [0x00000000c0000000, 0x00000000cab00000, 0x00000000eab00000)
  object space 175104K, 0% used [0x00000000c0000000,0x00000000c0008000,0x00000000cab00000)
 Metaspace       used 15590K, capacity 16126K, committed 16384K, reserved 399360K
  class space    used 2136K, capacity 2263K, committed 2304K, reserved 385024K
Event: 1.645 GC heap after
Heap after GC invocations=4 (full 0):
 PSYoungGen      total 76288K, used 10450K [0x00000000eab00000, 0x00000000f4000000, 0x0000000100000000)
  eden space 65536K, 0% used [0x00000000eab00000,0x00000000eab00000,0x00000000eeb00000)
  from space 10752K, 97% used [0x00000000ef580000,0x00000000effb4a18,0x00000000f0000000)
  to   space 10752K, 0% used [0x00000000eeb00000,0x00000000eeb00000,0x00000000ef580000)
 ParOldGen       total 175104K, used 40K [0x00000000c0000000, 0x00000000cab00000, 0x00000000eab00000)
  object space 175104K, 0% used [0x00000000c0000000,0x00000000c000a000,0x00000000cab00000)
 Metaspace       used 15590K, capacity 16126K, committed 16384K, reserved 399360K
  class space    used 2136K, capacity 2263K, committed 2304K, reserved 385024K
}

Deoptimization events (10 events):
Event: 1.815 Thread 0x000001536a51e000 Uncommon trap: reason=class_check action=maybe_recompile pc=0x000001535f5f4e18 method=java.util.regex.Matcher.match(II)Z @ 86
Event: 1.825 Thread 0x000001536a51e000 Uncommon trap: reason=class_check action=maybe_recompile pc=0x000001535f39ef44 method=java.util.regex.Matcher.match(II)Z @ 86
Event: 1.848 Thread 0x000001536a51e000 Uncommon trap: reason=array_check action=maybe_recompile pc=0x000001535f84a7cc method=java.util.AbstractCollection.toArray([Ljava/lang/Object;)[Ljava/lang/Object; @ 119
Event: 1.848 Thread 0x000001536a51e000 Uncommon trap: reason=array_check action=maybe_recompile pc=0x000001535f84a7cc method=java.util.AbstractCollection.toArray([Ljava/lang/Object;)[Ljava/lang/Object; @ 119
Event: 1.848 Thread 0x000001536a51e000 Uncommon trap: reason=array_check action=maybe_recompile pc=0x000001535f84a7cc method=java.util.AbstractCollection.toArray([Ljava/lang/Object;)[Ljava/lang/Object; @ 119
Event: 1.848 Thread 0x000001536a51e000 Uncommon trap: reason=array_check action=maybe_recompile pc=0x000001535f84a7cc method=java.util.AbstractCollection.toArray([Ljava/lang/Object;)[Ljava/lang/Object; @ 119
Event: 1.848 Thread 0x000001536a51e000 Uncommon trap: reason=array_check action=maybe_recompile pc=0x000001535f658868 method=java.util.AbstractCollection.toArray([Ljava/lang/Object;)[Ljava/lang/Object; @ 119
Event: 1.878 Thread 0x000001536a51e000 Uncommon trap: reason=unstable_if action=reinterpret pc=0x000001535f39c334 method=java.io.WinNTFileSystem.resolve(Ljava/lang/String;Ljava/lang/String;)Ljava/lang/String; @ 19
Event: 1.878 Thread 0x000001536a51e000 Uncommon trap: reason=unstable_if action=reinterpret pc=0x000001535f3d6a00 method=java.io.File.getName()Ljava/lang/String; @ 16
Event: 1.878 Thread 0x000001536a51e000 Uncommon trap: reason=unstable_if action=reinterpret pc=0x000001535f3cef20 method=java.lang.String.substring(I)Ljava/lang/String; @ 35

Classes redefined (0 events):
No events

Internal exceptions (10 events):
Event: 0.928 Thread 0x000001535d8b8000 Implicit null exception at 0x000001535f33e59b to 0x000001535f33e665
Event: 1.261 Thread 0x000001535d8b8000 Exception <a 'java/lang/NoSuchMethodError': java.lang.Object.lambda$get$0(Ljava/util/function/Supplier;Ljava/lang/Object;)Ljava/lang/Object;> (0x00000000eb823740) thrown at [C:\jenkins\workspace\8-2-build-windows-x64-cygwin-sans-NAS\jdk8u461\2086\hotspot\
Event: 1.438 Thread 0x000001535d8b8000 Exception <a 'java/io/IOException'> (0x00000000ec403ce0) thrown at [C:\jenkins\workspace\8-2-build-windows-x64-cygwin-sans-NAS\jdk8u461\2086\hotspot\src\share\vm\prims\jni.cpp, line 710]
Event: 1.442 Thread 0x000001535d8b8000 Implicit null exception at 0x000001535f4e32d6 to 0x000001535f4e3681
Event: 1.487 Thread 0x000001536c13d800 Exception <a 'java/lang/NoSuchMethodError': <clinit>> (0x00000000ecebf4d0) thrown at [C:\jenkins\workspace\8-2-build-windows-x64-cygwin-sans-NAS\jdk8u461\2086\hotspot\src\share\vm\prims\jni.cpp, line 1622]
Event: 1.488 Thread 0x000001536c13d800 Exception <a 'java/lang/NoSuchMethodError': <clinit>> (0x00000000ecee5fd0) thrown at [C:\jenkins\workspace\8-2-build-windows-x64-cygwin-sans-NAS\jdk8u461\2086\hotspot\src\share\vm\prims\jni.cpp, line 1622]
Event: 1.489 Thread 0x000001536c13d800 Exception <a 'java/lang/NoSuchMethodError': <clinit>> (0x00000000eceef170) thrown at [C:\jenkins\workspace\8-2-build-windows-x64-cygwin-sans-NAS\jdk8u461\2086\hotspot\src\share\vm\prims\jni.cpp, line 1622]
Event: 1.490 Thread 0x000001536c13d800 Exception <a 'java/lang/NoSuchMethodError': <clinit>> (0x00000000ecf10688) thrown at [C:\jenkins\workspace\8-2-build-windows-x64-cygwin-sans-NAS\jdk8u461\2086\hotspot\src\share\vm\prims\jni.cpp, line 1622]
Event: 1.605 Thread 0x000001536a51e000 Exception <a 'java/lang/NoSuchMethodError': java.lang.Object.lambda$static$0(Lorg/gradle/internal/state/ModelObject;)Ljava/lang/String;> (0x00000000ee3e5710) thrown at [C:\jenkins\workspace\8-2-build-windows-x64-cygwin-sans-NAS\jdk8u461\2086\hotspot\src\s
Event: 1.719 Thread 0x000001536a51e000 Exception <a 'java/lang/NoSuchMethodError': java.lang.Object.lambda$identity$2(Ljava/lang/Object;)Ljava/lang/Object;> (0x00000000eb728418) thrown at [C:\jenkins\workspace\8-2-build-windows-x64-cygwin-sans-NAS\jdk8u461\2086\hotspot\src\share\vm\interpreter

Events (10 events):
Event: 1.895 loading class com/google/common/util/concurrent/Striped$CompactStriped
Event: 1.895 loading class com/google/common/util/concurrent/Striped$CompactStriped done
Event: 1.895 loading class com/google/common/util/concurrent/Striped$PowerOfTwoStriped
Event: 1.895 loading class com/google/common/util/concurrent/Striped$PowerOfTwoStriped done
Event: 1.896 loading class com/google/common/util/concurrent/Striped$SmallLazyStriped
Event: 1.896 loading class com/google/common/util/concurrent/Striped$SmallLazyStriped done
Event: 1.896 loading class com/google/common/util/concurrent/Striped$LargeLazyStriped
Event: 1.896 loading class com/google/common/util/concurrent/Striped$LargeLazyStriped done
Event: 1.896 loading class com/google/common/util/concurrent/Striped$PaddedLock
Event: 1.896 loading class com/google/common/util/concurrent/Striped$PaddedLock done


Dynamic libraries:
0x00007ff641920000 - 0x00007ff64196f000 	C:\Program Files\Java\jre1.8.0_461\bin\java.exe
0x00007ffae9200000 - 0x00007ffae93ee000 	C:\Windows\SYSTEM32\ntdll.dll
0x00007ffae8a10000 - 0x00007ffae8ac3000 	C:\Windows\System32\KERNEL32.DLL
0x00007ffae6180000 - 0x00007ffae641e000 	C:\Windows\System32\KERNELBASE.dll
0x00007ffae8e40000 - 0x00007ffae8ee9000 	C:\Windows\System32\ADVAPI32.dll
0x00007ffae8ca0000 - 0x00007ffae8d3e000 	C:\Windows\System32\msvcrt.dll
0x00007ffae90b0000 - 0x00007ffae9152000 	C:\Windows\System32\sechost.dll
0x00007ffae8520000 - 0x00007ffae863b000 	C:\Windows\System32\RPCRT4.dll
0x00007ffae52a0000 - 0x00007ffae52c6000 	C:\Windows\System32\bcrypt.dll
0x00007ffae8ad0000 - 0x00007ffae8c67000 	C:\Windows\System32\USER32.dll
0x00007ffae5880000 - 0x00007ffae58a0000 	C:\Windows\System32\win32u.dll
0x00007ffae8490000 - 0x00007ffae84b9000 	C:\Windows\System32\GDI32.dll
0x00007ffae55b0000 - 0x00007ffae575c000 	C:\Windows\System32\gdi32full.dll
0x00007ffae52f0000 - 0x00007ffae5390000 	C:\Windows\System32\msvcp_win.dll
0x00007ffae58a0000 - 0x00007ffae599a000 	C:\Windows\System32\ucrtbase.dll
0x00007ffad6420000 - 0x00007ffad6699000 	C:\Windows\WinSxS\amd64_microsoft.windows.common-controls_6595b64144ccf1df_6.0.17763.7792_none_de76c1ec534645e5\COMCTL32.dll
0x00007ffae6b30000 - 0x00007ffae6e5a000 	C:\Windows\System32\combase.dll
0x00007ffae59a0000 - 0x00007ffae5a22000 	C:\Windows\System32\bcryptPrimitives.dll
0x00007ffae8c70000 - 0x00007ffae8c9e000 	C:\Windows\System32\IMM32.DLL
0x00007ffacff60000 - 0x00007ffacff7b000 	C:\Program Files\Java\jre1.8.0_461\bin\vcruntime140.dll
0x00007ffad8260000 - 0x00007ffad826c000 	C:\Program Files\Java\jre1.8.0_461\bin\vcruntime140_1.dll
0x00007ffacfcf0000 - 0x00007ffacfd7e000 	C:\Program Files\Java\jre1.8.0_461\bin\msvcp140.dll
0x00007ffa84430000 - 0x00007ffa84cda000 	C:\Program Files\Java\jre1.8.0_461\bin\server\jvm.dll
0x00007ffae8d50000 - 0x00007ffae8d58000 	C:\Windows\System32\PSAPI.DLL
0x00007ffaa9370000 - 0x00007ffaa9379000 	C:\Windows\SYSTEM32\WSOCK32.dll
0x00007ffae2160000 - 0x00007ffae2184000 	C:\Windows\SYSTEM32\WINMM.dll
0x00007ffae0b00000 - 0x00007ffae0b0a000 	C:\Windows\SYSTEM32\VERSION.dll
0x00007ffae9160000 - 0x00007ffae91cd000 	C:\Windows\System32\WS2_32.dll
0x00007ffae2010000 - 0x00007ffae203d000 	C:\Windows\SYSTEM32\WINMMBASE.dll
0x00007ffae5250000 - 0x00007ffae529a000 	C:\Windows\System32\cfgmgr32.dll
0x00007ffae51b0000 - 0x00007ffae51c1000 	C:\Windows\System32\kernel.appcore.dll
0x00007ffad0b20000 - 0x00007ffad0b30000 	C:\Program Files\Java\jre1.8.0_461\bin\verify.dll
0x00007fface960000 - 0x00007fface98b000 	C:\Program Files\Java\jre1.8.0_461\bin\java.dll
0x00007ffaabff0000 - 0x00007ffaac027000 	C:\Program Files\Java\jre1.8.0_461\bin\instrument.dll
0x00007ffacff40000 - 0x00007ffacff58000 	C:\Program Files\Java\jre1.8.0_461\bin\zip.dll
0x00007ffae6f90000 - 0x00007ffae8488000 	C:\Windows\System32\SHELL32.dll
0x00007ffae6a80000 - 0x00007ffae6b27000 	C:\Windows\System32\shcore.dll
0x00007ffae5a30000 - 0x00007ffae6178000 	C:\Windows\System32\windows.storage.dll
0x00007ffae5180000 - 0x00007ffae51a3000 	C:\Windows\System32\profapi.dll
0x00007ffae51f0000 - 0x00007ffae524d000 	C:\Windows\System32\powrprof.dll
0x00007ffae84c0000 - 0x00007ffae8517000 	C:\Windows\System32\shlwapi.dll
0x00007ffae52d0000 - 0x00007ffae52eb000 	C:\Windows\System32\cryptsp.dll
0x00007ffacfc70000 - 0x00007ffacfc8c000 	C:\Program Files\Java\jre1.8.0_461\bin\net.dll
0x00007ffae4960000 - 0x00007ffae49c7000 	C:\Windows\system32\mswsock.dll
0x00007ffacec70000 - 0x00007ffacec83000 	C:\Program Files\Java\jre1.8.0_461\bin\nio.dll
0x00007ffaddcc0000 - 0x00007ffaddce7000 	D:\GradleHome\native\1def1411415f61bf3af743bc5b6707747c0891f09f0c88961ee8f79bc544acac\windows-amd64\native-platform.dll
0x00007ffad10f0000 - 0x00007ffad1168000 	D:\GradleHome\native\0.2.7\x86_64-windows-gnu\gradle-fileevents.dll
0x00007ffad0970000 - 0x00007ffad097d000 	C:\Program Files\Java\jre1.8.0_461\bin\management.dll
0x00007ffae4650000 - 0x00007ffae468d000 	C:\Windows\SYSTEM32\IPHLPAPI.DLL
0x00007ffae8d40000 - 0x00007ffae8d48000 	C:\Windows\System32\NSI.dll
0x00007ffadbc00000 - 0x00007ffadbc16000 	C:\Windows\SYSTEM32\dhcpcsvc6.DLL
0x00007ffadbb70000 - 0x00007ffadbb8c000 	C:\Windows\SYSTEM32\dhcpcsvc.DLL
0x00007ffae4690000 - 0x00007ffae4756000 	C:\Windows\SYSTEM32\DNSAPI.dll
0x00007ffae4480000 - 0x00007ffae44b3000 	C:\Windows\system32\rsaenh.dll
0x00007ffae5080000 - 0x00007ffae50a9000 	C:\Windows\SYSTEM32\USERENV.dll
0x00007ffae4b30000 - 0x00007ffae4b3c000 	C:\Windows\SYSTEM32\CRYPTBASE.dll
0x00007ffae38f0000 - 0x00007ffae3add000 	C:\Windows\SYSTEM32\dbghelp.dll

VM Arguments:
jvm_args: -XX:MaxMetaspaceSize=384m -XX:ReservedCodeCacheSize=96m -XX:+UseParallelGC -Xmx1G -Dfile.encoding=UTF-8 -Duser.country=CN -Duser.language=zh -Duser.variant -javaagent:D:\GradleHome\wrapper\dists\gradle-8.14.5-all\1iboiteofonv8taraljb5q1u0\gradle-8.14.5\lib\agents\gradle-instrumentation-agent-8.14.5.jar 
java_command: org.gradle.launcher.daemon.bootstrap.GradleDaemon 8.14.5
java_class_path (initial): D:\GradleHome\wrapper\dists\gradle-8.14.5-all\1iboiteofonv8taraljb5q1u0\gradle-8.14.5\lib\gradle-daemon-main-8.14.5.jar;D:\GradleHome\wrapper\dists\gradle-8.14.5-all\1iboiteofonv8taraljb5q1u0\gradle-8.14.5\lib\agents\gradle-instrumentation-agent-8.14.5.jar
Launcher Type: SUN_STANDARD

Environment Variables:
USERNAME=Administrator
OS=Windows_NT
PROCESSOR_IDENTIFIER=Intel64 Family 6 Model 106 Stepping 6, GenuineIntel



---------------  S Y S T E M  ---------------

OS: Windows 10 , 64 bit Build 17763 (10.0.17763.7009)

CPU:total 8 (initial active 8) (4 cores per cpu, 2 threads per core) family 6 model 106 stepping 6, cmov, cx8, fxsr, mmx, sse, sse2, sse3, ssse3, sse4.1, sse4.2, popcnt, avx, avx2, aes, clmul, erms, rtm, 3dnowpref, lzcnt, ht, tsc, bmi1, bmi2, adx

Memory: 4k page, physical 16776308k(2108688k free), swap 19764920k(72888k free)

vm_info: Java HotSpot(TM) 64-Bit Server VM (25.461-b11) for windows-amd64 JRE (1.8.0_461-b11), built on Jun 27 2025 10:22:42 by "java_re" with MS VC++ 17.6 (VS2022)

time: Fri Jun 19 16:18:40 2026
timezone: ÖĐąú±ę×ĽĘ±Ľä
elapsed time: 1.923822 seconds (0d 0h 0m 1s)

