#
# There is insufficient memory for the Java Runtime Environment to continue.
# Native memory allocation (malloc) failed to allocate 694096 bytes for Chunk::new
# Possible reasons:
#   The system is out of physical RAM or swap space
#   The process is running with CompressedOops enabled, and the Java Heap may be blocking the growth of the native heap
# Possible solutions:
#   Reduce memory load on the system
#   Increase physical memory or swap space
#   Check if swap backing store is full
#   Decrease Java heap size (-Xmx/-Xms)
#   Decrease number of Java threads
#   Decrease Java thread stack sizes (-Xss)
#   Set larger code cache with -XX:ReservedCodeCacheSize=
#   JVM is running with Unscaled Compressed Oops mode in which the Java heap is
#     placed in the first 4GB address space. The Java Heap base address is the
#     maximum limit for the native heap growth. Please use -XX:HeapBaseMinAddress
#     to set the Java Heap base and to place the Java Heap above 4GB virtual address.
# This output file may be truncated or incomplete.
#
#  Out of Memory Error (allocation.cpp:389), pid=5836, tid=0x0000000000002870
#
# JRE version: Java(TM) SE Runtime Environment (8.0_461) (build 1.8.0_461-b11)
# Java VM: Java HotSpot(TM) 64-Bit Server VM (25.461-b11 mixed mode windows-amd64 compressed oops)
# Failed to write core dump. Minidumps are not enabled by default on client versions of Windows
#

---------------  T H R E A D  ---------------

Current thread (0x0000027355881800):  JavaThread "C2 CompilerThread1" daemon [_thread_in_native, id=10352, stack(0x0000008f39500000,0x0000008f39600000)]

Stack: [0x0000008f39500000,0x0000008f39600000]
Native frames: (J=compiled Java code, j=interpreted, Vv=VM code, C=native code)
V  [jvm.dll+0x34c1c9]
V  [jvm.dll+0x289572]
V  [jvm.dll+0x28a140]
V  [jvm.dll+0x27e165]
V  [jvm.dll+0xd9fcc]
V  [jvm.dll+0xda95c]
V  [jvm.dll+0x4958fd]
V  [jvm.dll+0x458dbb]
V  [jvm.dll+0x46219f]
V  [jvm.dll+0x461592]
V  [jvm.dll+0x44b23c]
V  [jvm.dll+0xaf445]
V  [jvm.dll+0xadb5f]
V  [jvm.dll+0x24ea19]
V  [jvm.dll+0x2a60dc]
C  [ucrtbase.dll+0x2268a]
C  [KERNEL32.DLL+0x17ac4]
C  [ntdll.dll+0x5a8c1]


Current CompileTask:
C2:  10138 7209       4       java.io.ObjectOutputStream::writeClassDesc (60 bytes)


---------------  P R O C E S S  ---------------

Java Threads: ( => current thread )
  0x0000027357cef800 JavaThread "build event listener" [_thread_blocked, id=16848, stack(0x0000008f3bd00000,0x0000008f3be00000)]
  0x0000027357cef000 JavaThread "Memory manager" [_thread_blocked, id=2764, stack(0x0000008f3bc00000,0x0000008f3bd00000)]
  0x0000027357cee000 JavaThread "Unconstrained build operations Thread 3" [_thread_blocked, id=15948, stack(0x0000008f3bb00000,0x0000008f3bc00000)]
  0x0000027357ced800 JavaThread "Unconstrained build operations Thread 2" [_thread_blocked, id=15772, stack(0x0000008f3ba00000,0x0000008f3bb00000)]
  0x0000027357cec800 JavaThread "Unconstrained build operations" [_thread_blocked, id=8336, stack(0x0000008f3b900000,0x0000008f3ba00000)]
  0x0000027357cf0800 JavaThread "Cache worker for Build Output Cleanup Cache (D:\flutter_windows_3.41.7-stable\flutter\packages\flutter_tools\gradle\.gradle\buildOutputCleanup)" [_thread_blocked, id=8552, stack(0x0000008f3b800000,0x0000008f3b900000)]
  0x0000027357ce4800 JavaThread "Cache worker for cache directory md-rule (D:\GradleHome\caches\8.14.5\md-rule)" [_thread_blocked, id=2816, stack(0x0000008f3b700000,0x0000008f3b800000)]
  0x0000027357ce6000 JavaThread "Cache worker for cache directory md-supplier (D:\GradleHome\caches\8.14.5\md-supplier)" [_thread_blocked, id=15924, stack(0x0000008f3b600000,0x0000008f3b700000)]
  0x0000027357ceb000 JavaThread "jar transforms Thread 8" [_thread_blocked, id=3560, stack(0x0000008f3b500000,0x0000008f3b600000)]
  0x0000027357cea800 JavaThread "jar transforms Thread 7" [_thread_blocked, id=15788, stack(0x0000008f3b400000,0x0000008f3b500000)]
  0x0000027357ce9800 JavaThread "jar transforms Thread 6" [_thread_blocked, id=13856, stack(0x0000008f3b300000,0x0000008f3b400000)]
  0x0000027357ce3000 JavaThread "Cache worker for file content cache (D:\GradleHome\caches\8.14.5\fileContent)" [_thread_blocked, id=15232, stack(0x0000008f3b200000,0x0000008f3b300000)]
  0x0000027357ce9000 JavaThread "Cache worker for checksums cache (D:\OpenClaw\.openclaw\workspace\mr\android\.gradle\8.14.5\checksums)" [_thread_blocked, id=15176, stack(0x0000008f3b100000,0x0000008f3b200000)]
  0x0000027357ce6800 JavaThread "jar transforms Thread 5" [_thread_blocked, id=2556, stack(0x0000008f3b000000,0x0000008f3b100000)]
  0x0000027357ce8000 JavaThread "jar transforms Thread 4" [_thread_blocked, id=5692, stack(0x0000008f3af00000,0x0000008f3b000000)]
  0x0000027357ce7800 JavaThread "jar transforms Thread 3" [_thread_blocked, id=3328, stack(0x0000008f3ae00000,0x0000008f3af00000)]
  0x0000027357ce2000 JavaThread "jar transforms Thread 2" [_thread_blocked, id=13468, stack(0x0000008f3ad00000,0x0000008f3ae00000)]
  0x0000027357ce5000 JavaThread "jar transforms" [_thread_blocked, id=10896, stack(0x0000008f3ac00000,0x0000008f3ad00000)]
  0x0000027357735800 JavaThread "File watcher consumer" daemon [_thread_blocked, id=4848, stack(0x0000008f3ab00000,0x0000008f3ac00000)]
  0x0000027357734800 JavaThread "File watcher server" daemon [_thread_in_native, id=12152, stack(0x0000008f3aa00000,0x0000008f3ab00000)]
  0x0000027357733000 JavaThread "Cache worker for Build Output Cleanup Cache (D:\OpenClaw\.openclaw\workspace\mr\android\.gradle\buildOutputCleanup)" [_thread_blocked, id=1036, stack(0x0000008f3a900000,0x0000008f3aa00000)]
  0x0000027357732800 JavaThread "Cache worker for file hash cache (D:\OpenClaw\.openclaw\workspace\mr\android\.gradle\8.14.5\fileHashes)" [_thread_blocked, id=13428, stack(0x0000008f3a800000,0x0000008f3a900000)]
  0x0000027357737000 JavaThread "Problems report writer" [_thread_blocked, id=12428, stack(0x0000008f3a700000,0x0000008f3a800000)]
  0x0000027357736000 JavaThread "Cache worker for file hash cache (D:\GradleHome\caches\8.14.5\fileHashes)" [_thread_blocked, id=15112, stack(0x0000008f3a600000,0x0000008f3a700000)]
  0x0000027357737800 JavaThread "File lock request listener" [_thread_in_native, id=12092, stack(0x0000008f3a500000,0x0000008f3a600000)]
  0x0000027357734000 JavaThread "Cache worker for journal cache (D:\GradleHome\caches\journal-1)" [_thread_blocked, id=16576, stack(0x0000008f3a400000,0x0000008f3a500000)]
  0x0000027357731800 JavaThread "Daemon client event forwarder" [_thread_in_native, id=4272, stack(0x0000008f3a300000,0x0000008f3a400000)]
  0x000002735770a800 JavaThread "Stdin handler" [_thread_blocked, id=4900, stack(0x0000008f3a200000,0x0000008f3a300000)]
  0x0000027357693800 JavaThread "Asynchronous log dispatcher for DefaultDaemonConnection: socket connection from /127.0.0.1:56351 to /127.0.0.1:56352" [_thread_blocked, id=8084, stack(0x0000008f3a100000,0x0000008f3a200000)]
  0x0000027357896800 JavaThread "Daemon worker" [_thread_in_native, id=152, stack(0x0000008f3a000000,0x0000008f3a100000)]
  0x0000027357726800 JavaThread "Cancel handler" [_thread_blocked, id=16340, stack(0x0000008f39f00000,0x0000008f3a000000)]
  0x0000027357682800 JavaThread "Handler for socket connection from /127.0.0.1:56351 to /127.0.0.1:56352" [_thread_in_native, id=11748, stack(0x0000008f39e00000,0x0000008f39f00000)]
  0x0000027357656800 JavaThread "Daemon" [_thread_blocked, id=15644, stack(0x0000008f39d00000,0x0000008f39e00000)]
  0x0000027355edf000 JavaThread "Daemon periodic checks" [_thread_blocked, id=8944, stack(0x0000008f39c00000,0x0000008f39d00000)]
  0x000002735616b000 JavaThread "Incoming local TCP Connector on port 56351" [_thread_in_native, id=236, stack(0x0000008f39b00000,0x0000008f39c00000)]
  0x0000027355ee9000 JavaThread "Daemon health stats" [_thread_blocked, id=10844, stack(0x0000008f39a00000,0x0000008f39b00000)]
  0x0000027355923000 JavaThread "Service Thread" daemon [_thread_blocked, id=16372, stack(0x0000008f39800000,0x0000008f39900000)]
  0x0000027355886000 JavaThread "C1 CompilerThread3" daemon [_thread_blocked, id=4124, stack(0x0000008f39700000,0x0000008f39800000)]
  0x0000027355882800 JavaThread "C2 CompilerThread2" daemon [_thread_in_native, id=3900, stack(0x0000008f39600000,0x0000008f39700000)]
=>0x0000027355881800 JavaThread "C2 CompilerThread1" daemon [_thread_in_native, id=10352, stack(0x0000008f39500000,0x0000008f39600000)]
  0x0000027355852000 JavaThread "C2 CompilerThread0" daemon [_thread_in_native, id=15276, stack(0x0000008f39400000,0x0000008f39500000)]
  0x0000027353b23000 JavaThread "Attach Listener" daemon [_thread_blocked, id=7552, stack(0x0000008f39300000,0x0000008f39400000)]
  0x0000027353b22800 JavaThread "Signal Dispatcher" daemon [_thread_blocked, id=16972, stack(0x0000008f39200000,0x0000008f39300000)]
  0x0000027353aa3800 JavaThread "Finalizer" daemon [_thread_blocked, id=2576, stack(0x0000008f39100000,0x0000008f39200000)]
  0x0000027353a7b800 JavaThread "Reference Handler" daemon [_thread_blocked, id=788, stack(0x0000008f39000000,0x0000008f39100000)]
  0x0000027348ec3800 JavaThread "main" [_thread_blocked, id=4592, stack(0x0000008f38600000,0x0000008f38700000)]

Other Threads:
  0x0000027353a71000 VMThread [stack: 0x0000008f38f00000,0x0000008f39000000] [id=11512]
  0x0000027355926000 WatcherThread [stack: 0x0000008f39900000,0x0000008f39a00000] [id=17256]

VM state:not at safepoint (normal execution)

VM Mutex/Monitor currently owned by a thread: None

heap address: 0x00000000c0000000, size: 1024 MB, Compressed Oops mode: 32-bit
Narrow klass base: 0x0000000000000000, Narrow klass shift: 3
Compressed class space size: 394264576 Address: 0x0000000100000000

Heap:
 PSYoungGen      total 325120K, used 74082K [0x00000000eab00000, 0x0000000100000000, 0x0000000100000000)
  eden space 301056K, 16% used [0x00000000eab00000,0x00000000edbd98b8,0x00000000fd100000)
  from space 24064K, 99% used [0x00000000fd100000,0x00000000fe87f2d0,0x00000000fe880000)
  to   space 24064K, 0% used [0x00000000fe880000,0x00000000fe880000,0x0000000100000000)
 ParOldGen       total 252416K, used 37694K [0x00000000c0000000, 0x00000000cf680000, 0x00000000eab00000)
  object space 252416K, 14% used [0x00000000c0000000,0x00000000c24cf818,0x00000000cf680000)
 Metaspace       used 70033K, capacity 76184K, committed 76416K, reserved 450560K
  class space    used 10136K, capacity 11118K, committed 11136K, reserved 385024K

Card table byte_map: [0x0000027350ad0000,0x0000027350ce0000] byte_map_base: 0x00000273504d0000

Marking Bits: (ParMarkBitMap*) 0x00007ffa84c0a3e0
 Begin Bits: [0x0000027350e40000, 0x0000027351e40000)
 End Bits:   [0x0000027351e40000, 0x0000027352e40000)

Polling page: 0x00000273490f0000

CodeCache: size=98304Kb used=20500Kb max_used=21114Kb free=77803Kb
 bounds [0x000002734a950000, 0x000002734be10000, 0x0000027350950000]
 total_blobs=7123 nmethods=6269 adapters=766
 compilation: enabled

Compilation events (10 events):
Event: 10.102 Thread 0x0000027355886000 7240       3       org.gradle.api.internal.provider.DefaultProperty::set (42 bytes)
Event: 10.103 Thread 0x0000027355886000 nmethod 7240 0x000002734ac31010 code [0x000002734ac31240, 0x000002734ac31fb0]
Event: 10.104 Thread 0x0000027355886000 7241       3       org.gradle.api.internal.provider.AbstractMinimalProvider::getOrNull (13 bytes)
Event: 10.104 Thread 0x0000027355886000 nmethod 7241 0x000002734ac045d0 code [0x000002734ac04740, 0x000002734ac04a20]
Event: 10.109 Thread 0x0000027355886000 7242       1       org.gradle.internal.instantiation.generator.AbstractClassGenerator$ClassGenerationHandler::startType (1 bytes)
Event: 10.109 Thread 0x0000027355886000 nmethod 7242 0x000002734b17a510 code [0x000002734b17a660, 0x000002734b17a778]
Event: 10.111 Thread 0x0000027355886000 7243       3       org.gradle.api.internal.provider.TransformBackedProvider::<init> (20 bytes)
Event: 10.112 Thread 0x0000027355886000 nmethod 7243 0x000002734ab78010 code [0x000002734ab78180, 0x000002734ab783d8]
Event: 10.112 Thread 0x0000027355886000 7244       3       org.gradle.internal.instantiation.generator.AbstractClassGenerator$$Lambda$54/0x000000010022d828::apply (12 bytes)
Event: 10.113 Thread 0x0000027355886000 nmethod 7244 0x000002734b6ad750 code [0x000002734b6ad8c0, 0x000002734b6adb50]

GC Heap History (10 events):
Event: 4.913 GC heap before
{Heap before GC invocations=10 (full 2):
 PSYoungGen      total 270848K, used 257536K [0x00000000eab00000, 0x00000000ff680000, 0x0000000100000000)
  eden space 257536K, 100% used [0x00000000eab00000,0x00000000fa680000,0x00000000fa680000)
  from space 13312K, 0% used [0x00000000fa680000,0x00000000fa680000,0x00000000fb380000)
  to   space 15872K, 0% used [0x00000000fe700000,0x00000000fe700000,0x00000000ff680000)
 ParOldGen       total 178688K, used 21882K [0x00000000c0000000, 0x00000000cae80000, 0x00000000eab00000)
  object space 178688K, 12% used [0x00000000c0000000,0x00000000c155eb70,0x00000000cae80000)
 Metaspace       used 43997K, capacity 46724K, committed 46976K, reserved 425984K
  class space    used 6164K, capacity 6707K, committed 6784K, reserved 385024K
Event: 4.924 GC heap after
Heap after GC invocations=10 (full 2):
 PSYoungGen      total 322048K, used 14802K [0x00000000eab00000, 0x0000000100000000, 0x0000000100000000)
  eden space 306176K, 0% used [0x00000000eab00000,0x00000000eab00000,0x00000000fd600000)
  from space 15872K, 93% used [0x00000000fe700000,0x00000000ff5749a0,0x00000000ff680000)
  to   space 17408K, 0% used [0x00000000fd600000,0x00000000fd600000,0x00000000fe700000)
 ParOldGen       total 178688K, used 21890K [0x00000000c0000000, 0x00000000cae80000, 0x00000000eab00000)
  object space 178688K, 12% used [0x00000000c0000000,0x00000000c1560b70,0x00000000cae80000)
 Metaspace       used 43997K, capacity 46724K, committed 46976K, reserved 425984K
  class space    used 6164K, capacity 6707K, committed 6784K, reserved 385024K
}
Event: 6.320 GC heap before
{Heap before GC invocations=11 (full 2):
 PSYoungGen      total 322048K, used 320978K [0x00000000eab00000, 0x0000000100000000, 0x0000000100000000)
  eden space 306176K, 100% used [0x00000000eab00000,0x00000000fd600000,0x00000000fd600000)
  from space 15872K, 93% used [0x00000000fe700000,0x00000000ff5749a0,0x00000000ff680000)
  to   space 17408K, 0% used [0x00000000fd600000,0x00000000fd600000,0x00000000fe700000)
 ParOldGen       total 178688K, used 21890K [0x00000000c0000000, 0x00000000cae80000, 0x00000000eab00000)
  object space 178688K, 12% used [0x00000000c0000000,0x00000000c1560b70,0x00000000cae80000)
 Metaspace       used 52786K, capacity 56894K, committed 56960K, reserved 434176K
  class space    used 7597K, capacity 8303K, committed 8320K, reserved 385024K
Event: 6.333 GC heap after
Heap after GC invocations=11 (full 2):
 PSYoungGen      total 323584K, used 17380K [0x00000000eab00000, 0x0000000100000000, 0x0000000100000000)
  eden space 306176K, 0% used [0x00000000eab00000,0x00000000eab00000,0x00000000fd600000)
  from space 17408K, 99% used [0x00000000fd600000,0x00000000fe6f91b0,0x00000000fe700000)
  to   space 22016K, 0% used [0x00000000fea80000,0x00000000fea80000,0x0000000100000000)
 ParOldGen       total 178688K, used 27677K [0x00000000c0000000, 0x00000000cae80000, 0x00000000eab00000)
  object space 178688K, 15% used [0x00000000c0000000,0x00000000c1b07490,0x00000000cae80000)
 Metaspace       used 52786K, capacity 56894K, committed 56960K, reserved 434176K
  class space    used 7597K, capacity 8303K, committed 8320K, reserved 385024K
}
Event: 6.798 GC heap before
{Heap before GC invocations=12 (full 2):
 PSYoungGen      total 323584K, used 82340K [0x00000000eab00000, 0x0000000100000000, 0x0000000100000000)
  eden space 306176K, 21% used [0x00000000eab00000,0x00000000eea6fe98,0x00000000fd600000)
  from space 17408K, 99% used [0x00000000fd600000,0x00000000fe6f91b0,0x00000000fe700000)
  to   space 22016K, 0% used [0x00000000fea80000,0x00000000fea80000,0x0000000100000000)
 ParOldGen       total 178688K, used 27677K [0x00000000c0000000, 0x00000000cae80000, 0x00000000eab00000)
  object space 178688K, 15% used [0x00000000c0000000,0x00000000c1b07490,0x00000000cae80000)
 Metaspace       used 54475K, capacity 59038K, committed 59160K, reserved 436224K
  class space    used 7839K, capacity 8599K, committed 8704K, reserved 385024K
Event: 6.812 GC heap after
Heap after GC invocations=12 (full 2):
 PSYoungGen      total 323072K, used 19007K [0x00000000eab00000, 0x0000000100000000, 0x0000000100000000)
  eden space 301056K, 0% used [0x00000000eab00000,0x00000000eab00000,0x00000000fd100000)
  from space 22016K, 86% used [0x00000000fea80000,0x00000000ffd0ffd8,0x0000000100000000)
  to   space 24064K, 0% used [0x00000000fd100000,0x00000000fd100000,0x00000000fe880000)
 ParOldGen       total 178688K, used 27685K [0x00000000c0000000, 0x00000000cae80000, 0x00000000eab00000)
  object space 178688K, 15% used [0x00000000c0000000,0x00000000c1b09490,0x00000000cae80000)
 Metaspace       used 54475K, capacity 59038K, committed 59160K, reserved 436224K
  class space    used 7839K, capacity 8599K, committed 8704K, reserved 385024K
}
Event: 6.812 GC heap before
{Heap before GC invocations=13 (full 3):
 PSYoungGen      total 323072K, used 19007K [0x00000000eab00000, 0x0000000100000000, 0x0000000100000000)
  eden space 301056K, 0% used [0x00000000eab00000,0x00000000eab00000,0x00000000fd100000)
  from space 22016K, 86% used [0x00000000fea80000,0x00000000ffd0ffd8,0x0000000100000000)
  to   space 24064K, 0% used [0x00000000fd100000,0x00000000fd100000,0x00000000fe880000)
 ParOldGen       total 178688K, used 27685K [0x00000000c0000000, 0x00000000cae80000, 0x00000000eab00000)
  object space 178688K, 15% used [0x00000000c0000000,0x00000000c1b09490,0x00000000cae80000)
 Metaspace       used 54475K, capacity 59038K, committed 59160K, reserved 436224K
  class space    used 7839K, capacity 8599K, committed 8704K, reserved 385024K
Event: 6.931 GC heap after
Heap after GC invocations=13 (full 3):
 PSYoungGen      total 323072K, used 0K [0x00000000eab00000, 0x0000000100000000, 0x0000000100000000)
  eden space 301056K, 0% used [0x00000000eab00000,0x00000000eab00000,0x00000000fd100000)
  from space 22016K, 0% used [0x00000000fea80000,0x00000000fea80000,0x0000000100000000)
  to   space 24064K, 0% used [0x00000000fd100000,0x00000000fd100000,0x00000000fe880000)
 ParOldGen       total 252416K, used 33803K [0x00000000c0000000, 0x00000000cf680000, 0x00000000eab00000)
  object space 252416K, 13% used [0x00000000c0000000,0x00000000c2102e70,0x00000000cf680000)
 Metaspace       used 54472K, capacity 59026K, committed 59160K, reserved 436224K
  class space    used 7838K, capacity 8597K, committed 8704K, reserved 385024K
}
Event: 9.543 GC heap before
{Heap before GC invocations=14 (full 3):
 PSYoungGen      total 323072K, used 301056K [0x00000000eab00000, 0x0000000100000000, 0x0000000100000000)
  eden space 301056K, 100% used [0x00000000eab00000,0x00000000fd100000,0x00000000fd100000)
  from space 22016K, 0% used [0x00000000fea80000,0x00000000fea80000,0x0000000100000000)
  to   space 24064K, 0% used [0x00000000fd100000,0x00000000fd100000,0x00000000fe880000)
 ParOldGen       total 252416K, used 33803K [0x00000000c0000000, 0x00000000cf680000, 0x00000000eab00000)
  object space 252416K, 13% used [0x00000000c0000000,0x00000000c2102e70,0x00000000cf680000)
 Metaspace       used 68196K, capacity 73990K, committed 74112K, reserved 448512K
  class space    used 9870K, capacity 10811K, committed 10880K, reserved 385024K
Event: 9.560 GC heap after
Heap after GC invocations=14 (full 3):
 PSYoungGen      total 325120K, used 24060K [0x00000000eab00000, 0x0000000100000000, 0x0000000100000000)
  eden space 301056K, 0% used [0x00000000eab00000,0x00000000eab00000,0x00000000fd100000)
  from space 24064K, 99% used [0x00000000fd100000,0x00000000fe87f2d0,0x00000000fe880000)
  to   space 24064K, 0% used [0x00000000fe880000,0x00000000fe880000,0x0000000100000000)
 ParOldGen       total 252416K, used 37694K [0x00000000c0000000, 0x00000000cf680000, 0x00000000eab00000)
  object space 252416K, 14% used [0x00000000c0000000,0x00000000c24cf818,0x00000000cf680000)
 Metaspace       used 68196K, capacity 73990K, committed 74112K, reserved 448512K
  class space    used 9870K, capacity 10811K, committed 10880K, reserved 385024K
}

Deoptimization events (10 events):
Event: 9.407 Thread 0x0000027357896800 Uncommon trap: reason=bimorphic action=maybe_recompile pc=0x000002734b0003fc method=com.google.common.collect.AbstractIndexedListIterator.next()Ljava/lang/Object; @ 27
Event: 9.407 Thread 0x0000027357896800 Uncommon trap: reason=bimorphic action=maybe_recompile pc=0x000002734b0003fc method=com.google.common.collect.AbstractIndexedListIterator.next()Ljava/lang/Object; @ 27
Event: 9.821 Thread 0x0000027357896800 Uncommon trap: reason=class_check action=maybe_recompile pc=0x000002734b5b4b18 method=java.net.URLClassLoader.defineClass(Ljava/lang/String;Lsun/misc/Resource;)Ljava/lang/Class; @ 34
Event: 9.901 Thread 0x0000027357896800 Uncommon trap: reason=bimorphic action=maybe_recompile pc=0x000002734b0003fc method=com.google.common.collect.AbstractIndexedListIterator.next()Ljava/lang/Object; @ 27
Event: 9.952 Thread 0x0000027357896800 Uncommon trap: reason=null_check action=make_not_entrant pc=0x000002734bd2f600 method=org.gradle.internal.instantiation.generator.AbstractClassGenerator$PropertyMetadata.addGetter(Lorg/gradle/internal/instantiation/generator/AbstractClassGenerator$MethodM
Event: 10.015 Thread 0x0000027357896800 Uncommon trap: reason=unstable_if action=reinterpret pc=0x000002734bbadb08 method=sun.reflect.annotation.AnnotationInvocationHandler.invoke(Ljava/lang/Object;Ljava/lang/reflect/Method;[Ljava/lang/Object;)Ljava/lang/Object; @ 19
Event: 10.054 Thread 0x0000027357896800 Uncommon trap: reason=class_check action=maybe_recompile pc=0x000002734b5b4b18 method=java.net.URLClassLoader.defineClass(Ljava/lang/String;Lsun/misc/Resource;)Ljava/lang/Class; @ 34
Event: 10.057 Thread 0x0000027357896800 Uncommon trap: reason=class_check action=maybe_recompile pc=0x000002734b5b4b18 method=java.net.URLClassLoader.defineClass(Ljava/lang/String;Lsun/misc/Resource;)Ljava/lang/Class; @ 34
Event: 10.061 Thread 0x0000027357896800 Uncommon trap: reason=class_check action=maybe_recompile pc=0x000002734b5b4b18 method=java.net.URLClassLoader.defineClass(Ljava/lang/String;Lsun/misc/Resource;)Ljava/lang/Class; @ 34
Event: 10.075 Thread 0x0000027357896800 Uncommon trap: reason=unstable_if action=reinterpret pc=0x000002734ae37378 method=java.util.WeakHashMap.expungeStaleEntries()V @ 66

Classes redefined (0 events):
No events

Internal exceptions (10 events):
Event: 9.153 Thread 0x0000027357896800 Exception <a 'java/lang/ClassNotFoundException': org/jetbrains/kotlin/gradle/targets/js/npm/DefaultPeerNpmDependencyExtension$delegate$1BeanInfo> (0x00000000f9319668) thrown at [C:\jenkins\workspace\8-2-build-windows-x64-cygwin-sans-NAS\jdk8u461\2086\hots
Event: 9.153 Thread 0x0000027357896800 Exception <a 'java/lang/ClassNotFoundException': org/jetbrains/kotlin/gradle/targets/js/npm/DefaultPeerNpmDependencyExtension$delegate$1Customizer> (0x00000000f932f038) thrown at [C:\jenkins\workspace\8-2-build-windows-x64-cygwin-sans-NAS\jdk8u461\2086\ho
Event: 9.336 Thread 0x0000027357896800 Exception <a 'java/lang/NoSuchMethodError': java.lang.Object.lambda$thenComparing$36697e65$1(Ljava/util/Comparator;Ljava/lang/Object;Ljava/lang/Object;)I> (0x00000000fb024a18) thrown at [C:\jenkins\workspace\8-2-build-windows-x64-cygwin-sans-NAS\jdk8u461\
Event: 9.952 Thread 0x0000027357896800 Implicit null exception at 0x000002734bd2a8f1 to 0x000002734bd2f555
Event: 10.074 Thread 0x0000027357896800 Exception <a 'java/lang/ClassNotFoundException': java/util/ArraysBeanInfo> (0x00000000ed284f68) thrown at [C:\jenkins\workspace\8-2-build-windows-x64-cygwin-sans-NAS\jdk8u461\2086\hotspot\src\share\vm\classfile\systemDictionary.cpp, line 213]
Event: 10.074 Thread 0x0000027357896800 Exception <a 'java/lang/ClassNotFoundException': java/util/ArraysCustomizer> (0x00000000ed28d718) thrown at [C:\jenkins\workspace\8-2-build-windows-x64-cygwin-sans-NAS\jdk8u461\2086\hotspot\src\share\vm\classfile\systemDictionary.cpp, line 213]
Event: 10.078 Thread 0x0000027357896800 Exception <a 'java/lang/ClassNotFoundException': ProtobufPatchPluginBeanInfo> (0x00000000ed32e808) thrown at [C:\jenkins\workspace\8-2-build-windows-x64-cygwin-sans-NAS\jdk8u461\2086\hotspot\src\share\vm\classfile\systemDictionary.cpp, line 213]
Event: 10.078 Thread 0x0000027357896800 Exception <a 'java/lang/ClassNotFoundException': ProtobufPatchPluginCustomizer> (0x00000000ed33a6b8) thrown at [C:\jenkins\workspace\8-2-build-windows-x64-cygwin-sans-NAS\jdk8u461\2086\hotspot\src\share\vm\classfile\systemDictionary.cpp, line 213]
Event: 10.083 Thread 0x0000027357896800 Exception <a 'java/lang/ClassNotFoundException': groovy/lang/ReferenceBeanInfo> (0x00000000ed3f2b40) thrown at [C:\jenkins\workspace\8-2-build-windows-x64-cygwin-sans-NAS\jdk8u461\2086\hotspot\src\share\vm\classfile\systemDictionary.cpp, line 213]
Event: 10.084 Thread 0x0000027357896800 Exception <a 'java/lang/ClassNotFoundException': groovy/lang/ReferenceCustomizer> (0x00000000ed4488d8) thrown at [C:\jenkins\workspace\8-2-build-windows-x64-cygwin-sans-NAS\jdk8u461\2086\hotspot\src\share\vm\classfile\systemDictionary.cpp, line 213]

Events (10 events):
Event: 10.112 Thread 0x0000027355886000 flushing nmethod 0x000002734b942b10
Event: 10.112 loading class org/gradle/api/internal/tasks/DefaultTaskCollection$ExistingTaskProvider
Event: 10.112 loading class org/gradle/api/internal/tasks/DefaultTaskCollection$ExistingTaskProvider done
Event: 10.112 Thread 0x0000027355886000 flushing nmethod 0x000002734b9b5310
Event: 10.112 Thread 0x0000027355886000 flushing nmethod 0x000002734b9fe450
Event: 10.112 Thread 0x0000027355886000 flushing nmethod 0x000002734ba1acd0
Event: 10.112 Thread 0x0000027355886000 flushing nmethod 0x000002734ba6f990
Event: 10.112 Thread 0x0000027355886000 flushing nmethod 0x000002734baad210
Event: 10.113 Thread 0x0000027355886000 flushing nmethod 0x000002734baf4710
Event: 10.113 Thread 0x0000027355886000 flushing nmethod 0x000002734bb1df10


Dynamic libraries:
0x00007ff641920000 - 0x00007ff64196f000 	C:\Program Files\Java\jre1.8.0_461\bin\java.exe
0x00007ffae9200000 - 0x00007ffae93ee000 	C:\Windows\SYSTEM32\ntdll.dll
0x00007ffae8a10000 - 0x00007ffae8ac3000 	C:\Windows\System32\KERNEL32.DLL
0x00007ffae6180000 - 0x00007ffae641e000 	C:\Windows\System32\KERNELBASE.dll
0x00007ffae8e40000 - 0x00007ffae8ee9000 	C:\Windows\System32\ADVAPI32.dll
0x00007ffae8ca0000 - 0x00007ffae8d3e000 	C:\Windows\System32\msvcrt.dll
0x00007ffae90b0000 - 0x00007ffae9152000 	C:\Windows\System32\sechost.dll
0x00007ffae8520000 - 0x00007ffae863b000 	C:\Windows\System32\RPCRT4.dll
0x00007ffae52a0000 - 0x00007ffae52c6000 	C:\Windows\System32\bcrypt.dll
0x00007ffae8ad0000 - 0x00007ffae8c67000 	C:\Windows\System32\USER32.dll
0x00007ffae5880000 - 0x00007ffae58a0000 	C:\Windows\System32\win32u.dll
0x00007ffae8490000 - 0x00007ffae84b9000 	C:\Windows\System32\GDI32.dll
0x00007ffae55b0000 - 0x00007ffae575c000 	C:\Windows\System32\gdi32full.dll
0x00007ffae52f0000 - 0x00007ffae5390000 	C:\Windows\System32\msvcp_win.dll
0x00007ffae58a0000 - 0x00007ffae599a000 	C:\Windows\System32\ucrtbase.dll
0x00007ffad6420000 - 0x00007ffad6699000 	C:\Windows\WinSxS\amd64_microsoft.windows.common-controls_6595b64144ccf1df_6.0.17763.7792_none_de76c1ec534645e5\COMCTL32.dll
0x00007ffae6b30000 - 0x00007ffae6e5a000 	C:\Windows\System32\combase.dll
0x00007ffae59a0000 - 0x00007ffae5a22000 	C:\Windows\System32\bcryptPrimitives.dll
0x00007ffae8c70000 - 0x00007ffae8c9e000 	C:\Windows\System32\IMM32.DLL
0x00007ffacff60000 - 0x00007ffacff7b000 	C:\Program Files\Java\jre1.8.0_461\bin\vcruntime140.dll
0x00007ffad8260000 - 0x00007ffad826c000 	C:\Program Files\Java\jre1.8.0_461\bin\vcruntime140_1.dll
0x00007ffacfcf0000 - 0x00007ffacfd7e000 	C:\Program Files\Java\jre1.8.0_461\bin\msvcp140.dll
0x00007ffa84430000 - 0x00007ffa84cda000 	C:\Program Files\Java\jre1.8.0_461\bin\server\jvm.dll
0x00007ffae8d50000 - 0x00007ffae8d58000 	C:\Windows\System32\PSAPI.DLL
0x00007ffaa9370000 - 0x00007ffaa9379000 	C:\Windows\SYSTEM32\WSOCK32.dll
0x00007ffae0b00000 - 0x00007ffae0b0a000 	C:\Windows\SYSTEM32\VERSION.dll
0x00007ffae2160000 - 0x00007ffae2184000 	C:\Windows\SYSTEM32\WINMM.dll
0x00007ffae9160000 - 0x00007ffae91cd000 	C:\Windows\System32\WS2_32.dll
0x00007ffae2010000 - 0x00007ffae203d000 	C:\Windows\SYSTEM32\winmmbase.dll
0x00007ffae5250000 - 0x00007ffae529a000 	C:\Windows\System32\cfgmgr32.dll
0x00007ffae51b0000 - 0x00007ffae51c1000 	C:\Windows\System32\kernel.appcore.dll
0x00007ffad0b20000 - 0x00007ffad0b30000 	C:\Program Files\Java\jre1.8.0_461\bin\verify.dll
0x00007fface960000 - 0x00007fface98b000 	C:\Program Files\Java\jre1.8.0_461\bin\java.dll
0x00007ffaabff0000 - 0x00007ffaac027000 	C:\Program Files\Java\jre1.8.0_461\bin\instrument.dll
0x00007ffacff40000 - 0x00007ffacff58000 	C:\Program Files\Java\jre1.8.0_461\bin\zip.dll
0x00007ffae6f90000 - 0x00007ffae8488000 	C:\Windows\System32\SHELL32.dll
0x00007ffae6a80000 - 0x00007ffae6b27000 	C:\Windows\System32\shcore.dll
0x00007ffae5a30000 - 0x00007ffae6178000 	C:\Windows\System32\windows.storage.dll
0x00007ffae5180000 - 0x00007ffae51a3000 	C:\Windows\System32\profapi.dll
0x00007ffae51f0000 - 0x00007ffae524d000 	C:\Windows\System32\powrprof.dll
0x00007ffae84c0000 - 0x00007ffae8517000 	C:\Windows\System32\shlwapi.dll
0x00007ffae52d0000 - 0x00007ffae52eb000 	C:\Windows\System32\cryptsp.dll
0x00007ffacfc70000 - 0x00007ffacfc8c000 	C:\Program Files\Java\jre1.8.0_461\bin\net.dll
0x00007ffae4960000 - 0x00007ffae49c7000 	C:\Windows\system32\mswsock.dll
0x00007ffacec70000 - 0x00007ffacec83000 	C:\Program Files\Java\jre1.8.0_461\bin\nio.dll
0x00007ffaddcc0000 - 0x00007ffaddce7000 	D:\GradleHome\native\1def1411415f61bf3af743bc5b6707747c0891f09f0c88961ee8f79bc544acac\windows-amd64\native-platform.dll
0x00007ffad10f0000 - 0x00007ffad1168000 	D:\GradleHome\native\0.2.7\x86_64-windows-gnu\gradle-fileevents.dll
0x00007ffad0970000 - 0x00007ffad097d000 	C:\Program Files\Java\jre1.8.0_461\bin\management.dll
0x00007ffae4650000 - 0x00007ffae468d000 	C:\Windows\SYSTEM32\IPHLPAPI.DLL
0x00007ffae8d40000 - 0x00007ffae8d48000 	C:\Windows\System32\NSI.dll
0x00007ffadbc00000 - 0x00007ffadbc16000 	C:\Windows\SYSTEM32\dhcpcsvc6.DLL
0x00007ffadbb70000 - 0x00007ffadbb8c000 	C:\Windows\SYSTEM32\dhcpcsvc.DLL
0x00007ffae4690000 - 0x00007ffae4756000 	C:\Windows\SYSTEM32\DNSAPI.dll
0x00007ffae4480000 - 0x00007ffae44b3000 	C:\Windows\system32\rsaenh.dll
0x00007ffae5080000 - 0x00007ffae50a9000 	C:\Windows\SYSTEM32\USERENV.dll
0x00007ffae4b30000 - 0x00007ffae4b3c000 	C:\Windows\SYSTEM32\CRYPTBASE.dll
0x00007ffae38f0000 - 0x00007ffae3add000 	C:\Windows\SYSTEM32\dbghelp.dll

VM Arguments:
jvm_args: -XX:MaxMetaspaceSize=384m -XX:ReservedCodeCacheSize=96m -XX:+UseParallelGC -Xmx1G -Dfile.encoding=UTF-8 -Duser.country=CN -Duser.language=zh -Duser.variant -javaagent:D:\GradleHome\wrapper\dists\gradle-8.14.5-all\1iboiteofonv8taraljb5q1u0\gradle-8.14.5\lib\agents\gradle-instrumentation-agent-8.14.5.jar 
java_command: org.gradle.launcher.daemon.bootstrap.GradleDaemon 8.14.5
java_class_path (initial): D:\GradleHome\wrapper\dists\gradle-8.14.5-all\1iboiteofonv8taraljb5q1u0\gradle-8.14.5\lib\gradle-daemon-main-8.14.5.jar;D:\GradleHome\wrapper\dists\gradle-8.14.5-all\1iboiteofonv8taraljb5q1u0\gradle-8.14.5\lib\agents\gradle-instrumentation-agent-8.14.5.jar
Launcher Type: SUN_STANDARD

Environment Variables:
USERNAME=Administrator
OS=Windows_NT
PROCESSOR_IDENTIFIER=Intel64 Family 6 Model 106 Stepping 6, GenuineIntel



---------------  S Y S T E M  ---------------

OS: Windows 10 , 64 bit Build 17763 (10.0.17763.7009)

CPU:total 8 (initial active 8) (4 cores per cpu, 2 threads per core) family 6 model 106 stepping 6, cmov, cx8, fxsr, mmx, sse, sse2, sse3, ssse3, sse4.1, sse4.2, popcnt, avx, avx2, aes, clmul, erms, rtm, 3dnowpref, lzcnt, ht, tsc, bmi1, bmi2, adx

Memory: 4k page, physical 16776308k(391012k free), swap 19453552k(139244k free)

vm_info: Java HotSpot(TM) 64-Bit Server VM (25.461-b11) for windows-amd64 JRE (1.8.0_461-b11), built on Jun 27 2025 10:22:42 by "java_re" with MS VC++ 17.6 (VS2022)

time: Fri Jun 19 11:08:41 2026
timezone: ÖĐąú±ę×ĽĘ±Ľä
elapsed time: 10.141971 seconds (0d 0h 0m 10s)

