warning: Unused import: '../../providers/app_provider.dart'. (unused_import at [mr] lib\pages\bookshelf\bookshelf_page.dart:8)
warning: The value of the field '_showBookName' isn't used. (unused_field at [mr] lib\pages\bookshelf\bookshelf_page.dart:72)
warning: The value of the local variable 'provider' isn't used. (unused_local_variable at [mr] lib\pages\bookshelf\bookshelf_page.dart:631)
warning: Unused import: 'dart:convert'. (unused_import at [mr] lib\pages\debug\book_source_debug_page.dart:2)
warning: Unused import: '../../models/book.dart'. (unused_import at [mr] lib\pages\debug\book_source_debug_page.dart:14)
warning: Unused import: '../../models/chapter.dart'. (unused_import at [mr] lib\pages\debug\book_source_debug_page.dart:16)
warning: The declaration '_clearLogs' isn't referenced. (unused_element at [mr] lib\pages\debug\book_source_debug_page.dart:232)
warning: The value of the local variable 'isDark' isn't used. (unused_local_variable at [mr] lib\pages\debug\book_source_debug_page.dart:1381)
warning: Unused import: '../../services/source_engine/web_book.dart'. (unused_import at [mr] lib\pages\detail\detail_page.dart:20)
warning: The '!' will have no effect because the receiver can't be null. (unnecessary_non_null_assertion at [mr] lib\pages\detail\detail_page.dart:90)
warning: The declaration '_buildLegacyStyleHeader' isn't referenced. (unused_element at [mr] lib\pages\detail\detail_page.dart:551)
warning: The declaration '_buildHeader' isn't referenced. (unused_element at [mr] lib\pages\detail\detail_page.dart:1105)
warning: The declaration '_buildInfoRows' isn't referenced. (unused_element at [mr] lib\pages\detail\detail_page.dart:1196)
warning: The declaration '_buildActionButtons' isn't referenced. (unused_element at [mr] lib\pages\detail\detail_page.dart:1751)
warning: The declaration '_buildDescription' isn't referenced. (unused_element at [mr] lib\pages\detail\detail_page.dart:1913)
warning: The declaration '_buildTags' isn't referenced. (unused_element at [mr] lib\pages\detail\detail_page.dart:1956)
warning: The declaration '_buildChapterHeader' isn't referenced. (unused_element at [mr] lib\pages\detail\detail_page.dart:1984)
warning: The declaration '_buildChapterList' isn't referenced. (unused_element at [mr] lib\pages\detail\detail_page.dart:2000)
warning: The declaration '_uploadToRemote' isn't referenced. (unused_element at [mr] lib\pages\detail\detail_page.dart:2524)
warning: The declaration '_toggleSidebar' isn't referenced. (unused_element at [mr] lib\pages\main\main_page.dart:91)
warning: Unused import: '../../providers/discovery_provider.dart'. (unused_import at [mr] lib\pages\profile\backup_restore_page.dart:8)
warning: The value of the field '_isRestoring' isn't used. (unused_field at [mr] lib\pages\profile\backup_restore_page.dart:20)
warning: The value of the field '_focusedFieldKey' isn't used. (unused_field at [mr] lib\pages\profile\book_source_edit_page.dart:78)
warning: The value of the field '_webViewController' isn't used. (unused_field at [mr] lib\pages\profile\book_source_edit_page.dart:2133)
warning: The value of the field '_nickname' isn't used. (unused_field at [mr] lib\pages\profile\profile_page.dart:27)
warning: The value of the field '_bookCount' isn't used. (unused_field at [mr] lib\pages\profile\profile_page.dart:28)
warning: A value for optional parameter 'color' isn't ever given. (unused_element_parameter at [mr] lib\pages\profile\profile_page.dart:588)
warning: The '!' will have no effect because the receiver can't be null. (unnecessary_non_null_assertion at [mr] lib\pages\profile\profile_page.dart:659)
warning: The value of the local variable 'moved' isn't used. (unused_local_variable at [mr] lib\pages\profile\profile_page.dart:835)
warning: The value of the field '_todayReadTime' isn't used. (unused_field at [mr] lib\pages\profile\read_record_page.dart:31)
warning: The declaration '_buildEmptyCell' isn't referenced. (unused_element at [mr] lib\pages\profile\read_record_page.dart:1661)
warning: The declaration '_buildChapterEdge' isn't referenced. (unused_element at [mr] lib\pages\reader\comic_reader_page.dart:1158)
warning: The value of the local variable 'isDark' isn't used. (unused_local_variable at [mr] lib\pages\settings\ai_settings_page.dart:19)
warning: The value of the local variable 'colorScheme' isn't used. (unused_local_variable at [mr] lib\pages\settings\theme_settings_page.dart:671)
warning: The value of the local variable 'colorScheme' isn't used. (unused_local_variable at [mr] lib\pages\settings\theme_settings_page.dart:6120)
warning: The value of the local variable 'colorScheme' isn't used. (unused_local_variable at [mr] lib\pages\settings\theme_settings_page.dart:6321)
warning: The value of the local variable 'colorScheme' isn't used. (unused_local_variable at [mr] lib\pages\settings\theme_settings_page.dart:7163)
warning: Unnecessary cast. (unnecessary_cast at [mr] lib\services\cover_config_service.dart:202)
warning: Unnecessary cast. (unnecessary_cast at [mr] lib\services\native\js_engine.dart:2939)
warning: Unnecessary cast. (unnecessary_cast at [mr] lib\services\native\js_engine.dart:2939)
warning: The value of the field '_debugSourceUrl' isn't used. (unused_field at [mr] lib\services\source_debug_service.dart:63)
warning: Dead code. (dead_code at [mr] lib\services\source_engine\web_book.dart:1500)
warning: Dead code. (dead_code at [mr] lib\services\source_engine\web_book.dart:1501)
warning: Dead code. (dead_code at [mr] lib\services\source_engine\web_book.dart:1502)
warning: Dead code. (dead_code at [mr] lib\services\source_engine\web_book.dart:1503)
warning: The '!' will have no effect because the receiver can't be null. (unnecessary_non_null_assertion at [mr] lib\services\source_engine\web_book.dart:1602)
warning: Dead code. (dead_code at [mr] lib\services\source_engine\web_book.dart:1741)
warning: Dead code. (dead_code at [mr] lib\services\source_engine\web_book.dart:1742)
warning: Dead code. (dead_code at [mr] lib\services\source_engine\web_book.dart:1743)
warning: Dead code. (dead_code at [mr] lib\services\source_engine\web_book.dart:1744)
warning: The declaration '_applyContentReplace' isn't referenced. (unused_element at [mr] lib\services\source_engine\web_book.dart:1828)
warning: The value of the field '_currentSourceIndex' isn't used. (unused_field at [mr] lib\widgets\change_source_sheet.dart:55)
warning: The value of the local variable 'pressedBgColor' isn't used. (unused_local_variable at [mr] lib\widgets\keyboard_assist_toolbar.dart:148)
warning: Unused import: 'package:flutter/scheduler.dart'. (unused_import at [mr] lib\widgets\liquid_glass_view.dart:3)