#
# There is insufficient memory for the Java Runtime Environment to continue.
# Native memory allocation (malloc) failed to allocate 1047440 bytes for Chunk::new
# Possible reasons:
#   The system is out of physical RAM or swap space
#   The process is running with CompressedOops enabled, and the Java Heap may be blocking the growth of the native heap
# Possible solutions:
#   Reduce memory load on the system
#   Increase physical memory or swap space
#   Check if swap backing store is full
#   Decrease Java heap size (-Xmx/-Xms)
#   Decrease number of Java threads
#   Decrease Java thread stack sizes (-Xss)
#   Set larger code cache with -XX:ReservedCodeCacheSize=
#   JVM is running with Unscaled Compressed Oops mode in which the Java heap is
#     placed in the first 4GB address space. The Java Heap base address is the
#     maximum limit for the native heap growth. Please use -XX:HeapBaseMinAddress
#     to set the Java Heap base and to place the Java Heap above 4GB virtual address.
# This output file may be truncated or incomplete.
#
#  Out of Memory Error (allocation.cpp:389), pid=17532, tid=0x0000000000002a28
#
# JRE version: Java(TM) SE Runtime Environment (8.0_461) (build 1.8.0_461-b11)
# Java VM: Java HotSpot(TM) 64-Bit Server VM (25.461-b11 mixed mode windows-amd64 compressed oops)
# Failed to write core dump. Minidumps are not enabled by default on client versions of Windows
#

---------------  T H R E A D  ---------------

Current thread (0x00000236b23d6000):  JavaThread "C2 CompilerThread1" daemon [_thread_in_native, id=10792, stack(0x0000009456600000,0x0000009456700000)]

Stack: [0x0000009456600000,0x0000009456700000]
Native frames: (J=compiled Java code, j=interpreted, Vv=VM code, C=native code)
V  [jvm.dll+0x34c1c9]
V  [jvm.dll+0x289572]
V  [jvm.dll+0x28a140]
V  [jvm.dll+0x27e165]
V  [jvm.dll+0xd9fcc]
V  [jvm.dll+0xda95c]
V  [jvm.dll+0x49594c]
V  [jvm.dll+0x458ee5]
V  [jvm.dll+0x46219f]
V  [jvm.dll+0x461592]
V  [jvm.dll+0x44b23c]
V  [jvm.dll+0xaf445]
V  [jvm.dll+0xadb5f]
V  [jvm.dll+0x24ea19]
V  [jvm.dll+0x2a60dc]
C  [ucrtbase.dll+0x2268a]
C  [KERNEL32.DLL+0x17ac4]
C  [ntdll.dll+0x5a8c1]


Current CompileTask:
C2:   5455 5407       4       java.io.ObjectOutputStream::writeClassDesc (60 bytes)


---------------  P R O C E S S  ---------------

Java Threads: ( => current thread )
  0x00000236b4c78000 JavaThread "Unconstrained build operations Thread 3" [_thread_blocked, id=9404, stack(0x0000009458c00000,0x0000009458d00000)]
  0x00000236b4c77000 JavaThread "Unconstrained build operations Thread 2" [_thread_blocked, id=17292, stack(0x0000009458b00000,0x0000009458c00000)]
  0x00000236b4c75800 JavaThread "Unconstrained build operations" [_thread_blocked, id=10820, stack(0x0000009458a00000,0x0000009458b00000)]
  0x00000236b4c7b800 JavaThread "Cache worker for Build Output Cleanup Cache (D:\flutter_windows_3.41.7-stable\flutter\packages\flutter_tools\gradle\.gradle\buildOutputCleanup)" [_thread_blocked, id=11932, stack(0x0000009458900000,0x0000009458a00000)]
  0x00000236b4c76800 JavaThread "Cache worker for cache directory md-rule (D:\GradleHome\caches\8.14.5\md-rule)" [_thread_blocked, id=18400, stack(0x0000009458800000,0x0000009458900000)]
  0x00000236b4c78800 JavaThread "Cache worker for cache directory md-supplier (D:\GradleHome\caches\8.14.5\md-supplier)" [_thread_blocked, id=16928, stack(0x0000009458700000,0x0000009458800000)]
  0x00000236b4c6e000 JavaThread "jar transforms Thread 8" [_thread_blocked, id=4272, stack(0x0000009458600000,0x0000009458700000)]
  0x00000236b4c75000 JavaThread "jar transforms Thread 7" [_thread_blocked, id=14868, stack(0x0000009458500000,0x0000009458600000)]
  0x00000236b4c6d800 JavaThread "jar transforms Thread 6" [_thread_blocked, id=9916, stack(0x0000009458400000,0x0000009458500000)]
  0x00000236b4c73800 JavaThread "Cache worker for file content cache (D:\GradleHome\caches\8.14.5\fileContent)" [_thread_blocked, id=9060, stack(0x0000009458300000,0x0000009458400000)]
  0x00000236b4c6f000 JavaThread "Cache worker for checksums cache (D:\OpenClaw\.openclaw\workspace\mr\android\.gradle\8.14.5\checksums)" [_thread_blocked, id=14344, stack(0x0000009458200000,0x0000009458300000)]
  0x00000236b4c70800 JavaThread "jar transforms Thread 5" [_thread_blocked, id=10528, stack(0x0000009458100000,0x0000009458200000)]
  0x00000236b4c72800 JavaThread "jar transforms Thread 4" [_thread_blocked, id=2080, stack(0x0000009458000000,0x0000009458100000)]
  0x00000236b4c72000 JavaThread "jar transforms Thread 3" [_thread_blocked, id=4600, stack(0x0000009457f00000,0x0000009458000000)]
  0x00000236b4c71000 JavaThread "jar transforms Thread 2" [_thread_blocked, id=16952, stack(0x0000009457e00000,0x0000009457f00000)]
  0x00000236b4bf7800 JavaThread "jar transforms" [_thread_blocked, id=16812, stack(0x0000009457d00000,0x0000009457e00000)]
  0x00000236b4bfa000 JavaThread "File watcher consumer" daemon [_thread_blocked, id=15612, stack(0x0000009457c00000,0x0000009457d00000)]
  0x00000236b4bf5800 JavaThread "File watcher server" daemon [_thread_in_native, id=1248, stack(0x0000009457b00000,0x0000009457c00000)]
  0x00000236b4bfb800 JavaThread "Cache worker for Build Output Cleanup Cache (D:\OpenClaw\.openclaw\workspace\mr\android\.gradle\buildOutputCleanup)" [_thread_blocked, id=1916, stack(0x0000009457a00000,0x0000009457b00000)]
  0x00000236b4bf9000 JavaThread "Cache worker for file hash cache (D:\OpenClaw\.openclaw\workspace\mr\android\.gradle\8.14.5\fileHashes)" [_thread_blocked, id=15420, stack(0x0000009457900000,0x0000009457a00000)]
  0x00000236b4bfa800 JavaThread "Problems report writer" [_thread_blocked, id=10320, stack(0x0000009457800000,0x0000009457900000)]
  0x00000236b4bfc000 JavaThread "Cache worker for file hash cache (D:\GradleHome\caches\8.14.5\fileHashes)" [_thread_blocked, id=10280, stack(0x0000009457700000,0x0000009457800000)]
  0x00000236b4bf8800 JavaThread "File lock request listener" [_thread_in_native, id=17776, stack(0x0000009457600000,0x0000009457700000)]
  0x00000236b4bf6000 JavaThread "Cache worker for journal cache (D:\GradleHome\caches\journal-1)" [_thread_blocked, id=4076, stack(0x0000009457500000,0x0000009457600000)]
  0x00000236b4c32800 JavaThread "Daemon client event forwarder" [_thread_blocked, id=5504, stack(0x0000009457400000,0x0000009457500000)]
  0x00000236b4c2f800 JavaThread "Stdin handler" [_thread_blocked, id=16156, stack(0x0000009457300000,0x0000009457400000)]
  0x00000236b4c2e800 JavaThread "Asynchronous log dispatcher for DefaultDaemonConnection: socket connection from /127.0.0.1:12929 to /127.0.0.1:12930" [_thread_blocked, id=8212, stack(0x0000009457200000,0x0000009457300000)]
  0x00000236b2d49000 JavaThread "Daemon worker" [_thread_in_Java, id=6112, stack(0x0000009457100000,0x0000009457200000)]
  0x00000236b412f000 JavaThread "Cancel handler" [_thread_blocked, id=14796, stack(0x0000009457000000,0x0000009457100000)]
  0x00000236b2ac6000 JavaThread "Handler for socket connection from /127.0.0.1:12929 to /127.0.0.1:12930" [_thread_in_native, id=13204, stack(0x0000009456f00000,0x0000009457000000)]
  0x00000236b4b35800 JavaThread "Daemon" [_thread_blocked, id=17644, stack(0x0000009456e00000,0x0000009456f00000)]
  0x00000236b4ad5000 JavaThread "Daemon periodic checks" [_thread_blocked, id=15396, stack(0x0000009456d00000,0x0000009456e00000)]
  0x00000236b2775000 JavaThread "Incoming local TCP Connector on port 12929" [_thread_in_native, id=15144, stack(0x0000009456c00000,0x0000009456d00000)]
  0x00000236b4aa5800 JavaThread "Daemon health stats" [_thread_blocked, id=16852, stack(0x0000009456b00000,0x0000009456c00000)]
  0x00000236b246c000 JavaThread "Service Thread" daemon [_thread_blocked, id=17812, stack(0x0000009456900000,0x0000009456a00000)]
  0x00000236b23db000 JavaThread "C1 CompilerThread3" daemon [_thread_blocked, id=10024, stack(0x0000009456800000,0x0000009456900000)]
  0x00000236b23d9000 JavaThread "C2 CompilerThread2" daemon [_thread_in_native, id=9484, stack(0x0000009456700000,0x0000009456800000)]
=>0x00000236b23d6000 JavaThread "C2 CompilerThread1" daemon [_thread_in_native, id=10792, stack(0x0000009456600000,0x0000009456700000)]
  0x00000236b23d1000 JavaThread "C2 CompilerThread0" daemon [_thread_in_native, id=18276, stack(0x0000009456500000,0x0000009456600000)]
  0x00000236b05f8800 JavaThread "Attach Listener" daemon [_thread_blocked, id=3272, stack(0x0000009456400000,0x0000009456500000)]
  0x00000236b05f8000 JavaThread "Signal Dispatcher" daemon [_thread_blocked, id=16732, stack(0x0000009456300000,0x0000009456400000)]
  0x00000236b0576000 JavaThread "Finalizer" daemon [_thread_blocked, id=2388, stack(0x0000009456200000,0x0000009456300000)]
  0x00000236b054a800 JavaThread "Reference Handler" daemon [_thread_blocked, id=16396, stack(0x0000009456100000,0x0000009456200000)]
  0x00000236a5a17800 JavaThread "main" [_thread_blocked, id=11856, stack(0x0000009455700000,0x0000009455800000)]

Other Threads:
  0x00000236b0540800 VMThread [stack: 0x0000009456000000,0x0000009456100000] [id=10564]
  0x00000236b2487000 WatcherThread [stack: 0x0000009456a00000,0x0000009456b00000] [id=17348]

VM state:not at safepoint (normal execution)

VM Mutex/Monitor currently owned by a thread: None

heap address: 0x00000000c0000000, size: 1024 MB, Compressed Oops mode: 32-bit
Narrow klass base: 0x0000000000000000, Narrow klass shift: 3
Compressed class space size: 394264576 Address: 0x0000000100000000

Heap:
 PSYoungGen      total 318976K, used 72193K [0x00000000eab00000, 0x0000000100000000, 0x0000000100000000)
  eden space 301056K, 18% used [0x00000000eab00000,0x00000000ee007228,0x00000000fd100000)
  from space 17920K, 99% used [0x00000000fd100000,0x00000000fe2791f0,0x00000000fe280000)
  to   space 22016K, 0% used [0x00000000fea80000,0x00000000fea80000,0x0000000100000000)
 ParOldGen       total 180224K, used 27061K [0x00000000c0000000, 0x00000000cb000000, 0x00000000eab00000)
  object space 180224K, 15% used [0x00000000c0000000,0x00000000c1a6d440,0x00000000cb000000)
 Metaspace       used 53734K, capacity 58070K, committed 58112K, reserved 436224K
  class space    used 7719K, capacity 8437K, committed 8448K, reserved 385024K

Card table byte_map: [0x00000236ad5a0000,0x00000236ad7b0000] byte_map_base: 0x00000236acfa0000

Marking Bits: (ParMarkBitMap*) 0x00007ffa84c0a3e0
 Begin Bits: [0x00000236ad910000, 0x00000236ae910000)
 End Bits:   [0x00000236ae910000, 0x00000236af910000)

Polling page: 0x00000236a5c00000

CodeCache: size=98304Kb used=16681Kb max_used=16705Kb free=81622Kb
 bounds [0x00000236a7420000, 0x00000236a8490000, 0x00000236ad420000]
 total_blobs=5853 nmethods=5053 adapters=712
 compilation: enabled

Compilation events (10 events):
Event: 5.423 Thread 0x00000236b23db000 5833       3       com.google.common.cache.LocalCache$Segment::copyEntry (88 bytes)
Event: 5.423 Thread 0x00000236b23db000 nmethod 5833 0x00000236a8452e10 code [0x00000236a8452fe0, 0x00000236a84537b0]
Event: 5.423 Thread 0x00000236b23db000 5834       3       com.google.common.cache.LocalCache$EntryFactory::copyEntry (15 bytes)
Event: 5.423 Thread 0x00000236b23db000 nmethod 5834 0x00000236a8453a50 code [0x00000236a8453bc0, 0x00000236a8453ec0]
Event: 5.424 Thread 0x00000236b23db000 5835       3       java.io.BufferedReader::<init> (62 bytes)
Event: 5.425 Thread 0x00000236b23db000 nmethod 5835 0x00000236a8453fd0 code [0x00000236a8454160, 0x00000236a84546a0]
Event: 5.425 Thread 0x00000236b23db000 5836       3       java.io.BufferedReader::<init> (9 bytes)
Event: 5.425 Thread 0x00000236b23db000 nmethod 5836 0x00000236a8454890 code [0x00000236a8454a00, 0x00000236a8454bb0]
Event: 5.425 Thread 0x00000236b23db000 5837       3       com.google.common.collect.CollectCollectors$$Lambda$135/0x00000001002e7428::get (4 bytes)
Event: 5.425 Thread 0x00000236b23db000 nmethod 5837 0x00000236a8454c50 code [0x00000236a8454de0, 0x00000236a8455218]

GC Heap History (10 events):
Event: 2.290 GC heap before
{Heap before GC invocations=7 (full 1):
 PSYoungGen      total 141824K, used 131072K [0x00000000eab00000, 0x00000000fc700000, 0x0000000100000000)
  eden space 131072K, 100% used [0x00000000eab00000,0x00000000f2b00000,0x00000000f2b00000)
  from space 10752K, 0% used [0x00000000f2b00000,0x00000000f2b00000,0x00000000f3580000)
  to   space 14336K, 0% used [0x00000000fb900000,0x00000000fb900000,0x00000000fc700000)
 ParOldGen       total 109568K, used 12186K [0x00000000c0000000, 0x00000000c6b00000, 0x00000000eab00000)
  object space 109568K, 11% used [0x00000000c0000000,0x00000000c0be6b30,0x00000000c6b00000)
 Metaspace       used 25156K, capacity 26366K, committed 26496K, reserved 407552K
  class space    used 3610K, capacity 3877K, committed 3968K, reserved 385024K
Event: 2.294 GC heap after
Heap after GC invocations=7 (full 1):
 PSYoungGen      total 207872K, used 7900K [0x00000000eab00000, 0x00000000fc100000, 0x0000000100000000)
  eden space 199680K, 0% used [0x00000000eab00000,0x00000000eab00000,0x00000000f6e00000)
  from space 8192K, 96% used [0x00000000fb900000,0x00000000fc0b7050,0x00000000fc100000)
  to   space 13312K, 0% used [0x00000000fa700000,0x00000000fa700000,0x00000000fb400000)
 ParOldGen       total 109568K, used 12194K [0x00000000c0000000, 0x00000000c6b00000, 0x00000000eab00000)
  object space 109568K, 11% used [0x00000000c0000000,0x00000000c0be8b30,0x00000000c6b00000)
 Metaspace       used 25156K, capacity 26366K, committed 26496K, reserved 407552K
  class space    used 3610K, capacity 3877K, committed 3968K, reserved 385024K
}
Event: 2.982 GC heap before
{Heap before GC invocations=8 (full 1):
 PSYoungGen      total 207872K, used 172425K [0x00000000eab00000, 0x00000000fc100000, 0x0000000100000000)
  eden space 199680K, 82% used [0x00000000eab00000,0x00000000f4bab598,0x00000000f6e00000)
  from space 8192K, 96% used [0x00000000fb900000,0x00000000fc0b7050,0x00000000fc100000)
  to   space 13312K, 0% used [0x00000000fa700000,0x00000000fa700000,0x00000000fb400000)
 ParOldGen       total 109568K, used 12194K [0x00000000c0000000, 0x00000000c6b00000, 0x00000000eab00000)
  object space 109568K, 11% used [0x00000000c0000000,0x00000000c0be8b30,0x00000000c6b00000)
 Metaspace       used 33388K, capacity 35442K, committed 35496K, reserved 415744K
  class space    used 4908K, capacity 5344K, committed 5376K, reserved 385024K
Event: 2.992 GC heap after
Heap after GC invocations=8 (full 1):
 PSYoungGen      total 271360K, used 13297K [0x00000000eab00000, 0x00000000ff200000, 0x0000000100000000)
  eden space 258048K, 0% used [0x00000000eab00000,0x00000000eab00000,0x00000000fa700000)
  from space 13312K, 99% used [0x00000000fa700000,0x00000000fb3fc638,0x00000000fb400000)
  to   space 15872K, 0% used [0x00000000fe280000,0x00000000fe280000,0x00000000ff200000)
 ParOldGen       total 109568K, used 13252K [0x00000000c0000000, 0x00000000c6b00000, 0x00000000eab00000)
  object space 109568K, 12% used [0x00000000c0000000,0x00000000c0cf1058,0x00000000c6b00000)
 Metaspace       used 33388K, capacity 35442K, committed 35496K, reserved 415744K
  class space    used 4908K, capacity 5344K, committed 5376K, reserved 385024K
}
Event: 2.992 GC heap before
{Heap before GC invocations=9 (full 2):
 PSYoungGen      total 271360K, used 13297K [0x00000000eab00000, 0x00000000ff200000, 0x0000000100000000)
  eden space 258048K, 0% used [0x00000000eab00000,0x00000000eab00000,0x00000000fa700000)
  from space 13312K, 99% used [0x00000000fa700000,0x00000000fb3fc638,0x00000000fb400000)
  to   space 15872K, 0% used [0x00000000fe280000,0x00000000fe280000,0x00000000ff200000)
 ParOldGen       total 109568K, used 13252K [0x00000000c0000000, 0x00000000c6b00000, 0x00000000eab00000)
  object space 109568K, 12% used [0x00000000c0000000,0x00000000c0cf1058,0x00000000c6b00000)
 Metaspace       used 33388K, capacity 35442K, committed 35496K, reserved 415744K
  class space    used 4908K, capacity 5344K, committed 5376K, reserved 385024K
Event: 3.034 GC heap after
Heap after GC invocations=9 (full 2):
 PSYoungGen      total 271360K, used 0K [0x00000000eab00000, 0x00000000ff200000, 0x0000000100000000)
  eden space 258048K, 0% used [0x00000000eab00000,0x00000000eab00000,0x00000000fa700000)
  from space 13312K, 0% used [0x00000000fa700000,0x00000000fa700000,0x00000000fb400000)
  to   space 15872K, 0% used [0x00000000fe280000,0x00000000fe280000,0x00000000ff200000)
 ParOldGen       total 180224K, used 21932K [0x00000000c0000000, 0x00000000cb000000, 0x00000000eab00000)
  object space 180224K, 12% used [0x00000000c0000000,0x00000000c156b008,0x00000000cb000000)
 Metaspace       used 33380K, capacity 35418K, committed 35496K, reserved 415744K
  class space    used 4906K, capacity 5340K, committed 5376K, reserved 385024K
}
Event: 4.065 GC heap before
{Heap before GC invocations=10 (full 2):
 PSYoungGen      total 271360K, used 258048K [0x00000000eab00000, 0x00000000ff200000, 0x0000000100000000)
  eden space 258048K, 100% used [0x00000000eab00000,0x00000000fa700000,0x00000000fa700000)
  from space 13312K, 0% used [0x00000000fa700000,0x00000000fa700000,0x00000000fb400000)
  to   space 15872K, 0% used [0x00000000fe280000,0x00000000fe280000,0x00000000ff200000)
 ParOldGen       total 180224K, used 21932K [0x00000000c0000000, 0x00000000cb000000, 0x00000000eab00000)
  object space 180224K, 12% used [0x00000000c0000000,0x00000000c156b008,0x00000000cb000000)
 Metaspace       used 44402K, capacity 47274K, committed 47488K, reserved 425984K
  class space    used 6241K, capacity 6782K, committed 6784K, reserved 385024K
Event: 4.074 GC heap after
Heap after GC invocations=10 (full 2):
 PSYoungGen      total 316928K, used 15313K [0x00000000eab00000, 0x0000000100000000, 0x0000000100000000)
  eden space 301056K, 0% used [0x00000000eab00000,0x00000000eab00000,0x00000000fd100000)
  from space 15872K, 96% used [0x00000000fe280000,0x00000000ff1744f0,0x00000000ff200000)
  to   space 17920K, 0% used [0x00000000fd100000,0x00000000fd100000,0x00000000fe280000)
 ParOldGen       total 180224K, used 21940K [0x00000000c0000000, 0x00000000cb000000, 0x00000000eab00000)
  object space 180224K, 12% used [0x00000000c0000000,0x00000000c156d008,0x00000000cb000000)
 Metaspace       used 44402K, capacity 47274K, committed 47488K, reserved 425984K
  class space    used 6241K, capacity 6782K, committed 6784K, reserved 385024K
}
Event: 5.103 GC heap before
{Heap before GC invocations=11 (full 2):
 PSYoungGen      total 316928K, used 316369K [0x00000000eab00000, 0x0000000100000000, 0x0000000100000000)
  eden space 301056K, 100% used [0x00000000eab00000,0x00000000fd100000,0x00000000fd100000)
  from space 15872K, 96% used [0x00000000fe280000,0x00000000ff1744f0,0x00000000ff200000)
  to   space 17920K, 0% used [0x00000000fd100000,0x00000000fd100000,0x00000000fe280000)
 ParOldGen       total 180224K, used 21940K [0x00000000c0000000, 0x00000000cb000000, 0x00000000eab00000)
  object space 180224K, 12% used [0x00000000c0000000,0x00000000c156d008,0x00000000cb000000)
 Metaspace       used 52750K, capacity 56884K, committed 56960K, reserved 434176K
  class space    used 7592K, capacity 8302K, committed 8320K, reserved 385024K
Event: 5.119 GC heap after
Heap after GC invocations=11 (full 2):
 PSYoungGen      total 318976K, used 17892K [0x00000000eab00000, 0x0000000100000000, 0x0000000100000000)
  eden space 301056K, 0% used [0x00000000eab00000,0x00000000eab00000,0x00000000fd100000)
  from space 17920K, 99% used [0x00000000fd100000,0x00000000fe2791f0,0x00000000fe280000)
  to   space 22016K, 0% used [0x00000000fea80000,0x00000000fea80000,0x0000000100000000)
 ParOldGen       total 180224K, used 27061K [0x00000000c0000000, 0x00000000cb000000, 0x00000000eab00000)
  object space 180224K, 15% used [0x00000000c0000000,0x00000000c1a6d440,0x00000000cb000000)
 Metaspace       used 52750K, capacity 56884K, committed 56960K, reserved 434176K
  class space    used 7592K, capacity 8302K, committed 8320K, reserved 385024K
}

Deoptimization events (10 events):
Event: 4.585 Thread 0x00000236b2d49000 Uncommon trap: reason=unstable_if action=reinterpret pc=0x00000236a7ce6e3c method=java.lang.ClassLoader.checkCerts(Ljava/lang/String;Ljava/security/CodeSource;)V @ 29
Event: 5.083 Thread 0x00000236b2d49000 Uncommon trap: reason=unstable_if action=reinterpret pc=0x00000236a82be098 method=com.esotericsoftware.kryo.io.Input.readUtf8Length(I)I @ 9
Event: 5.084 Thread 0x00000236b4c75800 Uncommon trap: reason=unstable_if action=reinterpret pc=0x00000236a82b8c28 method=com.esotericsoftware.kryo.io.Input.readUtf8Length(I)I @ 9
Event: 5.085 Thread 0x00000236b2d49000 Uncommon trap: reason=unstable_if action=reinterpret pc=0x00000236a79fff64 method=com.esotericsoftware.kryo.io.Input.readUtf8Length(I)I @ 9
Event: 5.171 Thread 0x00000236b2d49000 Uncommon trap: reason=unstable_if action=reinterpret pc=0x00000236a79f8eb8 method=java.util.concurrent.ConcurrentHashMap.get(Ljava/lang/Object;)Ljava/lang/Object; @ 86
Event: 5.190 Thread 0x00000236b2d49000 Uncommon trap: reason=unstable_if action=reinterpret pc=0x00000236a78004dc method=org.gradle.internal.snapshot.VfsRelativePath.isPrefix(Ljava/lang/String;ILjava/lang/String;ILorg/gradle/internal/snapshot/CaseSensitivity;)Z @ 101
Event: 5.252 Thread 0x00000236b2d49000 Uncommon trap: reason=class_check action=maybe_recompile pc=0x00000236a7aaf4d4 method=java.util.concurrent.ConcurrentHashMap.putVal(Ljava/lang/Object;Ljava/lang/Object;Z)Ljava/lang/Object; @ 192
Event: 5.255 Thread 0x00000236b2d49000 Uncommon trap: reason=class_check action=maybe_recompile pc=0x00000236a7aaf4d4 method=java.util.concurrent.ConcurrentHashMap.putVal(Ljava/lang/Object;Ljava/lang/Object;Z)Ljava/lang/Object; @ 192
Event: 5.255 Thread 0x00000236b2d49000 Uncommon trap: reason=class_check action=maybe_recompile pc=0x00000236a7aaf4d4 method=java.util.concurrent.ConcurrentHashMap.putVal(Ljava/lang/Object;Ljava/lang/Object;Z)Ljava/lang/Object; @ 192
Event: 5.272 Thread 0x00000236b2d49000 Uncommon trap: reason=unstable_if action=reinterpret pc=0x00000236a7933bb8 method=java.util.concurrent.ConcurrentHashMap.computeIfAbsent(Ljava/lang/Object;Ljava/util/function/Function;)Ljava/lang/Object; @ 234

Classes redefined (0 events):
No events

Internal exceptions (10 events):
Event: 4.587 Thread 0x00000236b2d49000 Exception <a 'java/lang/ClassNotFoundException': java/io/FileCustomizer> (0x00000000f51e7418) thrown at [C:\jenkins\workspace\8-2-build-windows-x64-cygwin-sans-NAS\jdk8u461\2086\hotspot\src\share\vm\classfile\systemDictionary.cpp, line 213]
Event: 4.599 Thread 0x00000236b4c32800 Exception <a 'java/lang/NoSuchMethodError': <clinit>> (0x00000000eb02fc68) thrown at [C:\jenkins\workspace\8-2-build-windows-x64-cygwin-sans-NAS\jdk8u461\2086\hotspot\src\share\vm\prims\jni.cpp, line 1622]
Event: 4.756 Thread 0x00000236b2d49000 Exception <a 'java/lang/NoSuchMethodError': java.lang.Object.lambda$static$0(Lorg/gradle/api/internal/artifacts/configurations/MutationValidator$MutationType;)V> (0x00000000f7b90c68) thrown at [C:\jenkins\workspace\8-2-build-windows-x64-cygwin-sans-NAS\jd
Event: 4.816 Thread 0x00000236b2d49000 Exception <a 'java/lang/NoSuchMethodError': java.lang.Object.lambda$static$0(Lorg/gradle/internal/component/model/DependencyMetadata;)Lorg/gradle/api/internal/artifacts/ivyservice/resolveengine/graph/builder/DependencyState;> (0x00000000f8feaf48) thrown a
Event: 4.854 Thread 0x00000236b2d49000 Exception <a 'java/lang/NoSuchMethodError': java.lang.Object.lambda$negate$1(Ljava/lang/Object;)Z> (0x00000000f9bec4e0) thrown at [C:\jenkins\workspace\8-2-build-windows-x64-cygwin-sans-NAS\jdk8u461\2086\hotspot\src\share\vm\interpreter\linkResolver.cpp, 
Event: 4.949 Thread 0x00000236b2d49000 Exception <a 'java/lang/NoSuchMethodError': java.lang.Object.lambda$static$0(Lorg/gradle/api/internal/tasks/TaskDependencyResolveContext;)V> (0x00000000fb79d7a0) thrown at [C:\jenkins\workspace\8-2-build-windows-x64-cygwin-sans-NAS\jdk8u461\2086\hotspot\s
Event: 5.064 Thread 0x00000236b2d49000 Exception <a 'java/lang/IncompatibleClassChangeError': Found class java.lang.Object, but interface was expected> (0x00000000fc845858) thrown at [C:\jenkins\workspace\8-2-build-windows-x64-cygwin-sans-NAS\jdk8u461\2086\hotspot\src\share\vm\interpreter\link
Event: 5.096 Thread 0x00000236b2d49000 Exception <a 'java/lang/NoSuchMethodError': java.lang.Object.lambda$rethrowFailuresAndReportProblems$0(Lorg/gradle/api/internal/artifacts/ivyservice/TypedResolveException;)V> (0x00000000fcb895a8) thrown at [C:\jenkins\workspace\8-2-build-windows-x64-cygwi
Event: 5.253 Thread 0x00000236b2d49000 Exception <a 'java/lang/NoSuchMethodError': java.lang.Object.lambda$flatMap$1(Ljava/util/function/Function;)Lorg/gradle/internal/Deferrable;> (0x00000000ebfffc28) thrown at [C:\jenkins\workspace\8-2-build-windows-x64-cygwin-sans-NAS\jdk8u461\2086\hotspot\
Event: 5.254 Thread 0x00000236b2d49000 Exception <a 'java/lang/NoSuchMethodError': java.lang.Object.lambda$flatMap$0(Ljava/util/function/Function;)Ljava/lang/Object;> (0x00000000ec0054e0) thrown at [C:\jenkins\workspace\8-2-build-windows-x64-cygwin-sans-NAS\jdk8u461\2086\hotspot\src\share\vm\i

Events (10 events):
Event: 5.316 Thread 0x00000236b23db000 flushing nmethod 0x00000236a7be0590
Event: 5.317 Thread 0x00000236b23d1000 flushing nmethod 0x00000236a7cae250
Event: 5.317 Thread 0x00000236b23d1000 flushing nmethod 0x00000236a7caef50
Event: 5.317 Thread 0x00000236b23d1000 flushing nmethod 0x00000236a7cf6590
Event: 5.318 Thread 0x00000236b23db000 flushing nmethod 0x00000236a7f3e210
Event: 5.319 Thread 0x00000236b23db000 flushing nmethod 0x00000236a8208350
Event: 5.320 Executing VM operation: RevokeBias
Event: 5.320 Executing VM operation: RevokeBias done
Event: 5.320 Executing VM operation: RevokeBias
Event: 5.320 Executing VM operation: RevokeBias done


Dynamic libraries:
0x00007ff641920000 - 0x00007ff64196f000 	C:\Program Files\Java\jre1.8.0_461\bin\java.exe
0x00007ffae9200000 - 0x00007ffae93ee000 	C:\Windows\SYSTEM32\ntdll.dll
0x00007ffae8a10000 - 0x00007ffae8ac3000 	C:\Windows\System32\KERNEL32.DLL
0x00007ffae6180000 - 0x00007ffae641e000 	C:\Windows\System32\KERNELBASE.dll
0x00007ffae8e40000 - 0x00007ffae8ee9000 	C:\Windows\System32\ADVAPI32.dll
0x00007ffae8ca0000 - 0x00007ffae8d3e000 	C:\Windows\System32\msvcrt.dll
0x00007ffae90b0000 - 0x00007ffae9152000 	C:\Windows\System32\sechost.dll
0x00007ffae8520000 - 0x00007ffae863b000 	C:\Windows\System32\RPCRT4.dll
0x00007ffae52a0000 - 0x00007ffae52c6000 	C:\Windows\System32\bcrypt.dll
0x00007ffae8ad0000 - 0x00007ffae8c67000 	C:\Windows\System32\USER32.dll
0x00007ffae5880000 - 0x00007ffae58a0000 	C:\Windows\System32\win32u.dll
0x00007ffae8490000 - 0x00007ffae84b9000 	C:\Windows\System32\GDI32.dll
0x00007ffae55b0000 - 0x00007ffae575c000 	C:\Windows\System32\gdi32full.dll
0x00007ffae52f0000 - 0x00007ffae5390000 	C:\Windows\System32\msvcp_win.dll
0x00007ffae58a0000 - 0x00007ffae599a000 	C:\Windows\System32\ucrtbase.dll
0x00007ffad6420000 - 0x00007ffad6699000 	C:\Windows\WinSxS\amd64_microsoft.windows.common-controls_6595b64144ccf1df_6.0.17763.7792_none_de76c1ec534645e5\COMCTL32.dll
0x00007ffae6b30000 - 0x00007ffae6e5a000 	C:\Windows\System32\combase.dll
0x00007ffae59a0000 - 0x00007ffae5a22000 	C:\Windows\System32\bcryptPrimitives.dll
0x00007ffae8c70000 - 0x00007ffae8c9e000 	C:\Windows\System32\IMM32.DLL
0x00007ffacff60000 - 0x00007ffacff7b000 	C:\Program Files\Java\jre1.8.0_461\bin\vcruntime140.dll
0x00007ffad8260000 - 0x00007ffad826c000 	C:\Program Files\Java\jre1.8.0_461\bin\vcruntime140_1.dll
0x00007ffacfcf0000 - 0x00007ffacfd7e000 	C:\Program Files\Java\jre1.8.0_461\bin\msvcp140.dll
0x00007ffa84430000 - 0x00007ffa84cda000 	C:\Program Files\Java\jre1.8.0_461\bin\server\jvm.dll
0x00007ffae8d50000 - 0x00007ffae8d58000 	C:\Windows\System32\PSAPI.DLL
0x00007ffae2160000 - 0x00007ffae2184000 	C:\Windows\SYSTEM32\WINMM.dll
0x00007ffae0b00000 - 0x00007ffae0b0a000 	C:\Windows\SYSTEM32\VERSION.dll
0x00007ffaa9370000 - 0x00007ffaa9379000 	C:\Windows\SYSTEM32\WSOCK32.dll
0x00007ffae9160000 - 0x00007ffae91cd000 	C:\Windows\System32\WS2_32.dll
0x00007ffae2010000 - 0x00007ffae203d000 	C:\Windows\SYSTEM32\winmmbase.dll
0x00007ffae5250000 - 0x00007ffae529a000 	C:\Windows\System32\cfgmgr32.dll
0x00007ffae51b0000 - 0x00007ffae51c1000 	C:\Windows\System32\kernel.appcore.dll
0x00007ffad0b20000 - 0x00007ffad0b30000 	C:\Program Files\Java\jre1.8.0_461\bin\verify.dll
0x00007fface960000 - 0x00007fface98b000 	C:\Program Files\Java\jre1.8.0_461\bin\java.dll
0x00007ffaabff0000 - 0x00007ffaac027000 	C:\Program Files\Java\jre1.8.0_461\bin\instrument.dll
0x00007ffacff40000 - 0x00007ffacff58000 	C:\Program Files\Java\jre1.8.0_461\bin\zip.dll
0x00007ffae6f90000 - 0x00007ffae8488000 	C:\Windows\System32\SHELL32.dll
0x00007ffae6a80000 - 0x00007ffae6b27000 	C:\Windows\System32\shcore.dll
0x00007ffae5a30000 - 0x00007ffae6178000 	C:\Windows\System32\windows.storage.dll
0x00007ffae5180000 - 0x00007ffae51a3000 	C:\Windows\System32\profapi.dll
0x00007ffae51f0000 - 0x00007ffae524d000 	C:\Windows\System32\powrprof.dll
0x00007ffae84c0000 - 0x00007ffae8517000 	C:\Windows\System32\shlwapi.dll
0x00007ffae52d0000 - 0x00007ffae52eb000 	C:\Windows\System32\cryptsp.dll
0x00007ffacfc70000 - 0x00007ffacfc8c000 	C:\Program Files\Java\jre1.8.0_461\bin\net.dll
0x00007ffae4960000 - 0x00007ffae49c7000 	C:\Windows\system32\mswsock.dll
0x00007ffacec70000 - 0x00007ffacec83000 	C:\Program Files\Java\jre1.8.0_461\bin\nio.dll
0x00007ffaddcc0000 - 0x00007ffaddce7000 	D:\GradleHome\native\1def1411415f61bf3af743bc5b6707747c0891f09f0c88961ee8f79bc544acac\windows-amd64\native-platform.dll
0x00007ffad10f0000 - 0x00007ffad1168000 	D:\GradleHome\native\0.2.7\x86_64-windows-gnu\gradle-fileevents.dll
0x00007ffad0970000 - 0x00007ffad097d000 	C:\Program Files\Java\jre1.8.0_461\bin\management.dll
0x00007ffae4650000 - 0x00007ffae468d000 	C:\Windows\SYSTEM32\IPHLPAPI.DLL
0x00007ffae8d40000 - 0x00007ffae8d48000 	C:\Windows\System32\NSI.dll
0x00007ffadbc00000 - 0x00007ffadbc16000 	C:\Windows\SYSTEM32\dhcpcsvc6.DLL
0x00007ffadbb70000 - 0x00007ffadbb8c000 	C:\Windows\SYSTEM32\dhcpcsvc.DLL
0x00007ffae4690000 - 0x00007ffae4756000 	C:\Windows\SYSTEM32\DNSAPI.dll
0x00007ffae4480000 - 0x00007ffae44b3000 	C:\Windows\system32\rsaenh.dll
0x00007ffae5080000 - 0x00007ffae50a9000 	C:\Windows\SYSTEM32\USERENV.dll
0x00007ffae4b30000 - 0x00007ffae4b3c000 	C:\Windows\SYSTEM32\CRYPTBASE.dll
0x00007ffae38f0000 - 0x00007ffae3add000 	C:\Windows\SYSTEM32\dbghelp.dll

VM Arguments:
jvm_args: -XX:MaxMetaspaceSize=384m -XX:ReservedCodeCacheSize=96m -XX:+UseParallelGC -Xmx1G -Dfile.encoding=UTF-8 -Duser.country=CN -Duser.language=zh -Duser.variant -javaagent:D:\GradleHome\wrapper\dists\gradle-8.14.5-all\1iboiteofonv8taraljb5q1u0\gradle-8.14.5\lib\agents\gradle-instrumentation-agent-8.14.5.jar 
java_command: org.gradle.launcher.daemon.bootstrap.GradleDaemon 8.14.5
java_class_path (initial): D:\GradleHome\wrapper\dists\gradle-8.14.5-all\1iboiteofonv8taraljb5q1u0\gradle-8.14.5\lib\gradle-daemon-main-8.14.5.jar;D:\GradleHome\wrapper\dists\gradle-8.14.5-all\1iboiteofonv8taraljb5q1u0\gradle-8.14.5\lib\agents\gradle-instrumentation-agent-8.14.5.jar
Launcher Type: SUN_STANDARD

Environment Variables:
USERNAME=Administrator
OS=Windows_NT
PROCESSOR_IDENTIFIER=Intel64 Family 6 Model 106 Stepping 6, GenuineIntel



---------------  S Y S T E M  ---------------

OS: Windows 10 , 64 bit Build 17763 (10.0.17763.7009)

CPU:total 8 (initial active 8) (4 cores per cpu, 2 threads per core) family 6 model 106 stepping 6, cmov, cx8, fxsr, mmx, sse, sse2, sse3, ssse3, sse4.1, sse4.2, popcnt, avx, avx2, aes, clmul, erms, rtm, 3dnowpref, lzcnt, ht, tsc, bmi1, bmi2, adx

Memory: 4k page, physical 16776308k(1721992k free), swap 19764920k(13692k free)

vm_info: Java HotSpot(TM) 64-Bit Server VM (25.461-b11) for windows-amd64 JRE (1.8.0_461-b11), built on Jun 27 2025 10:22:42 by "java_re" with MS VC++ 17.6 (VS2022)

time: Fri Jun 19 19:15:23 2026
timezone: ÖĐąú±ę×ĽĘ±Ľä
elapsed time: 5.458466 seconds (0d 0h 0m 5s)

