#
# There is insufficient memory for the Java Runtime Environment to continue.
# Native memory allocation (malloc) failed to allocate 32744 bytes for ChunkPool::allocate
# Possible reasons:
#   The system is out of physical RAM or swap space
#   The process is running with CompressedOops enabled, and the Java Heap may be blocking the growth of the native heap
# Possible solutions:
#   Reduce memory load on the system
#   Increase physical memory or swap space
#   Check if swap backing store is full
#   Decrease Java heap size (-Xmx/-Xms)
#   Decrease number of Java threads
#   Decrease Java thread stack sizes (-Xss)
#   Set larger code cache with -XX:ReservedCodeCacheSize=
#   JVM is running with Unscaled Compressed Oops mode in which the Java heap is
#     placed in the first 4GB address space. The Java Heap base address is the
#     maximum limit for the native heap growth. Please use -XX:HeapBaseMinAddress
#     to set the Java Heap base and to place the Java Heap above 4GB virtual address.
# This output file may be truncated or incomplete.
#
#  Out of Memory Error (allocation.cpp:272), pid=4800, tid=0x0000000000001568
#
# JRE version: Java(TM) SE Runtime Environment (8.0_461) (build 1.8.0_461-b11)
# Java VM: Java HotSpot(TM) 64-Bit Server VM (25.461-b11 mixed mode windows-amd64 compressed oops)
# Failed to write core dump. Minidumps are not enabled by default on client versions of Windows
#

---------------  T H R E A D  ---------------

Current thread (0x0000024610eb6800):  JavaThread "C2 CompilerThread2" daemon [_thread_in_native, id=5480, stack(0x0000006fc0a00000,0x0000006fc0b00000)]

Stack: [0x0000006fc0a00000,0x0000006fc0b00000]
Native frames: (J=compiled Java code, j=interpreted, Vv=VM code, C=native code)
V  [jvm.dll+0x34c1c9]


Current CompileTask:
C2:   5606 5630   !   4       java.io.ObjectOutputStream::writeObject0 (619 bytes)


---------------  P R O C E S S  ---------------

Java Threads: ( => current thread )
  0x00000246163cf000 JavaThread "Unconstrained build operations Thread 3" [_thread_in_Java, id=14464, stack(0x0000006fc2f00000,0x0000006fc3000000)]
  0x00000246163cd000 JavaThread "Unconstrained build operations Thread 2" [_thread_blocked, id=3304, stack(0x0000006fc2e00000,0x0000006fc2f00000)]
  0x00000246163cc000 JavaThread "Unconstrained build operations" [_thread_blocked, id=3120, stack(0x0000006fc2d00000,0x0000006fc2e00000)]
  0x00000246163cb800 JavaThread "Cache worker for Build Output Cleanup Cache (D:\flutter_windows_3.41.7-stable\flutter\packages\flutter_tools\gradle\.gradle\buildOutputCleanup)" [_thread_blocked, id=3084, stack(0x0000006fc2c00000,0x0000006fc2d00000)]
  0x00000246163c3800 JavaThread "Cache worker for cache directory md-rule (D:\GradleHome\caches\8.14.5\md-rule)" [_thread_blocked, id=12312, stack(0x0000006fc2b00000,0x0000006fc2c00000)]
  0x00000246163c7800 JavaThread "Cache worker for cache directory md-supplier (D:\GradleHome\caches\8.14.5\md-supplier)" [_thread_blocked, id=15264, stack(0x0000006fc2a00000,0x0000006fc2b00000)]
  0x00000246163c6000 JavaThread "jar transforms Thread 8" [_thread_blocked, id=8008, stack(0x0000006fc2900000,0x0000006fc2a00000)]
  0x00000246163ca800 JavaThread "jar transforms Thread 7" [_thread_blocked, id=13868, stack(0x0000006fc2800000,0x0000006fc2900000)]
  0x00000246163ca000 JavaThread "jar transforms Thread 6" [_thread_blocked, id=4504, stack(0x0000006fc2700000,0x0000006fc2800000)]
  0x00000246163c9000 JavaThread "Cache worker for file content cache (D:\GradleHome\caches\8.14.5\fileContent)" [_thread_blocked, id=13404, stack(0x0000006fc2600000,0x0000006fc2700000)]
  0x00000246163c5000 JavaThread "Cache worker for checksums cache (D:\OpenClaw\.openclaw\workspace\mr\android\.gradle\8.14.5\checksums)" [_thread_blocked, id=16308, stack(0x0000006fc2500000,0x0000006fc2600000)]
  0x00000246163c1800 JavaThread "jar transforms Thread 5" [_thread_blocked, id=11280, stack(0x0000006fc2400000,0x0000006fc2500000)]
  0x00000246163c8000 JavaThread "jar transforms Thread 4" [_thread_blocked, id=3808, stack(0x0000006fc2300000,0x0000006fc2400000)]
  0x00000246163c3000 JavaThread "jar transforms Thread 3" [_thread_blocked, id=13844, stack(0x0000006fc2200000,0x0000006fc2300000)]
  0x00000246163c6800 JavaThread "jar transforms Thread 2" [_thread_blocked, id=11380, stack(0x0000006fc2100000,0x0000006fc2200000)]
  0x0000024613532800 JavaThread "jar transforms" [_thread_blocked, id=11504, stack(0x0000006fc2000000,0x0000006fc2100000)]
  0x0000024613531000 JavaThread "File watcher consumer" daemon [_thread_blocked, id=17656, stack(0x0000006fc1f00000,0x0000006fc2000000)]
  0x0000024613535000 JavaThread "File watcher server" daemon [_thread_in_native, id=15756, stack(0x0000006fc1e00000,0x0000006fc1f00000)]
  0x0000024613536800 JavaThread "Cache worker for Build Output Cleanup Cache (D:\OpenClaw\.openclaw\workspace\mr\android\.gradle\buildOutputCleanup)" [_thread_blocked, id=12184, stack(0x0000006fc1d00000,0x0000006fc1e00000)]
  0x0000024613534000 JavaThread "Cache worker for file hash cache (D:\OpenClaw\.openclaw\workspace\mr\android\.gradle\8.14.5\fileHashes)" [_thread_blocked, id=5560, stack(0x0000006fc1c00000,0x0000006fc1d00000)]
  0x0000024613530800 JavaThread "Problems report writer" [_thread_blocked, id=17520, stack(0x0000006fc1b00000,0x0000006fc1c00000)]
  0x000002461352f800 JavaThread "Cache worker for file hash cache (D:\GradleHome\caches\8.14.5\fileHashes)" [_thread_blocked, id=15464, stack(0x0000006fc1a00000,0x0000006fc1b00000)]
  0x0000024613535800 JavaThread "File lock request listener" [_thread_in_native, id=17692, stack(0x0000006fc1900000,0x0000006fc1a00000)]
  0x0000024613532000 JavaThread "Cache worker for journal cache (D:\GradleHome\caches\journal-1)" [_thread_blocked, id=9676, stack(0x0000006fc1800000,0x0000006fc1900000)]
  0x00000246132dc800 JavaThread "Daemon client event forwarder" [_thread_blocked, id=11368, stack(0x0000006fc1700000,0x0000006fc1800000)]
  0x00000246132db800 JavaThread "Stdin handler" [_thread_blocked, id=15084, stack(0x0000006fc1600000,0x0000006fc1700000)]
  0x00000246132d9000 JavaThread "Asynchronous log dispatcher for DefaultDaemonConnection: socket connection from /127.0.0.1:56495 to /127.0.0.1:56496" [_thread_blocked, id=10368, stack(0x0000006fc1500000,0x0000006fc1600000)]
  0x0000024613359000 JavaThread "Daemon worker" [_thread_blocked, id=13420, stack(0x0000006fc1400000,0x0000006fc1500000)]
  0x0000024613354800 JavaThread "Cancel handler" [_thread_blocked, id=17280, stack(0x0000006fc1300000,0x0000006fc1400000)]
  0x00000246132b3800 JavaThread "Handler for socket connection from /127.0.0.1:56495 to /127.0.0.1:56496" [_thread_in_native, id=17036, stack(0x0000006fc1200000,0x0000006fc1300000)]
  0x0000024611685800 JavaThread "Daemon" [_thread_blocked, id=2224, stack(0x0000006fc1100000,0x0000006fc1200000)]
  0x0000024611284800 JavaThread "Daemon periodic checks" [_thread_blocked, id=11096, stack(0x0000006fc1000000,0x0000006fc1100000)]
  0x000002461122c800 JavaThread "Incoming local TCP Connector on port 56495" [_thread_in_native, id=11372, stack(0x0000006fc0f00000,0x0000006fc1000000)]
  0x0000024611b66800 JavaThread "Daemon health stats" [_thread_blocked, id=16908, stack(0x0000006fc0e00000,0x0000006fc0f00000)]
  0x0000024610f59000 JavaThread "Service Thread" daemon [_thread_blocked, id=18196, stack(0x0000006fc0c00000,0x0000006fc0d00000)]
  0x0000024610eb9000 JavaThread "C1 CompilerThread3" daemon [_thread_blocked, id=17524, stack(0x0000006fc0b00000,0x0000006fc0c00000)]
=>0x0000024610eb6800 JavaThread "C2 CompilerThread2" daemon [_thread_in_native, id=5480, stack(0x0000006fc0a00000,0x0000006fc0b00000)]
  0x0000024610eb5800 JavaThread "C2 CompilerThread1" daemon [_thread_blocked, id=4412, stack(0x0000006fc0900000,0x0000006fc0a00000)]
  0x0000024610e72800 JavaThread "C2 CompilerThread0" daemon [_thread_in_native, id=18020, stack(0x0000006fc0800000,0x0000006fc0900000)]
  0x000002460f0fb000 JavaThread "Attach Listener" daemon [_thread_blocked, id=10248, stack(0x0000006fc0700000,0x0000006fc0800000)]
  0x000002460f0fa800 JavaThread "Signal Dispatcher" daemon [_thread_blocked, id=16124, stack(0x0000006fc0600000,0x0000006fc0700000)]
  0x000002460f073000 JavaThread "Finalizer" daemon [_thread_blocked, id=17996, stack(0x0000006fc0500000,0x0000006fc0600000)]
  0x000002460f04b800 JavaThread "Reference Handler" daemon [_thread_blocked, id=1256, stack(0x0000006fc0400000,0x0000006fc0500000)]
  0x00000246044e7000 JavaThread "main" [_thread_blocked, id=12208, stack(0x0000006fbfa00000,0x0000006fbfb00000)]

Other Threads:
  0x000002460f041800 VMThread [stack: 0x0000006fc0300000,0x0000006fc0400000] [id=16868]
  0x0000024610f64000 WatcherThread [stack: 0x0000006fc0d00000,0x0000006fc0e00000] [id=15456]

VM state:not at safepoint (normal execution)

VM Mutex/Monitor currently owned by a thread: None

heap address: 0x00000000c0000000, size: 1024 MB, Compressed Oops mode: 32-bit
Narrow klass base: 0x0000000000000000, Narrow klass shift: 3
Compressed class space size: 394264576 Address: 0x0000000100000000

Heap:
 PSYoungGen      total 279552K, used 89202K [0x00000000eab00000, 0x0000000100000000, 0x0000000100000000)
  eden space 261632K, 27% used [0x00000000eab00000,0x00000000ef0a3d38,0x00000000faa80000)
  from space 17920K, 99% used [0x00000000faa80000,0x00000000fbbf8c50,0x00000000fbc00000)
  to   space 20992K, 0% used [0x00000000feb80000,0x00000000feb80000,0x0000000100000000)
 ParOldGen       total 196608K, used 24012K [0x00000000c0000000, 0x00000000cc000000, 0x00000000eab00000)
  object space 196608K, 12% used [0x00000000c0000000,0x00000000c1773340,0x00000000cc000000)
 Metaspace       used 53476K, capacity 57904K, committed 58112K, reserved 436224K
  class space    used 7679K, capacity 8430K, committed 8448K, reserved 385024K

Card table byte_map: [0x000002460c0a0000,0x000002460c2b0000] byte_map_base: 0x000002460baa0000

Marking Bits: (ParMarkBitMap*) 0x00007ffa84c0a3e0
 Begin Bits: [0x000002460c410000, 0x000002460d410000)
 End Bits:   [0x000002460d410000, 0x000002460e410000)

Polling page: 0x0000024604490000

CodeCache: size=98304Kb used=15970Kb max_used=15970Kb free=82333Kb
 bounds [0x0000024605f20000, 0x0000024606ed0000, 0x000002460bf20000]
 total_blobs=5654 nmethods=4854 adapters=712
 compilation: enabled

Compilation events (10 events):
Event: 5.545 Thread 0x0000024610eb9000 5692       3       org.gradle.internal.operations.notify.BuildOperationNotificationBridge$RecordingListener::started (12 bytes)
Event: 5.545 Thread 0x0000024610eb9000 nmethod 5692 0x0000024606ec6110 code [0x0000024606ec6280, 0x0000024606ec64b0]
Event: 5.583 Thread 0x0000024610eb9000 5693   !   3       org.gradle.cache.internal.btree.BTreePersistentIndexedCache::get (57 bytes)
Event: 5.584 Thread 0x0000024610eb9000 nmethod 5693 0x0000024606ec6590 code [0x0000024606ec6840, 0x0000024606ec7a00]
Event: 5.584 Thread 0x0000024610eb9000 5694       3       org.gradle.cache.internal.btree.BTreePersistentIndexedCache$IndexBlock::get (38 bytes)
Event: 5.584 Thread 0x0000024610eb9000 nmethod 5694 0x0000024606ec8690 code [0x0000024606ec8880, 0x0000024606ec8f70]
Event: 5.584 Thread 0x0000024610eb9000 5695       3       org.gradle.cache.internal.btree.BTreePersistentIndexedCache$IndexBlock::find (18 bytes)
Event: 5.585 Thread 0x0000024610eb9000 nmethod 5695 0x0000024606ec9510 code [0x0000024606ec96c0, 0x0000024606ec9aa0]
Event: 5.585 Thread 0x0000024610eb9000 5696       3       org.gradle.cache.internal.btree.BTreePersistentIndexedCache$DataBlock::getValue (47 bytes)
Event: 5.585 Thread 0x0000024610eb9000 nmethod 5696 0x0000024606ec9dd0 code [0x0000024606ec9fa0, 0x0000024606eca6d0]

GC Heap History (10 events):
Event: 2.476 GC heap before
{Heap before GC invocations=7 (full 1):
 PSYoungGen      total 141824K, used 131072K [0x00000000eab00000, 0x00000000fc700000, 0x0000000100000000)
  eden space 131072K, 100% used [0x00000000eab00000,0x00000000f2b00000,0x00000000f2b00000)
  from space 10752K, 0% used [0x00000000f2b00000,0x00000000f2b00000,0x00000000f3580000)
  to   space 14336K, 0% used [0x00000000fb900000,0x00000000fb900000,0x00000000fc700000)
 ParOldGen       total 116736K, used 12184K [0x00000000c0000000, 0x00000000c7200000, 0x00000000eab00000)
  object space 116736K, 10% used [0x00000000c0000000,0x00000000c0be6090,0x00000000c7200000)
 Metaspace       used 25174K, capacity 26366K, committed 26496K, reserved 407552K
  class space    used 3612K, capacity 3877K, committed 3968K, reserved 385024K
Event: 2.482 GC heap after
Heap after GC invocations=7 (full 1):
 PSYoungGen      total 194560K, used 7799K [0x00000000eab00000, 0x00000000fc100000, 0x0000000100000000)
  eden space 186368K, 0% used [0x00000000eab00000,0x00000000eab00000,0x00000000f6100000)
  from space 8192K, 95% used [0x00000000fb900000,0x00000000fc09dfc0,0x00000000fc100000)
  to   space 13312K, 0% used [0x00000000fa700000,0x00000000fa700000,0x00000000fb400000)
 ParOldGen       total 116736K, used 12192K [0x00000000c0000000, 0x00000000c7200000, 0x00000000eab00000)
  object space 116736K, 10% used [0x00000000c0000000,0x00000000c0be8090,0x00000000c7200000)
 Metaspace       used 25174K, capacity 26366K, committed 26496K, reserved 407552K
  class space    used 3612K, capacity 3877K, committed 3968K, reserved 385024K
}
Event: 3.164 GC heap before
{Heap before GC invocations=8 (full 1):
 PSYoungGen      total 194560K, used 172542K [0x00000000eab00000, 0x00000000fc100000, 0x0000000100000000)
  eden space 186368K, 88% used [0x00000000eab00000,0x00000000f4be1b98,0x00000000f6100000)
  from space 8192K, 95% used [0x00000000fb900000,0x00000000fc09dfc0,0x00000000fc100000)
  to   space 13312K, 0% used [0x00000000fa700000,0x00000000fa700000,0x00000000fb400000)
 ParOldGen       total 116736K, used 12192K [0x00000000c0000000, 0x00000000c7200000, 0x00000000eab00000)
  object space 116736K, 10% used [0x00000000c0000000,0x00000000c0be8090,0x00000000c7200000)
 Metaspace       used 33392K, capacity 35448K, committed 35496K, reserved 415744K
  class space    used 4916K, capacity 5345K, committed 5376K, reserved 385024K
Event: 3.173 GC heap after
Heap after GC invocations=8 (full 1):
 PSYoungGen      total 271360K, used 13303K [0x00000000eab00000, 0x00000000fcb80000, 0x0000000100000000)
  eden space 258048K, 0% used [0x00000000eab00000,0x00000000eab00000,0x00000000fa700000)
  from space 13312K, 99% used [0x00000000fa700000,0x00000000fb3fdf80,0x00000000fb400000)
  to   space 15872K, 0% used [0x00000000fbc00000,0x00000000fbc00000,0x00000000fcb80000)
 ParOldGen       total 116736K, used 13328K [0x00000000c0000000, 0x00000000c7200000, 0x00000000eab00000)
  object space 116736K, 11% used [0x00000000c0000000,0x00000000c0d04150,0x00000000c7200000)
 Metaspace       used 33392K, capacity 35448K, committed 35496K, reserved 415744K
  class space    used 4916K, capacity 5345K, committed 5376K, reserved 385024K
}
Event: 3.173 GC heap before
{Heap before GC invocations=9 (full 2):
 PSYoungGen      total 271360K, used 13303K [0x00000000eab00000, 0x00000000fcb80000, 0x0000000100000000)
  eden space 258048K, 0% used [0x00000000eab00000,0x00000000eab00000,0x00000000fa700000)
  from space 13312K, 99% used [0x00000000fa700000,0x00000000fb3fdf80,0x00000000fb400000)
  to   space 15872K, 0% used [0x00000000fbc00000,0x00000000fbc00000,0x00000000fcb80000)
 ParOldGen       total 116736K, used 13328K [0x00000000c0000000, 0x00000000c7200000, 0x00000000eab00000)
  object space 116736K, 11% used [0x00000000c0000000,0x00000000c0d04150,0x00000000c7200000)
 Metaspace       used 33392K, capacity 35448K, committed 35496K, reserved 415744K
  class space    used 4916K, capacity 5345K, committed 5376K, reserved 385024K
Event: 3.222 GC heap after
Heap after GC invocations=9 (full 2):
 PSYoungGen      total 271360K, used 0K [0x00000000eab00000, 0x00000000fcb80000, 0x0000000100000000)
  eden space 258048K, 0% used [0x00000000eab00000,0x00000000eab00000,0x00000000fa700000)
  from space 13312K, 0% used [0x00000000fa700000,0x00000000fa700000,0x00000000fb400000)
  to   space 15872K, 0% used [0x00000000fbc00000,0x00000000fbc00000,0x00000000fcb80000)
 ParOldGen       total 196608K, used 21928K [0x00000000c0000000, 0x00000000cc000000, 0x00000000eab00000)
  object space 196608K, 11% used [0x00000000c0000000,0x00000000c156a0f0,0x00000000cc000000)
 Metaspace       used 33385K, capacity 35424K, committed 35496K, reserved 415744K
  class space    used 4913K, capacity 5341K, committed 5376K, reserved 385024K
}
Event: 4.223 GC heap before
{Heap before GC invocations=10 (full 2):
 PSYoungGen      total 271360K, used 258048K [0x00000000eab00000, 0x00000000fcb80000, 0x0000000100000000)
  eden space 258048K, 100% used [0x00000000eab00000,0x00000000fa700000,0x00000000fa700000)
  from space 13312K, 0% used [0x00000000fa700000,0x00000000fa700000,0x00000000fb400000)
  to   space 15872K, 0% used [0x00000000fbc00000,0x00000000fbc00000,0x00000000fcb80000)
 ParOldGen       total 196608K, used 21928K [0x00000000c0000000, 0x00000000cc000000, 0x00000000eab00000)
  object space 196608K, 11% used [0x00000000c0000000,0x00000000c156a0f0,0x00000000cc000000)
 Metaspace       used 44477K, capacity 47274K, committed 47488K, reserved 425984K
  class space    used 6248K, capacity 6784K, committed 6784K, reserved 385024K
Event: 4.233 GC heap after
Heap after GC invocations=10 (full 2):
 PSYoungGen      total 277504K, used 15213K [0x00000000eab00000, 0x0000000100000000, 0x0000000100000000)
  eden space 261632K, 0% used [0x00000000eab00000,0x00000000eab00000,0x00000000faa80000)
  from space 15872K, 95% used [0x00000000fbc00000,0x00000000fcadb448,0x00000000fcb80000)
  to   space 17920K, 0% used [0x00000000faa80000,0x00000000faa80000,0x00000000fbc00000)
 ParOldGen       total 196608K, used 21936K [0x00000000c0000000, 0x00000000cc000000, 0x00000000eab00000)
  object space 196608K, 11% used [0x00000000c0000000,0x00000000c156c0f0,0x00000000cc000000)
 Metaspace       used 44477K, capacity 47274K, committed 47488K, reserved 425984K
  class space    used 6248K, capacity 6784K, committed 6784K, reserved 385024K
}
Event: 5.074 GC heap before
{Heap before GC invocations=11 (full 2):
 PSYoungGen      total 277504K, used 276845K [0x00000000eab00000, 0x0000000100000000, 0x0000000100000000)
  eden space 261632K, 100% used [0x00000000eab00000,0x00000000faa80000,0x00000000faa80000)
  from space 15872K, 95% used [0x00000000fbc00000,0x00000000fcadb448,0x00000000fcb80000)
  to   space 17920K, 0% used [0x00000000faa80000,0x00000000faa80000,0x00000000fbc00000)
 ParOldGen       total 196608K, used 21936K [0x00000000c0000000, 0x00000000cc000000, 0x00000000eab00000)
  object space 196608K, 11% used [0x00000000c0000000,0x00000000c156c0f0,0x00000000cc000000)
 Metaspace       used 51719K, capacity 55530K, committed 55808K, reserved 434176K
  class space    used 7421K, capacity 8105K, committed 8192K, reserved 385024K
Event: 5.082 GC heap after
Heap after GC invocations=11 (full 2):
 PSYoungGen      total 279552K, used 17891K [0x00000000eab00000, 0x0000000100000000, 0x0000000100000000)
  eden space 261632K, 0% used [0x00000000eab00000,0x00000000eab00000,0x00000000faa80000)
  from space 17920K, 99% used [0x00000000faa80000,0x00000000fbbf8c50,0x00000000fbc00000)
  to   space 20992K, 0% used [0x00000000feb80000,0x00000000feb80000,0x0000000100000000)
 ParOldGen       total 196608K, used 24012K [0x00000000c0000000, 0x00000000cc000000, 0x00000000eab00000)
  object space 196608K, 12% used [0x00000000c0000000,0x00000000c1773340,0x00000000cc000000)
 Metaspace       used 51719K, capacity 55530K, committed 55808K, reserved 434176K
  class space    used 7421K, capacity 8105K, committed 8192K, reserved 385024K
}

Deoptimization events (10 events):
Event: 4.683 Thread 0x0000024613359000 Uncommon trap: reason=unstable_if action=reinterpret pc=0x0000024606a21c24 method=org.gradle.internal.reflect.PropertyAccessorType.isGetGetterName(Ljava/lang/String;)Z @ 14
Event: 4.708 Thread 0x0000024613359000 Uncommon trap: reason=unstable_if action=reinterpret pc=0x00000246063e8474 method=java.lang.String.lastIndexOf([CII[CIII)I @ 118
Event: 4.746 Thread 0x0000024613359000 Uncommon trap: reason=unstable_if action=reinterpret pc=0x00000246067fbefc method=java.lang.ClassLoader.checkCerts(Ljava/lang/String;Ljava/security/CodeSource;)V @ 29
Event: 5.269 Thread 0x0000024613359000 Uncommon trap: reason=unstable_if action=reinterpret pc=0x00000246065a9074 method=java.util.concurrent.ConcurrentHashMap.addCount(JI)V @ 34
Event: 5.270 Thread 0x00000246163cc000 Uncommon trap: reason=unstable_if action=reinterpret pc=0x0000024606d79fd8 method=com.esotericsoftware.kryo.io.Input.readUtf8Length(I)I @ 9
Event: 5.270 Thread 0x0000024613359000 Uncommon trap: reason=unstable_if action=reinterpret pc=0x0000024606d746e8 method=com.esotericsoftware.kryo.io.Input.readUtf8Length(I)I @ 9
Event: 5.271 Thread 0x00000246163cc000 Uncommon trap: reason=unstable_if action=reinterpret pc=0x00000246064d9338 method=java.util.concurrent.ConcurrentHashMap.addCount(JI)V @ 7
Event: 5.271 Thread 0x0000024613359000 Uncommon trap: reason=unstable_if action=reinterpret pc=0x00000246064d9338 method=java.util.concurrent.ConcurrentHashMap.addCount(JI)V @ 7
Event: 5.272 Thread 0x00000246163cc000 Uncommon trap: reason=unstable_if action=reinterpret pc=0x0000024606352ae4 method=com.esotericsoftware.kryo.io.Input.readUtf8Length(I)I @ 9
Event: 5.342 Thread 0x0000024613359000 Uncommon trap: reason=unstable_if action=reinterpret pc=0x000002460633f32c method=org.gradle.internal.snapshot.VfsRelativePath.isPrefix(Ljava/lang/String;ILjava/lang/String;ILorg/gradle/internal/snapshot/CaseSensitivity;)Z @ 101

Classes redefined (0 events):
No events

Internal exceptions (10 events):
Event: 4.748 Thread 0x0000024613359000 Exception <a 'java/lang/ClassNotFoundException': java/io/FileCustomizer> (0x00000000f50b33e0) thrown at [C:\jenkins\workspace\8-2-build-windows-x64-cygwin-sans-NAS\jdk8u461\2086\hotspot\src\share\vm\classfile\systemDictionary.cpp, line 213]
Event: 4.761 Thread 0x00000246132dc800 Exception <a 'java/lang/NoSuchMethodError': <clinit>> (0x00000000eaf88260) thrown at [C:\jenkins\workspace\8-2-build-windows-x64-cygwin-sans-NAS\jdk8u461\2086\hotspot\src\share\vm\prims\jni.cpp, line 1622]
Event: 4.922 Thread 0x0000024613359000 Exception <a 'java/lang/NoSuchMethodError': java.lang.Object.lambda$static$0(Lorg/gradle/api/internal/artifacts/configurations/MutationValidator$MutationType;)V> (0x00000000f79f1ce8) thrown at [C:\jenkins\workspace\8-2-build-windows-x64-cygwin-sans-NAS\jd
Event: 4.980 Thread 0x0000024613359000 Exception <a 'java/lang/NoSuchMethodError': java.lang.Object.lambda$static$0(Lorg/gradle/internal/component/model/DependencyMetadata;)Lorg/gradle/api/internal/artifacts/ivyservice/resolveengine/graph/builder/DependencyState;> (0x00000000f8e4c020) thrown a
Event: 5.015 Thread 0x0000024613359000 Exception <a 'java/lang/NoSuchMethodError': java.lang.Object.lambda$negate$1(Ljava/lang/Object;)Z> (0x00000000f9a41930) thrown at [C:\jenkins\workspace\8-2-build-windows-x64-cygwin-sans-NAS\jdk8u461\2086\hotspot\src\share\vm\interpreter\linkResolver.cpp, 
Event: 5.123 Thread 0x0000024613359000 Exception <a 'java/lang/NoSuchMethodError': java.lang.Object.lambda$static$0(Lorg/gradle/api/internal/tasks/TaskDependencyResolveContext;)V> (0x00000000eb6db420) thrown at [C:\jenkins\workspace\8-2-build-windows-x64-cygwin-sans-NAS\jdk8u461\2086\hotspot\s
Event: 5.252 Thread 0x0000024613359000 Exception <a 'java/lang/IncompatibleClassChangeError': Found class java.lang.Object, but interface was expected> (0x00000000ec6f9b98) thrown at [C:\jenkins\workspace\8-2-build-windows-x64-cygwin-sans-NAS\jdk8u461\2086\hotspot\src\share\vm\interpreter\link
Event: 5.285 Thread 0x0000024613359000 Exception <a 'java/lang/NoSuchMethodError': java.lang.Object.lambda$rethrowFailuresAndReportProblems$0(Lorg/gradle/api/internal/artifacts/ivyservice/TypedResolveException;)V> (0x00000000ec9c17b8) thrown at [C:\jenkins\workspace\8-2-build-windows-x64-cygwi
Event: 5.399 Thread 0x0000024613359000 Exception <a 'java/lang/NoSuchMethodError': java.lang.Object.lambda$flatMap$1(Ljava/util/function/Function;)Lorg/gradle/internal/Deferrable;> (0x00000000ee0bb540) thrown at [C:\jenkins\workspace\8-2-build-windows-x64-cygwin-sans-NAS\jdk8u461\2086\hotspot\
Event: 5.399 Thread 0x0000024613359000 Exception <a 'java/lang/NoSuchMethodError': java.lang.Object.lambda$flatMap$0(Ljava/util/function/Function;)Ljava/lang/Object;> (0x00000000ee0c0df8) thrown at [C:\jenkins\workspace\8-2-build-windows-x64-cygwin-sans-NAS\jdk8u461\2086\hotspot\src\share\vm\i

Events (10 events):
Event: 5.458 Executing VM operation: RevokeBias done
Event: 5.459 Thread 0x0000024610eb9000 flushing nmethod 0x0000024606333450
Event: 5.460 Thread 0x0000024610eb9000 flushing nmethod 0x00000246065c1ad0
Event: 5.460 Thread 0x0000024610eb9000 flushing nmethod 0x00000246066e6a50
Event: 5.460 Thread 0x0000024610eb9000 flushing nmethod 0x00000246066fa5d0
Event: 5.460 Thread 0x0000024610eb9000 flushing nmethod 0x00000246066fb250
Event: 5.460 Thread 0x0000024610eb9000 flushing nmethod 0x00000246067c6f90
Event: 5.460 Thread 0x0000024610eb9000 flushing nmethod 0x00000246067c7c90
Event: 5.461 Thread 0x0000024610eb9000 flushing nmethod 0x0000024606818190
Event: 5.461 Thread 0x0000024610eb9000 flushing nmethod 0x0000024606cf9e90


Dynamic libraries:
0x00007ff641920000 - 0x00007ff64196f000 	C:\Program Files\Java\jre1.8.0_461\bin\java.exe
0x00007ffae9200000 - 0x00007ffae93ee000 	C:\Windows\SYSTEM32\ntdll.dll
0x00007ffae8a10000 - 0x00007ffae8ac3000 	C:\Windows\System32\KERNEL32.DLL
0x00007ffae6180000 - 0x00007ffae641e000 	C:\Windows\System32\KERNELBASE.dll
0x00007ffae8e40000 - 0x00007ffae8ee9000 	C:\Windows\System32\ADVAPI32.dll
0x00007ffae8ca0000 - 0x00007ffae8d3e000 	C:\Windows\System32\msvcrt.dll
0x00007ffae90b0000 - 0x00007ffae9152000 	C:\Windows\System32\sechost.dll
0x00007ffae8520000 - 0x00007ffae863b000 	C:\Windows\System32\RPCRT4.dll
0x00007ffae52a0000 - 0x00007ffae52c6000 	C:\Windows\System32\bcrypt.dll
0x00007ffae8ad0000 - 0x00007ffae8c67000 	C:\Windows\System32\USER32.dll
0x00007ffae5880000 - 0x00007ffae58a0000 	C:\Windows\System32\win32u.dll
0x00007ffae8490000 - 0x00007ffae84b9000 	C:\Windows\System32\GDI32.dll
0x00007ffae55b0000 - 0x00007ffae575c000 	C:\Windows\System32\gdi32full.dll
0x00007ffae52f0000 - 0x00007ffae5390000 	C:\Windows\System32\msvcp_win.dll
0x00007ffae58a0000 - 0x00007ffae599a000 	C:\Windows\System32\ucrtbase.dll
0x00007ffad6420000 - 0x00007ffad6699000 	C:\Windows\WinSxS\amd64_microsoft.windows.common-controls_6595b64144ccf1df_6.0.17763.7792_none_de76c1ec534645e5\COMCTL32.dll
0x00007ffae6b30000 - 0x00007ffae6e5a000 	C:\Windows\System32\combase.dll
0x00007ffae59a0000 - 0x00007ffae5a22000 	C:\Windows\System32\bcryptPrimitives.dll
0x00007ffae8c70000 - 0x00007ffae8c9e000 	C:\Windows\System32\IMM32.DLL
0x00007ffacff60000 - 0x00007ffacff7b000 	C:\Program Files\Java\jre1.8.0_461\bin\vcruntime140.dll
0x00007ffad8260000 - 0x00007ffad826c000 	C:\Program Files\Java\jre1.8.0_461\bin\vcruntime140_1.dll
0x00007ffacfcf0000 - 0x00007ffacfd7e000 	C:\Program Files\Java\jre1.8.0_461\bin\msvcp140.dll
0x00007ffa84430000 - 0x00007ffa84cda000 	C:\Program Files\Java\jre1.8.0_461\bin\server\jvm.dll
0x00007ffae8d50000 - 0x00007ffae8d58000 	C:\Windows\System32\PSAPI.DLL
0x00007ffaa9370000 - 0x00007ffaa9379000 	C:\Windows\SYSTEM32\WSOCK32.dll
0x00007ffae2160000 - 0x00007ffae2184000 	C:\Windows\SYSTEM32\WINMM.dll
0x00007ffae0b00000 - 0x00007ffae0b0a000 	C:\Windows\SYSTEM32\VERSION.dll
0x00007ffae9160000 - 0x00007ffae91cd000 	C:\Windows\System32\WS2_32.dll
0x00007ffae2010000 - 0x00007ffae203d000 	C:\Windows\SYSTEM32\WINMMBASE.dll
0x00007ffae5250000 - 0x00007ffae529a000 	C:\Windows\System32\cfgmgr32.dll
0x00007ffae51b0000 - 0x00007ffae51c1000 	C:\Windows\System32\kernel.appcore.dll
0x00007ffad0b20000 - 0x00007ffad0b30000 	C:\Program Files\Java\jre1.8.0_461\bin\verify.dll
0x00007fface960000 - 0x00007fface98b000 	C:\Program Files\Java\jre1.8.0_461\bin\java.dll
0x00007ffaabff0000 - 0x00007ffaac027000 	C:\Program Files\Java\jre1.8.0_461\bin\instrument.dll
0x00007ffacff40000 - 0x00007ffacff58000 	C:\Program Files\Java\jre1.8.0_461\bin\zip.dll
0x00007ffae6f90000 - 0x00007ffae8488000 	C:\Windows\System32\SHELL32.dll
0x00007ffae6a80000 - 0x00007ffae6b27000 	C:\Windows\System32\shcore.dll
0x00007ffae5a30000 - 0x00007ffae6178000 	C:\Windows\System32\windows.storage.dll
0x00007ffae5180000 - 0x00007ffae51a3000 	C:\Windows\System32\profapi.dll
0x00007ffae51f0000 - 0x00007ffae524d000 	C:\Windows\System32\powrprof.dll
0x00007ffae84c0000 - 0x00007ffae8517000 	C:\Windows\System32\shlwapi.dll
0x00007ffae52d0000 - 0x00007ffae52eb000 	C:\Windows\System32\cryptsp.dll
0x00007ffacfc70000 - 0x00007ffacfc8c000 	C:\Program Files\Java\jre1.8.0_461\bin\net.dll
0x00007ffae4960000 - 0x00007ffae49c7000 	C:\Windows\system32\mswsock.dll
0x00007ffacec70000 - 0x00007ffacec83000 	C:\Program Files\Java\jre1.8.0_461\bin\nio.dll
0x00007ffaddcc0000 - 0x00007ffaddce7000 	D:\GradleHome\native\1def1411415f61bf3af743bc5b6707747c0891f09f0c88961ee8f79bc544acac\windows-amd64\native-platform.dll
0x00007ffad10f0000 - 0x00007ffad1168000 	D:\GradleHome\native\0.2.7\x86_64-windows-gnu\gradle-fileevents.dll
0x00007ffad0970000 - 0x00007ffad097d000 	C:\Program Files\Java\jre1.8.0_461\bin\management.dll
0x00007ffae4650000 - 0x00007ffae468d000 	C:\Windows\SYSTEM32\IPHLPAPI.DLL
0x00007ffae8d40000 - 0x00007ffae8d48000 	C:\Windows\System32\NSI.dll
0x00007ffadbc00000 - 0x00007ffadbc16000 	C:\Windows\SYSTEM32\dhcpcsvc6.DLL
0x00007ffadbb70000 - 0x00007ffadbb8c000 	C:\Windows\SYSTEM32\dhcpcsvc.DLL
0x00007ffae4690000 - 0x00007ffae4756000 	C:\Windows\SYSTEM32\DNSAPI.dll
0x00007ffae4480000 - 0x00007ffae44b3000 	C:\Windows\system32\rsaenh.dll
0x00007ffae5080000 - 0x00007ffae50a9000 	C:\Windows\SYSTEM32\USERENV.dll
0x00007ffae4b30000 - 0x00007ffae4b3c000 	C:\Windows\SYSTEM32\CRYPTBASE.dll

VM Arguments:
jvm_args: -XX:MaxMetaspaceSize=384m -XX:ReservedCodeCacheSize=96m -XX:+UseParallelGC -Xmx1G -Dfile.encoding=UTF-8 -Duser.country=CN -Duser.language=zh -Duser.variant -javaagent:D:\GradleHome\wrapper\dists\gradle-8.14.5-all\1iboiteofonv8taraljb5q1u0\gradle-8.14.5\lib\agents\gradle-instrumentation-agent-8.14.5.jar 
java_command: org.gradle.launcher.daemon.bootstrap.GradleDaemon 8.14.5
java_class_path (initial): D:\GradleHome\wrapper\dists\gradle-8.14.5-all\1iboiteofonv8taraljb5q1u0\gradle-8.14.5\lib\gradle-daemon-main-8.14.5.jar;D:\GradleHome\wrapper\dists\gradle-8.14.5-all\1iboiteofonv8taraljb5q1u0\gradle-8.14.5\lib\agents\gradle-instrumentation-agent-8.14.5.jar
Launcher Type: SUN_STANDARD

Environment Variables:
USERNAME=Administrator
OS=Windows_NT
PROCESSOR_IDENTIFIER=Intel64 Family 6 Model 106 Stepping 6, GenuineIntel



---------------  S Y S T E M  ---------------

OS: Windows 10 , 64 bit Build 17763 (10.0.17763.7009)

CPU:total 8 (initial active 8) (4 cores per cpu, 2 threads per core) family 6 model 106 stepping 6, cmov, cx8, fxsr, mmx, sse, sse2, sse3, ssse3, sse4.1, sse4.2, popcnt, avx, avx2, aes, clmul, erms, rtm, 3dnowpref, lzcnt, ht, tsc, bmi1, bmi2, adx

Memory: 4k page, physical 16776308k(458612k free), swap 19453552k(5724k free)

vm_info: Java HotSpot(TM) 64-Bit Server VM (25.461-b11) for windows-amd64 JRE (1.8.0_461-b11), built on Jun 27 2025 10:22:42 by "java_re" with MS VC++ 17.6 (VS2022)

time: Fri Jun 19 11:08:46 2026
timezone: ÖĐąú±ę×ĽĘ±Ľä
elapsed time: 5.610397 seconds (0d 0h 0m 5s)

