#
# There is insufficient memory for the Java Runtime Environment to continue.
# Native memory allocation (malloc) failed to allocate 1052256 bytes for Chunk::new
# Possible reasons:
#   The system is out of physical RAM or swap space
#   The process is running with CompressedOops enabled, and the Java Heap may be blocking the growth of the native heap
# Possible solutions:
#   Reduce memory load on the system
#   Increase physical memory or swap space
#   Check if swap backing store is full
#   Decrease Java heap size (-Xmx/-Xms)
#   Decrease number of Java threads
#   Decrease Java thread stack sizes (-Xss)
#   Set larger code cache with -XX:ReservedCodeCacheSize=
#   JVM is running with Unscaled Compressed Oops mode in which the Java heap is
#     placed in the first 4GB address space. The Java Heap base address is the
#     maximum limit for the native heap growth. Please use -XX:HeapBaseMinAddress
#     to set the Java Heap base and to place the Java Heap above 4GB virtual address.
# This output file may be truncated or incomplete.
#
#  Out of Memory Error (allocation.cpp:389), pid=11508, tid=0x00000000000041bc
#
# JRE version: Java(TM) SE Runtime Environment (8.0_461) (build 1.8.0_461-b11)
# Java VM: Java HotSpot(TM) 64-Bit Server VM (25.461-b11 mixed mode windows-amd64 compressed oops)
# Failed to write core dump. Minidumps are not enabled by default on client versions of Windows
#

---------------  T H R E A D  ---------------

Current thread (0x000001bd7ae9f000):  JavaThread "C2 CompilerThread2" daemon [_thread_in_native, id=16828, stack(0x00000038ad700000,0x00000038ad800000)]

Stack: [0x00000038ad700000,0x00000038ad800000]
Native frames: (J=compiled Java code, j=interpreted, Vv=VM code, C=native code)
V  [jvm.dll+0x34c1c9]
V  [jvm.dll+0x289572]
V  [jvm.dll+0x28a140]
V  [jvm.dll+0x27e165]
V  [jvm.dll+0xd9fcc]
V  [jvm.dll+0xda95c]
V  [jvm.dll+0x475b62]
V  [jvm.dll+0x4b6077]
V  [jvm.dll+0x464601]
V  [jvm.dll+0x461469]
V  [jvm.dll+0x44b23c]
V  [jvm.dll+0xaf445]
V  [jvm.dll+0xadb5f]
V  [jvm.dll+0x24ea19]
V  [jvm.dll+0x2a60dc]
C  [ucrtbase.dll+0x2268a]
C  [KERNEL32.DLL+0x17ac4]
C  [ntdll.dll+0x5a8c1]


Current CompileTask:
C2:   3892 3817   !   4       java.net.URLClassLoader$1::run (81 bytes)


---------------  P R O C E S S  ---------------

Java Threads: ( => current thread )
  0x000001bd7e63d800 JavaThread "jar transforms Thread 8" [_thread_blocked, id=16128, stack(0x00000038af600000,0x00000038af700000)]
  0x000001bd7e63a000 JavaThread "jar transforms Thread 7" [_thread_blocked, id=7688, stack(0x00000038af500000,0x00000038af600000)]
  0x000001bd7e63f000 JavaThread "jar transforms Thread 6" [_thread_blocked, id=10084, stack(0x00000038af400000,0x00000038af500000)]
  0x000001bd7e639000 JavaThread "Cache worker for file content cache (D:\GradleHome\caches\8.14.5\fileContent)" [_thread_blocked, id=10784, stack(0x00000038af300000,0x00000038af400000)]
  0x000001bd7e638800 JavaThread "Cache worker for checksums cache (D:\OpenClaw\.openclaw\workspace\mr\android\.gradle\8.14.5\checksums)" [_thread_blocked, id=13788, stack(0x00000038af200000,0x00000038af300000)]
  0x000001bd7e636000 JavaThread "jar transforms Thread 5" [_thread_blocked, id=3376, stack(0x00000038af100000,0x00000038af200000)]
  0x000001bd7e635800 JavaThread "jar transforms Thread 4" [_thread_blocked, id=5800, stack(0x00000038af000000,0x00000038af100000)]
  0x000001bd7e633800 JavaThread "jar transforms Thread 3" [_thread_blocked, id=18232, stack(0x00000038aef00000,0x00000038af000000)]
  0x000001bd7e634800 JavaThread "jar transforms Thread 2" [_thread_blocked, id=11216, stack(0x00000038aee00000,0x00000038aef00000)]
  0x000001bd7e633000 JavaThread "jar transforms" [_thread_blocked, id=15660, stack(0x00000038aed00000,0x00000038aee00000)]
  0x000001bd7e631800 JavaThread "File watcher consumer" daemon [_thread_blocked, id=10124, stack(0x00000038aec00000,0x00000038aed00000)]
  0x000001bd7e630800 JavaThread "File watcher server" daemon [_thread_in_native, id=1212, stack(0x00000038aeb00000,0x00000038aec00000)]
  0x000001bd7e637000 JavaThread "Cache worker for Build Output Cleanup Cache (D:\OpenClaw\.openclaw\workspace\mr\android\.gradle\buildOutputCleanup)" [_thread_blocked, id=2252, stack(0x00000038aea00000,0x00000038aeb00000)]
  0x000001bd7e637800 JavaThread "Cache worker for file hash cache (D:\OpenClaw\.openclaw\workspace\mr\android\.gradle\8.14.5\fileHashes)" [_thread_blocked, id=12120, stack(0x00000038ae900000,0x00000038aea00000)]
  0x000001bd7ae9c000 JavaThread "Problems report writer" [_thread_blocked, id=5392, stack(0x00000038ae800000,0x00000038ae900000)]
  0x000001bd7ae9b000 JavaThread "Cache worker for file hash cache (D:\GradleHome\caches\8.14.5\fileHashes)" [_thread_blocked, id=14988, stack(0x00000038ae700000,0x00000038ae800000)]
  0x000001bd7aea2000 JavaThread "File lock request listener" [_thread_in_native, id=5328, stack(0x00000038ae600000,0x00000038ae700000)]
  0x000001bd7aea0800 JavaThread "Cache worker for journal cache (D:\GradleHome\caches\journal-1)" [_thread_blocked, id=3404, stack(0x00000038ae500000,0x00000038ae600000)]
  0x000001bd7cfa4000 JavaThread "Daemon client event forwarder" [_thread_blocked, id=17760, stack(0x00000038ae400000,0x00000038ae500000)]
  0x000001bd7c749800 JavaThread "Stdin handler" [_thread_blocked, id=2568, stack(0x00000038ae300000,0x00000038ae400000)]
  0x000001bd7c748800 JavaThread "Asynchronous log dispatcher for DefaultDaemonConnection: socket connection from /127.0.0.1:13004 to /127.0.0.1:13006" [_thread_blocked, id=1672, stack(0x00000038ae200000,0x00000038ae300000)]
  0x000001bd7d3e4800 JavaThread "Daemon worker" [_thread_in_vm, id=11608, stack(0x00000038ae100000,0x00000038ae200000)]
  0x000001bd7c746800 JavaThread "Cancel handler" [_thread_blocked, id=14064, stack(0x00000038ae000000,0x00000038ae100000)]
  0x000001bd7b617800 JavaThread "Handler for socket connection from /127.0.0.1:13004 to /127.0.0.1:13006" [_thread_in_native, id=11008, stack(0x00000038adf00000,0x00000038ae000000)]
  0x000001bd7b681800 JavaThread "Daemon" [_thread_blocked, id=13936, stack(0x00000038ade00000,0x00000038adf00000)]
  0x000001bd7cc12000 JavaThread "Daemon periodic checks" [_thread_blocked, id=15516, stack(0x00000038add00000,0x00000038ade00000)]
  0x000001bd7d242000 JavaThread "Incoming local TCP Connector on port 13004" [_thread_in_native, id=16496, stack(0x00000038adc00000,0x00000038add00000)]
  0x000001bd7b20c800 JavaThread "Daemon health stats" [_thread_blocked, id=16808, stack(0x00000038adb00000,0x00000038adc00000)]
  0x000001bd7af2d800 JavaThread "Service Thread" daemon [_thread_blocked, id=1124, stack(0x00000038ad900000,0x00000038ada00000)]
  0x000001bd7ae9f800 JavaThread "C1 CompilerThread3" daemon [_thread_in_native, id=7220, stack(0x00000038ad800000,0x00000038ad900000)]
=>0x000001bd7ae9f000 JavaThread "C2 CompilerThread2" daemon [_thread_in_native, id=16828, stack(0x00000038ad700000,0x00000038ad800000)]
  0x000001bd7ae9a800 JavaThread "C2 CompilerThread1" daemon [_thread_blocked, id=2276, stack(0x00000038ad600000,0x00000038ad700000)]
  0x000001bd7ae95800 JavaThread "C2 CompilerThread0" daemon [_thread_in_native, id=1772, stack(0x00000038ad500000,0x00000038ad600000)]
  0x000001bd790c6000 JavaThread "Attach Listener" daemon [_thread_blocked, id=2328, stack(0x00000038ad400000,0x00000038ad500000)]
  0x000001bd790c5800 JavaThread "Signal Dispatcher" daemon [_thread_blocked, id=12240, stack(0x00000038ad300000,0x00000038ad400000)]
  0x000001bd79044000 JavaThread "Finalizer" daemon [_thread_blocked, id=16352, stack(0x00000038ad200000,0x00000038ad300000)]
  0x000001bd7901c800 JavaThread "Reference Handler" daemon [_thread_blocked, id=14548, stack(0x00000038ad100000,0x00000038ad200000)]
  0x000001bd6e517800 JavaThread "main" [_thread_blocked, id=16116, stack(0x00000038ac700000,0x00000038ac800000)]

Other Threads:
  0x000001bd79012800 VMThread [stack: 0x00000038ad000000,0x00000038ad100000] [id=15100]
  0x000001bd7af41000 WatcherThread [stack: 0x00000038ada00000,0x00000038adb00000] [id=4588]

VM state:not at safepoint (normal execution)

VM Mutex/Monitor currently owned by a thread: None

heap address: 0x00000000c0000000, size: 1024 MB, Compressed Oops mode: 32-bit
Narrow klass base: 0x0000000000000000, Narrow klass shift: 3
Compressed class space size: 394264576 Address: 0x0000000100000000

Heap:
 PSYoungGen      total 271360K, used 212010K [0x00000000eab00000, 0x0000000100000000, 0x0000000100000000)
  eden space 258048K, 82% used [0x00000000eab00000,0x00000000f7a0a940,0x00000000fa700000)
  from space 13312K, 0% used [0x00000000fa700000,0x00000000fa700000,0x00000000fb400000)
  to   space 15872K, 0% used [0x00000000ff080000,0x00000000ff080000,0x0000000100000000)
 ParOldGen       total 175616K, used 21930K [0x00000000c0000000, 0x00000000cab80000, 0x00000000eab00000)
  object space 175616K, 12% used [0x00000000c0000000,0x00000000c156a838,0x00000000cab80000)
 Metaspace       used 42401K, capacity 44936K, committed 45184K, reserved 423936K
  class space    used 5910K, capacity 6425K, committed 6528K, reserved 385024K

Card table byte_map: [0x000001bd76050000,0x000001bd76260000] byte_map_base: 0x000001bd75a50000

Marking Bits: (ParMarkBitMap*) 0x00007ffa84c0a3e0
 Begin Bits: [0x000001bd763c0000, 0x000001bd773c0000)
 End Bits:   [0x000001bd773c0000, 0x000001bd783c0000)

Polling page: 0x000001bd6e6f0000

CodeCache: size=98304Kb used=12127Kb max_used=12127Kb free=86176Kb
 bounds [0x000001bd6fed0000, 0x000001bd70ab0000, 0x000001bd75ed0000]
 total_blobs=4201 nmethods=3439 adapters=674
 compilation: enabled

Compilation events (10 events):
Event: 3.853 Thread 0x000001bd7ae9f800 nmethod 3840 0x000001bd70aa2790 code [0x000001bd70aa2940, 0x000001bd70aa3080]
Event: 3.856 Thread 0x000001bd7ae9a800 nmethod 3831 0x000001bd70aa6450 code [0x000001bd70aa65c0, 0x000001bd70aa6b28]
Event: 3.856 Thread 0x000001bd7ae9a800 3833       4       org.objectweb.asm.Symbol::<init> (38 bytes)
Event: 3.856 Thread 0x000001bd7ae9a800 nmethod 3833 0x000001bd70aa0150 code [0x000001bd70aa0280, 0x000001bd70aa0318]
Event: 3.857 Thread 0x000001bd7ae9f800 3841       3       java.lang.invoke.MemberName::asSpecial (89 bytes)
Event: 3.857 Thread 0x000001bd7ae9f800 nmethod 3841 0x000001bd70aa4d90 code [0x000001bd70aa5000, 0x000001bd70aa5e30]
Event: 3.857 Thread 0x000001bd7ae9f800 3842       3       org.gradle.launcher.daemon.server.exec.DaemonConnectionBackedEventConsumer$ForwardEvents::moreMessagesToSend (35 bytes)
Event: 3.858 Thread 0x000001bd7ae9f800 nmethod 3842 0x000001bd70aa4810 code [0x000001bd70aa4980, 0x000001bd70aa4c90]
Event: 3.858 Thread 0x000001bd7ae9f800 3843   !   3       org.gradle.launcher.daemon.server.exec.DaemonConnectionBackedEventConsumer$ForwardEvents::getNextEvent (27 bytes)
Event: 3.858 Thread 0x000001bd7ae9f800 nmethod 3843 0x000001bd70aa4290 code [0x000001bd70aa4400, 0x000001bd70aa46b0]

GC Heap History (10 events):
Event: 1.893 GC heap before
{Heap before GC invocations=5 (full 0):
 PSYoungGen      total 141824K, used 106227K [0x00000000eab00000, 0x00000000f4000000, 0x0000000100000000)
  eden space 131072K, 73% used [0x00000000eab00000,0x00000000f088b568,0x00000000f2b00000)
  from space 10752K, 97% used [0x00000000f3580000,0x00000000f3fb17f8,0x00000000f4000000)
  to   space 10752K, 0% used [0x00000000f2b00000,0x00000000f2b00000,0x00000000f3580000)
 ParOldGen       total 175104K, used 40K [0x00000000c0000000, 0x00000000cab00000, 0x00000000eab00000)
  object space 175104K, 0% used [0x00000000c0000000,0x00000000c000a000,0x00000000cab00000)
 Metaspace       used 20244K, capacity 21216K, committed 21296K, reserved 403456K
  class space    used 2883K, capacity 3126K, committed 3200K, reserved 385024K
Event: 1.901 GC heap after
Heap after GC invocations=5 (full 0):
 PSYoungGen      total 141824K, used 10748K [0x00000000eab00000, 0x00000000fc700000, 0x0000000100000000)
  eden space 131072K, 0% used [0x00000000eab00000,0x00000000eab00000,0x00000000f2b00000)
  from space 10752K, 99% used [0x00000000f2b00000,0x00000000f357f168,0x00000000f3580000)
  to   space 14336K, 0% used [0x00000000fb900000,0x00000000fb900000,0x00000000fc700000)
 ParOldGen       total 175104K, used 1911K [0x00000000c0000000, 0x00000000cab00000, 0x00000000eab00000)
  object space 175104K, 1% used [0x00000000c0000000,0x00000000c01ddde8,0x00000000cab00000)
 Metaspace       used 20244K, capacity 21216K, committed 21296K, reserved 403456K
  class space    used 2883K, capacity 3126K, committed 3200K, reserved 385024K
}
Event: 1.901 GC heap before
{Heap before GC invocations=6 (full 1):
 PSYoungGen      total 141824K, used 10748K [0x00000000eab00000, 0x00000000fc700000, 0x0000000100000000)
  eden space 131072K, 0% used [0x00000000eab00000,0x00000000eab00000,0x00000000f2b00000)
  from space 10752K, 99% used [0x00000000f2b00000,0x00000000f357f168,0x00000000f3580000)
  to   space 14336K, 0% used [0x00000000fb900000,0x00000000fb900000,0x00000000fc700000)
 ParOldGen       total 175104K, used 1911K [0x00000000c0000000, 0x00000000cab00000, 0x00000000eab00000)
  object space 175104K, 1% used [0x00000000c0000000,0x00000000c01ddde8,0x00000000cab00000)
 Metaspace       used 20244K, capacity 21216K, committed 21296K, reserved 403456K
  class space    used 2883K, capacity 3126K, committed 3200K, reserved 385024K
Event: 1.923 GC heap after
Heap after GC invocations=6 (full 1):
 PSYoungGen      total 141824K, used 0K [0x00000000eab00000, 0x00000000fc700000, 0x0000000100000000)
  eden space 131072K, 0% used [0x00000000eab00000,0x00000000eab00000,0x00000000f2b00000)
  from space 10752K, 0% used [0x00000000f2b00000,0x00000000f2b00000,0x00000000f3580000)
  to   space 14336K, 0% used [0x00000000fb900000,0x00000000fb900000,0x00000000fc700000)
 ParOldGen       total 107008K, used 12183K [0x00000000c0000000, 0x00000000c6880000, 0x00000000eab00000)
  object space 107008K, 11% used [0x00000000c0000000,0x00000000c0be5e28,0x00000000c6880000)
 Metaspace       used 20244K, capacity 21216K, committed 21296K, reserved 403456K
  class space    used 2883K, capacity 3126K, committed 3200K, reserved 385024K
}
Event: 2.305 GC heap before
{Heap before GC invocations=7 (full 1):
 PSYoungGen      total 141824K, used 131072K [0x00000000eab00000, 0x00000000fc700000, 0x0000000100000000)
  eden space 131072K, 100% used [0x00000000eab00000,0x00000000f2b00000,0x00000000f2b00000)
  from space 10752K, 0% used [0x00000000f2b00000,0x00000000f2b00000,0x00000000f3580000)
  to   space 14336K, 0% used [0x00000000fb900000,0x00000000fb900000,0x00000000fc700000)
 ParOldGen       total 107008K, used 12183K [0x00000000c0000000, 0x00000000c6880000, 0x00000000eab00000)
  object space 107008K, 11% used [0x00000000c0000000,0x00000000c0be5e28,0x00000000c6880000)
 Metaspace       used 25152K, capacity 26366K, committed 26496K, reserved 407552K
  class space    used 3610K, capacity 3877K, committed 3968K, reserved 385024K
Event: 2.310 GC heap after
Heap after GC invocations=7 (full 1):
 PSYoungGen      total 214016K, used 7816K [0x00000000eab00000, 0x00000000fc100000, 0x0000000100000000)
  eden space 205824K, 0% used [0x00000000eab00000,0x00000000eab00000,0x00000000f7400000)
  from space 8192K, 95% used [0x00000000fb900000,0x00000000fc0a23e0,0x00000000fc100000)
  to   space 13312K, 0% used [0x00000000fa700000,0x00000000fa700000,0x00000000fb400000)
 ParOldGen       total 107008K, used 12191K [0x00000000c0000000, 0x00000000c6880000, 0x00000000eab00000)
  object space 107008K, 11% used [0x00000000c0000000,0x00000000c0be7e28,0x00000000c6880000)
 Metaspace       used 25152K, capacity 26366K, committed 26496K, reserved 407552K
  class space    used 3610K, capacity 3877K, committed 3968K, reserved 385024K
}
Event: 3.011 GC heap before
{Heap before GC invocations=8 (full 1):
 PSYoungGen      total 214016K, used 171124K [0x00000000eab00000, 0x00000000fc100000, 0x0000000100000000)
  eden space 205824K, 79% used [0x00000000eab00000,0x00000000f4a7aef0,0x00000000f7400000)
  from space 8192K, 95% used [0x00000000fb900000,0x00000000fc0a23e0,0x00000000fc100000)
  to   space 13312K, 0% used [0x00000000fa700000,0x00000000fa700000,0x00000000fb400000)
 ParOldGen       total 107008K, used 12191K [0x00000000c0000000, 0x00000000c6880000, 0x00000000eab00000)
  object space 107008K, 11% used [0x00000000c0000000,0x00000000c0be7e28,0x00000000c6880000)
 Metaspace       used 33376K, capacity 35424K, committed 35496K, reserved 415744K
  class space    used 4912K, capacity 5341K, committed 5376K, reserved 385024K
Event: 3.020 GC heap after
Heap after GC invocations=8 (full 1):
 PSYoungGen      total 271360K, used 13284K [0x00000000eab00000, 0x0000000100000000, 0x0000000100000000)
  eden space 258048K, 0% used [0x00000000eab00000,0x00000000eab00000,0x00000000fa700000)
  from space 13312K, 99% used [0x00000000fa700000,0x00000000fb3f9348,0x00000000fb400000)
  to   space 15872K, 0% used [0x00000000ff080000,0x00000000ff080000,0x0000000100000000)
 ParOldGen       total 107008K, used 13330K [0x00000000c0000000, 0x00000000c6880000, 0x00000000eab00000)
  object space 107008K, 12% used [0x00000000c0000000,0x00000000c0d049e8,0x00000000c6880000)
 Metaspace       used 33376K, capacity 35424K, committed 35496K, reserved 415744K
  class space    used 4912K, capacity 5341K, committed 5376K, reserved 385024K
}
Event: 3.020 GC heap before
{Heap before GC invocations=9 (full 2):
 PSYoungGen      total 271360K, used 13284K [0x00000000eab00000, 0x0000000100000000, 0x0000000100000000)
  eden space 258048K, 0% used [0x00000000eab00000,0x00000000eab00000,0x00000000fa700000)
  from space 13312K, 99% used [0x00000000fa700000,0x00000000fb3f9348,0x00000000fb400000)
  to   space 15872K, 0% used [0x00000000ff080000,0x00000000ff080000,0x0000000100000000)
 ParOldGen       total 107008K, used 13330K [0x00000000c0000000, 0x00000000c6880000, 0x00000000eab00000)
  object space 107008K, 12% used [0x00000000c0000000,0x00000000c0d049e8,0x00000000c6880000)
 Metaspace       used 33376K, capacity 35424K, committed 35496K, reserved 415744K
  class space    used 4912K, capacity 5341K, committed 5376K, reserved 385024K
Event: 3.061 GC heap after
Heap after GC invocations=9 (full 2):
 PSYoungGen      total 271360K, used 0K [0x00000000eab00000, 0x0000000100000000, 0x0000000100000000)
  eden space 258048K, 0% used [0x00000000eab00000,0x00000000eab00000,0x00000000fa700000)
  from space 13312K, 0% used [0x00000000fa700000,0x00000000fa700000,0x00000000fb400000)
  to   space 15872K, 0% used [0x00000000ff080000,0x00000000ff080000,0x0000000100000000)
 ParOldGen       total 175616K, used 21930K [0x00000000c0000000, 0x00000000cab80000, 0x00000000eab00000)
  object space 175616K, 12% used [0x00000000c0000000,0x00000000c156a838,0x00000000cab80000)
 Metaspace       used 33376K, capacity 35424K, committed 35496K, reserved 415744K
  class space    used 4912K, capacity 5341K, committed 5376K, reserved 385024K
}

Deoptimization events (10 events):
Event: 2.924 Thread 0x000001bd7d3e4800 Uncommon trap: reason=unstable_if action=reinterpret pc=0x000001bd7069f2e0 method=java.lang.ClassLoader.getClassLoadingLock(Ljava/lang/String;)Ljava/lang/Object; @ 6
Event: 2.988 Thread 0x000001bd7d3e4800 Uncommon trap: reason=bimorphic action=maybe_recompile pc=0x000001bd702ccab8 method=java.io.BufferedInputStream.read([BII)I @ 101
Event: 2.988 Thread 0x000001bd7d3e4800 Uncommon trap: reason=bimorphic action=maybe_recompile pc=0x000001bd702ccab8 method=java.io.BufferedInputStream.read([BII)I @ 101
Event: 2.988 Thread 0x000001bd7d3e4800 Uncommon trap: reason=bimorphic action=maybe_recompile pc=0x000001bd702ccab8 method=java.io.BufferedInputStream.read([BII)I @ 101
Event: 2.989 Thread 0x000001bd7d3e4800 Uncommon trap: reason=bimorphic action=maybe_recompile pc=0x000001bd702ccab8 method=java.io.BufferedInputStream.read([BII)I @ 101
Event: 3.117 Thread 0x000001bd7d3e4800 Uncommon trap: reason=unstable_if action=reinterpret pc=0x000001bd7063d258 method=java.lang.String.split(Ljava/lang/String;I)[Ljava/lang/String; @ 32
Event: 3.526 Thread 0x000001bd7d3e4800 Uncommon trap: reason=unstable_if action=reinterpret pc=0x000001bd7027dbdc method=java.util.HashMap.putVal(ILjava/lang/Object;Ljava/lang/Object;ZZ)Ljava/lang/Object; @ 162
Event: 3.552 Thread 0x000001bd7d3e4800 Uncommon trap: reason=unstable_if action=reinterpret pc=0x000001bd7041afa0 method=java.util.HashMap.hash(Ljava/lang/Object;)I @ 1
Event: 3.553 Thread 0x000001bd7d3e4800 Uncommon trap: reason=unstable_if action=reinterpret pc=0x000001bd703cfa28 method=java.util.HashMap.hash(Ljava/lang/Object;)I @ 1
Event: 3.831 Thread 0x000001bd7d3e4800 Uncommon trap: reason=unstable_if action=reinterpret pc=0x000001bd709f3848 method=java.io.WinNTFileSystem.normalizePrefix(Ljava/lang/String;ILjava/lang/StringBuffer;)I @ 49

Classes redefined (0 events):
No events

Internal exceptions (10 events):
Event: 3.512 Thread 0x000001bd7d3e4800 Exception <a 'java/lang/ClassNotFoundException': org/gradle/api/internal/initialization/DefaultScriptHandler_DecoratedBeanInfo> (0x00000000efd27a28) thrown at [C:\jenkins\workspace\8-2-build-windows-x64-cygwin-sans-NAS\jdk8u461\2086\hotspot\src\share\vm\c
Event: 3.513 Thread 0x000001bd7d3e4800 Exception <a 'java/lang/ClassNotFoundException': org/gradle/api/internal/initialization/DefaultScriptHandlerBeanInfo> (0x00000000efd78230) thrown at [C:\jenkins\workspace\8-2-build-windows-x64-cygwin-sans-NAS\jdk8u461\2086\hotspot\src\share\vm\classfile\s
Event: 3.513 Thread 0x000001bd7d3e4800 Exception <a 'java/lang/ClassNotFoundException': org/gradle/api/internal/initialization/DefaultScriptHandlerCustomizer> (0x00000000efdc9d30) thrown at [C:\jenkins\workspace\8-2-build-windows-x64-cygwin-sans-NAS\jdk8u461\2086\hotspot\src\share\vm\classfile
Event: 3.514 Thread 0x000001bd7d3e4800 Exception <a 'java/lang/ClassNotFoundException': org/gradle/api/internal/initialization/DefaultScriptHandler_DecoratedCustomizer> (0x00000000efe319b8) thrown at [C:\jenkins\workspace\8-2-build-windows-x64-cygwin-sans-NAS\jdk8u461\2086\hotspot\src\share\vm
Event: 3.552 Thread 0x000001bd7d3e4800 Implicit null exception at 0x000001bd7041ad95 to 0x000001bd7041af91
Event: 3.553 Thread 0x000001bd7d3e4800 Implicit null exception at 0x000001bd703cf9af to 0x000001bd703cfa19
Event: 3.590 Thread 0x000001bd7d3e4800 Exception <a 'sun/nio/fs/WindowsException'> (0x00000000f0826fc0) thrown at [C:\jenkins\workspace\8-2-build-windows-x64-cygwin-sans-NAS\jdk8u461\2086\hotspot\src\share\vm\prims\jni.cpp, line 710]
Event: 3.590 Thread 0x000001bd7d3e4800 Exception <a 'sun/nio/fs/WindowsException'> (0x00000000f0829570) thrown at [C:\jenkins\workspace\8-2-build-windows-x64-cygwin-sans-NAS\jdk8u461\2086\hotspot\src\share\vm\prims\jni.cpp, line 710]
Event: 3.590 Thread 0x000001bd7d3e4800 Exception <a 'sun/nio/fs/WindowsException'> (0x00000000f082b398) thrown at [C:\jenkins\workspace\8-2-build-windows-x64-cygwin-sans-NAS\jdk8u461\2086\hotspot\src\share\vm\prims\jni.cpp, line 710]
Event: 3.591 Thread 0x000001bd7d3e4800 Exception <a 'sun/nio/fs/WindowsException'> (0x00000000f082d1e0) thrown at [C:\jenkins\workspace\8-2-build-windows-x64-cygwin-sans-NAS\jdk8u461\2086\hotspot\src\share\vm\prims\jni.cpp, line 710]

Events (10 events):
Event: 3.882 loading class org/gradle/internal/component/resolution/failure/type/AbstractVariantSelectionByAttributesFailure
Event: 3.882 loading class org/gradle/internal/component/resolution/failure/type/AbstractVariantSelectionByAttributesFailure done
Event: 3.882 loading class org/gradle/internal/component/resolution/failure/interfaces/VariantSelectionByAttributesFailure
Event: 3.882 loading class org/gradle/internal/component/resolution/failure/interfaces/VariantSelectionByAttributesFailure done
Event: 3.882 loading class org/gradle/internal/component/resolution/failure/interfaces/VariantSelectionFailure
Event: 3.882 loading class org/gradle/internal/component/resolution/failure/interfaces/VariantSelectionFailure done
Event: 3.883 loading class org/gradle/internal/component/resolution/failure/type/AbstractResolutionFailure
Event: 3.883 loading class org/gradle/internal/component/resolution/failure/type/AbstractResolutionFailure done
Event: 3.883 loading class org/gradle/internal/component/resolution/failure/describer/MissingAttributeAmbiguousVariantsFailureDescriber
Event: 3.883 loading class org/gradle/internal/component/resolution/failure/describer/MissingAttributeAmbiguousVariantsFailureDescriber done


Dynamic libraries:
0x00007ff641920000 - 0x00007ff64196f000 	C:\Program Files\Java\jre1.8.0_461\bin\java.exe
0x00007ffae9200000 - 0x00007ffae93ee000 	C:\Windows\SYSTEM32\ntdll.dll
0x00007ffae8a10000 - 0x00007ffae8ac3000 	C:\Windows\System32\KERNEL32.DLL
0x00007ffae6180000 - 0x00007ffae641e000 	C:\Windows\System32\KERNELBASE.dll
0x00007ffae8e40000 - 0x00007ffae8ee9000 	C:\Windows\System32\ADVAPI32.dll
0x00007ffae8ca0000 - 0x00007ffae8d3e000 	C:\Windows\System32\msvcrt.dll
0x00007ffae90b0000 - 0x00007ffae9152000 	C:\Windows\System32\sechost.dll
0x00007ffae8520000 - 0x00007ffae863b000 	C:\Windows\System32\RPCRT4.dll
0x00007ffae52a0000 - 0x00007ffae52c6000 	C:\Windows\System32\bcrypt.dll
0x00007ffae8ad0000 - 0x00007ffae8c67000 	C:\Windows\System32\USER32.dll
0x00007ffae5880000 - 0x00007ffae58a0000 	C:\Windows\System32\win32u.dll
0x00007ffae8490000 - 0x00007ffae84b9000 	C:\Windows\System32\GDI32.dll
0x00007ffae55b0000 - 0x00007ffae575c000 	C:\Windows\System32\gdi32full.dll
0x00007ffae52f0000 - 0x00007ffae5390000 	C:\Windows\System32\msvcp_win.dll
0x00007ffae58a0000 - 0x00007ffae599a000 	C:\Windows\System32\ucrtbase.dll
0x00007ffad6420000 - 0x00007ffad6699000 	C:\Windows\WinSxS\amd64_microsoft.windows.common-controls_6595b64144ccf1df_6.0.17763.7792_none_de76c1ec534645e5\COMCTL32.dll
0x00007ffae6b30000 - 0x00007ffae6e5a000 	C:\Windows\System32\combase.dll
0x00007ffae59a0000 - 0x00007ffae5a22000 	C:\Windows\System32\bcryptPrimitives.dll
0x00007ffae8c70000 - 0x00007ffae8c9e000 	C:\Windows\System32\IMM32.DLL
0x00007ffacff60000 - 0x00007ffacff7b000 	C:\Program Files\Java\jre1.8.0_461\bin\vcruntime140.dll
0x00007ffad8260000 - 0x00007ffad826c000 	C:\Program Files\Java\jre1.8.0_461\bin\vcruntime140_1.dll
0x00007ffacfcf0000 - 0x00007ffacfd7e000 	C:\Program Files\Java\jre1.8.0_461\bin\msvcp140.dll
0x00007ffa84430000 - 0x00007ffa84cda000 	C:\Program Files\Java\jre1.8.0_461\bin\server\jvm.dll
0x00007ffae8d50000 - 0x00007ffae8d58000 	C:\Windows\System32\PSAPI.DLL
0x00007ffaa9370000 - 0x00007ffaa9379000 	C:\Windows\SYSTEM32\WSOCK32.dll
0x00007ffae2160000 - 0x00007ffae2184000 	C:\Windows\SYSTEM32\WINMM.dll
0x00007ffae0b00000 - 0x00007ffae0b0a000 	C:\Windows\SYSTEM32\VERSION.dll
0x00007ffae9160000 - 0x00007ffae91cd000 	C:\Windows\System32\WS2_32.dll
0x00007ffae2010000 - 0x00007ffae203d000 	C:\Windows\SYSTEM32\WINMMBASE.dll
0x00007ffae5250000 - 0x00007ffae529a000 	C:\Windows\System32\cfgmgr32.dll
0x00007ffae51b0000 - 0x00007ffae51c1000 	C:\Windows\System32\kernel.appcore.dll
0x00007ffad0b20000 - 0x00007ffad0b30000 	C:\Program Files\Java\jre1.8.0_461\bin\verify.dll
0x00007fface960000 - 0x00007fface98b000 	C:\Program Files\Java\jre1.8.0_461\bin\java.dll
0x00007ffaabff0000 - 0x00007ffaac027000 	C:\Program Files\Java\jre1.8.0_461\bin\instrument.dll
0x00007ffacff40000 - 0x00007ffacff58000 	C:\Program Files\Java\jre1.8.0_461\bin\zip.dll
0x00007ffae6f90000 - 0x00007ffae8488000 	C:\Windows\System32\SHELL32.dll
0x00007ffae6a80000 - 0x00007ffae6b27000 	C:\Windows\System32\shcore.dll
0x00007ffae5a30000 - 0x00007ffae6178000 	C:\Windows\System32\windows.storage.dll
0x00007ffae5180000 - 0x00007ffae51a3000 	C:\Windows\System32\profapi.dll
0x00007ffae51f0000 - 0x00007ffae524d000 	C:\Windows\System32\powrprof.dll
0x00007ffae84c0000 - 0x00007ffae8517000 	C:\Windows\System32\shlwapi.dll
0x00007ffae52d0000 - 0x00007ffae52eb000 	C:\Windows\System32\cryptsp.dll
0x00007ffacfc70000 - 0x00007ffacfc8c000 	C:\Program Files\Java\jre1.8.0_461\bin\net.dll
0x00007ffae4960000 - 0x00007ffae49c7000 	C:\Windows\system32\mswsock.dll
0x00007ffacec70000 - 0x00007ffacec83000 	C:\Program Files\Java\jre1.8.0_461\bin\nio.dll
0x00007ffaddcc0000 - 0x00007ffaddce7000 	D:\GradleHome\native\1def1411415f61bf3af743bc5b6707747c0891f09f0c88961ee8f79bc544acac\windows-amd64\native-platform.dll
0x00007ffad10f0000 - 0x00007ffad1168000 	D:\GradleHome\native\0.2.7\x86_64-windows-gnu\gradle-fileevents.dll
0x00007ffad0970000 - 0x00007ffad097d000 	C:\Program Files\Java\jre1.8.0_461\bin\management.dll
0x00007ffae4650000 - 0x00007ffae468d000 	C:\Windows\SYSTEM32\IPHLPAPI.DLL
0x00007ffae8d40000 - 0x00007ffae8d48000 	C:\Windows\System32\NSI.dll
0x00007ffadbc00000 - 0x00007ffadbc16000 	C:\Windows\SYSTEM32\dhcpcsvc6.DLL
0x00007ffadbb70000 - 0x00007ffadbb8c000 	C:\Windows\SYSTEM32\dhcpcsvc.DLL
0x00007ffae4690000 - 0x00007ffae4756000 	C:\Windows\SYSTEM32\DNSAPI.dll
0x00007ffae4480000 - 0x00007ffae44b3000 	C:\Windows\system32\rsaenh.dll
0x00007ffae5080000 - 0x00007ffae50a9000 	C:\Windows\SYSTEM32\USERENV.dll
0x00007ffae4b30000 - 0x00007ffae4b3c000 	C:\Windows\SYSTEM32\CRYPTBASE.dll
0x00007ffae38f0000 - 0x00007ffae3add000 	C:\Windows\SYSTEM32\dbghelp.dll

VM Arguments:
jvm_args: -XX:MaxMetaspaceSize=384m -XX:ReservedCodeCacheSize=96m -XX:+UseParallelGC -Xmx1G -Dfile.encoding=UTF-8 -Duser.country=CN -Duser.language=zh -Duser.variant -javaagent:D:\GradleHome\wrapper\dists\gradle-8.14.5-all\1iboiteofonv8taraljb5q1u0\gradle-8.14.5\lib\agents\gradle-instrumentation-agent-8.14.5.jar 
java_command: org.gradle.launcher.daemon.bootstrap.GradleDaemon 8.14.5
java_class_path (initial): D:\GradleHome\wrapper\dists\gradle-8.14.5-all\1iboiteofonv8taraljb5q1u0\gradle-8.14.5\lib\gradle-daemon-main-8.14.5.jar;D:\GradleHome\wrapper\dists\gradle-8.14.5-all\1iboiteofonv8taraljb5q1u0\gradle-8.14.5\lib\agents\gradle-instrumentation-agent-8.14.5.jar
Launcher Type: SUN_STANDARD

Environment Variables:
USERNAME=Administrator
OS=Windows_NT
PROCESSOR_IDENTIFIER=Intel64 Family 6 Model 106 Stepping 6, GenuineIntel



---------------  S Y S T E M  ---------------

OS: Windows 10 , 64 bit Build 17763 (10.0.17763.7009)

CPU:total 8 (initial active 8) (4 cores per cpu, 2 threads per core) family 6 model 106 stepping 6, cmov, cx8, fxsr, mmx, sse, sse2, sse3, ssse3, sse4.1, sse4.2, popcnt, avx, avx2, aes, clmul, erms, rtm, 3dnowpref, lzcnt, ht, tsc, bmi1, bmi2, adx

Memory: 4k page, physical 16776308k(1803584k free), swap 19764920k(5112k free)

vm_info: Java HotSpot(TM) 64-Bit Server VM (25.461-b11) for windows-amd64 JRE (1.8.0_461-b11), built on Jun 27 2025 10:22:42 by "java_re" with MS VC++ 17.6 (VS2022)

time: Fri Jun 19 19:15:27 2026
timezone: ÖĐąú±ę×ĽĘ±Ľä
elapsed time: 3.895705 seconds (0d 0h 0m 3s)

