#
# There is insufficient memory for the Java Runtime Environment to continue.
# Native memory allocation (malloc) failed to allocate 65552 bytes for Chunk::new
# Possible reasons:
#   The system is out of physical RAM or swap space
#   The process is running with CompressedOops enabled, and the Java Heap may be blocking the growth of the native heap
# Possible solutions:
#   Reduce memory load on the system
#   Increase physical memory or swap space
#   Check if swap backing store is full
#   Decrease Java heap size (-Xmx/-Xms)
#   Decrease number of Java threads
#   Decrease Java thread stack sizes (-Xss)
#   Set larger code cache with -XX:ReservedCodeCacheSize=
#   JVM is running with Unscaled Compressed Oops mode in which the Java heap is
#     placed in the first 4GB address space. The Java Heap base address is the
#     maximum limit for the native heap growth. Please use -XX:HeapBaseMinAddress
#     to set the Java Heap base and to place the Java Heap above 4GB virtual address.
# This output file may be truncated or incomplete.
#
#  Out of Memory Error (allocation.cpp:389), pid=12436, tid=0x0000000000002a28
#
# JRE version: Java(TM) SE Runtime Environment (8.0_461) (build 1.8.0_461-b11)
# Java VM: Java HotSpot(TM) 64-Bit Server VM (25.461-b11 mixed mode windows-amd64 compressed oops)
# Failed to write core dump. Minidumps are not enabled by default on client versions of Windows
#

---------------  T H R E A D  ---------------

Current thread (0x000002886d243000):  JavaThread "C2 CompilerThread0" daemon [_thread_in_native, id=10792, stack(0x000000ecb0d00000,0x000000ecb0e00000)]

Stack: [0x000000ecb0d00000,0x000000ecb0e00000]
Native frames: (J=compiled Java code, j=interpreted, Vv=VM code, C=native code)
V  [jvm.dll+0x34c1c9]
V  [jvm.dll+0x289572]
V  [jvm.dll+0x28a140]
V  [jvm.dll+0x27e165]
V  [jvm.dll+0xd9fcc]
V  [jvm.dll+0xda3a1]
V  [jvm.dll+0x4f2fff]
V  [jvm.dll+0x4ba18c]
V  [jvm.dll+0x4b71b3]
V  [jvm.dll+0x4b6fc1]
V  [jvm.dll+0x4b63e4]
V  [jvm.dll+0x463b8a]
V  [jvm.dll+0x461469]
V  [jvm.dll+0x44b23c]
V  [jvm.dll+0xaf445]
V  [jvm.dll+0xadb5f]
V  [jvm.dll+0x24ea19]
V  [jvm.dll+0x2a60dc]
C  [ucrtbase.dll+0x2268a]
C  [KERNEL32.DLL+0x17ac4]
C  [ntdll.dll+0x5a8c1]


Current CompileTask:
C2:   8987 6439       4       org.gradle.internal.instantiation.generator.AbstractClassGenerator::inspectType (602 bytes)


---------------  P R O C E S S  ---------------

Java Threads: ( => current thread )
  0x0000028873bf5800 JavaThread "build event listener" [_thread_blocked, id=5916, stack(0x000000ecb3600000,0x000000ecb3700000)]
  0x000002886fa83800 JavaThread "Memory manager" [_thread_blocked, id=15092, stack(0x000000ecb3500000,0x000000ecb3600000)]
  0x000002886fa83000 JavaThread "Unconstrained build operations Thread 3" [_thread_blocked, id=10160, stack(0x000000ecb3400000,0x000000ecb3500000)]
  0x000002886fa82000 JavaThread "Unconstrained build operations Thread 2" [_thread_blocked, id=15184, stack(0x000000ecb3300000,0x000000ecb3400000)]
  0x000002886fa81800 JavaThread "Unconstrained build operations" [_thread_blocked, id=15624, stack(0x000000ecb3200000,0x000000ecb3300000)]
  0x000002886fa80800 JavaThread "Cache worker for Build Output Cleanup Cache (D:\flutter_windows_3.41.7-stable\flutter\packages\flutter_tools\gradle\.gradle\buildOutputCleanup)" [_thread_blocked, id=12220, stack(0x000000ecb3100000,0x000000ecb3200000)]
  0x000002886fa7e800 JavaThread "Cache worker for cache directory md-rule (D:\GradleHome\caches\8.14.5\md-rule)" [_thread_blocked, id=15864, stack(0x000000ecb3000000,0x000000ecb3100000)]
  0x000002886fa77000 JavaThread "Cache worker for cache directory md-supplier (D:\GradleHome\caches\8.14.5\md-supplier)" [_thread_blocked, id=7412, stack(0x000000ecb2f00000,0x000000ecb3000000)]
  0x000002886fa7d800 JavaThread "jar transforms Thread 8" [_thread_blocked, id=6064, stack(0x000000ecb2e00000,0x000000ecb2f00000)]
  0x000002886fa76000 JavaThread "jar transforms Thread 7" [_thread_blocked, id=10904, stack(0x000000ecb2d00000,0x000000ecb2e00000)]
  0x000002886fa7d000 JavaThread "jar transforms Thread 6" [_thread_blocked, id=1872, stack(0x000000ecb2c00000,0x000000ecb2d00000)]
  0x000002886fa77800 JavaThread "Cache worker for file content cache (D:\GradleHome\caches\8.14.5\fileContent)" [_thread_blocked, id=9356, stack(0x000000ecb2b00000,0x000000ecb2c00000)]
  0x000002886fa75000 JavaThread "Cache worker for checksums cache (D:\OpenClaw\.openclaw\workspace\mr\android\.gradle\8.14.5\checksums)" [_thread_blocked, id=2280, stack(0x000000ecb2a00000,0x000000ecb2b00000)]
  0x000002886fa7c000 JavaThread "jar transforms Thread 5" [_thread_blocked, id=9036, stack(0x000000ecb2900000,0x000000ecb2a00000)]
  0x000002886fa74800 JavaThread "jar transforms Thread 4" [_thread_blocked, id=1200, stack(0x000000ecb2800000,0x000000ecb2900000)]
  0x000002886fa78800 JavaThread "jar transforms Thread 3" [_thread_blocked, id=7436, stack(0x000000ecb2700000,0x000000ecb2800000)]
  0x000002886fa7a000 JavaThread "jar transforms Thread 2" [_thread_blocked, id=14404, stack(0x000000ecb2600000,0x000000ecb2700000)]
  0x000002886f934000 JavaThread "jar transforms" [_thread_blocked, id=11296, stack(0x000000ecb2500000,0x000000ecb2600000)]
  0x000002886f939000 JavaThread "File watcher consumer" daemon [_thread_blocked, id=1236, stack(0x000000ecb2400000,0x000000ecb2500000)]
  0x000002886f93a000 JavaThread "File watcher server" daemon [_thread_in_native, id=14180, stack(0x000000ecb2300000,0x000000ecb2400000)]
  0x000002886f933000 JavaThread "Cache worker for Build Output Cleanup Cache (D:\OpenClaw\.openclaw\workspace\mr\android\.gradle\buildOutputCleanup)" [_thread_blocked, id=1180, stack(0x000000ecb2200000,0x000000ecb2300000)]
  0x000002886f938800 JavaThread "Cache worker for file hash cache (D:\OpenClaw\.openclaw\workspace\mr\android\.gradle\8.14.5\fileHashes)" [_thread_blocked, id=9956, stack(0x000000ecb2100000,0x000000ecb2200000)]
  0x000002886f936000 JavaThread "Problems report writer" [_thread_blocked, id=15364, stack(0x000000ecb2000000,0x000000ecb2100000)]
  0x000002886f937000 JavaThread "Cache worker for file hash cache (D:\GradleHome\caches\8.14.5\fileHashes)" [_thread_blocked, id=9076, stack(0x000000ecb1f00000,0x000000ecb2000000)]
  0x000002886f935800 JavaThread "File lock request listener" [_thread_in_native, id=16704, stack(0x000000ecb1e00000,0x000000ecb1f00000)]
  0x000002886f934800 JavaThread "Cache worker for journal cache (D:\GradleHome\caches\journal-1)" [_thread_blocked, id=6136, stack(0x000000ecb1d00000,0x000000ecb1e00000)]
  0x000002886fa30800 JavaThread "Daemon client event forwarder" [_thread_blocked, id=11812, stack(0x000000ecb1c00000,0x000000ecb1d00000)]
  0x000002886f9f9800 JavaThread "Stdin handler" [_thread_blocked, id=15244, stack(0x000000ecb1b00000,0x000000ecb1c00000)]
  0x000002886f9f8800 JavaThread "Asynchronous log dispatcher for DefaultDaemonConnection: socket connection from /127.0.0.1:37016 to /127.0.0.1:37019" [_thread_blocked, id=16656, stack(0x000000ecb1a00000,0x000000ecb1b00000)]
  0x000002886f9f5000 JavaThread "Daemon worker" [_thread_in_Java, id=3136, stack(0x000000ecb1900000,0x000000ecb1a00000)]
  0x000002886f973800 JavaThread "Cancel handler" [_thread_blocked, id=17000, stack(0x000000ecb1800000,0x000000ecb1900000)]
  0x000002886dc70000 JavaThread "Handler for socket connection from /127.0.0.1:37016 to /127.0.0.1:37019" [_thread_in_native, id=3644, stack(0x000000ecb1700000,0x000000ecb1800000)]
  0x000002886daac800 JavaThread "Daemon" [_thread_blocked, id=14608, stack(0x000000ecb1600000,0x000000ecb1700000)]
  0x000002886f92a800 JavaThread "Daemon periodic checks" [_thread_blocked, id=8212, stack(0x000000ecb1500000,0x000000ecb1600000)]
  0x000002886f82c000 JavaThread "Incoming local TCP Connector on port 37016" [_thread_in_native, id=2288, stack(0x000000ecb1400000,0x000000ecb1500000)]
  0x000002886dc34800 JavaThread "Daemon health stats" [_thread_blocked, id=8732, stack(0x000000ecb1300000,0x000000ecb1400000)]
  0x000002886d2df800 JavaThread "Service Thread" daemon [_thread_blocked, id=17472, stack(0x000000ecb1100000,0x000000ecb1200000)]
  0x000002886d249800 JavaThread "C1 CompilerThread3" daemon [_thread_blocked, id=4140, stack(0x000000ecb1000000,0x000000ecb1100000)]
  0x000002886d245000 JavaThread "C2 CompilerThread2" daemon [_thread_blocked, id=2020, stack(0x000000ecb0f00000,0x000000ecb1000000)]
  0x000002886d202000 JavaThread "C2 CompilerThread1" daemon [_thread_blocked, id=18156, stack(0x000000ecb0e00000,0x000000ecb0f00000)]
=>0x000002886d243000 JavaThread "C2 CompilerThread0" daemon [_thread_in_native, id=10792, stack(0x000000ecb0d00000,0x000000ecb0e00000)]
  0x000002886b459000 JavaThread "Attach Listener" daemon [_thread_blocked, id=6044, stack(0x000000ecb0c00000,0x000000ecb0d00000)]
  0x000002886b458800 JavaThread "Signal Dispatcher" daemon [_thread_blocked, id=13792, stack(0x000000ecb0b00000,0x000000ecb0c00000)]
  0x000002886b3d7800 JavaThread "Finalizer" daemon [_thread_blocked, id=8628, stack(0x000000ecb0a00000,0x000000ecb0b00000)]
  0x000002886b3ab800 JavaThread "Reference Handler" daemon [_thread_blocked, id=15948, stack(0x000000ecb0900000,0x000000ecb0a00000)]
  0x00000288608f6800 JavaThread "main" [_thread_blocked, id=820, stack(0x000000ecaff00000,0x000000ecb0000000)]

Other Threads:
  0x000002886b3a2000 VMThread [stack: 0x000000ecb0800000,0x000000ecb0900000] [id=15256]
  0x000002886d2f3000 WatcherThread [stack: 0x000000ecb1200000,0x000000ecb1300000] [id=15156]

VM state:not at safepoint (normal execution)

VM Mutex/Monitor currently owned by a thread: None

heap address: 0x00000000c0000000, size: 1024 MB, Compressed Oops mode: 32-bit
Narrow klass base: 0x0000000000000000, Narrow klass shift: 3
Compressed class space size: 394264576 Address: 0x0000000100000000

Heap:
 PSYoungGen      total 282112K, used 42760K [0x00000000eab00000, 0x00000000fd880000, 0x0000000100000000)
  eden space 261632K, 9% used [0x00000000eab00000,0x00000000ec285ce8,0x00000000faa80000)
  from space 20480K, 91% used [0x00000000fc480000,0x00000000fd6bc460,0x00000000fd880000)
  to   space 23552K, 0% used [0x00000000faa80000,0x00000000faa80000,0x00000000fc180000)
 ParOldGen       total 139264K, used 37178K [0x00000000c0000000, 0x00000000c8800000, 0x00000000eab00000)
  object space 139264K, 26% used [0x00000000c0000000,0x00000000c244ea90,0x00000000c8800000)
 Metaspace       used 66294K, capacity 71784K, committed 71936K, reserved 446464K
  class space    used 9584K, capacity 10472K, committed 10496K, reserved 385024K

Card table byte_map: [0x00000288683e0000,0x00000288685f0000] byte_map_base: 0x0000028867de0000

Marking Bits: (ParMarkBitMap*) 0x00007ffa9885a3e0
 Begin Bits: [0x0000028868750000, 0x0000028869750000)
 End Bits:   [0x0000028869750000, 0x000002886a750000)

Polling page: 0x0000028860c10000

CodeCache: size=98304Kb used=18664Kb max_used=18664Kb free=79639Kb
 bounds [0x0000028862260000, 0x00000288634b0000, 0x0000028868260000]
 total_blobs=6500 nmethods=5648 adapters=764
 compilation: enabled

Compilation events (10 events):
Event: 8.967 Thread 0x000002886d249800 nmethod 6516 0x0000028863498cd0 code [0x0000028863499060, 0x000002886349b490]
Event: 8.967 Thread 0x000002886d249800 6517       3       org.gradle.internal.logging.progress.DefaultProgressLoggerFactory::newOperation (93 bytes)
Event: 8.968 Thread 0x000002886d249800 nmethod 6517 0x000002886349c950 code [0x000002886349cb00, 0x000002886349d590]
Event: 8.968 Thread 0x000002886d249800 6518       3       org.gradle.internal.operations.BuildOperationCategory::toCategory (18 bytes)
Event: 8.968 Thread 0x000002886d249800 nmethod 6518 0x000002886349d7d0 code [0x000002886349d940, 0x000002886349dcb8]
Event: 8.968 Thread 0x000002886d249800 6519       3       org.gradle.internal.logging.progress.DefaultProgressLoggerFactory$ProgressLoggerImpl::<init> (69 bytes)
Event: 8.968 Thread 0x000002886d249800 nmethod 6519 0x000002886349dd50 code [0x000002886349dec0, 0x000002886349e178]
Event: 8.968 Thread 0x000002886d249800 6520       3       org.gradle.internal.logging.progress.DefaultProgressLoggerFactory$ProgressLoggerImpl::access$002 (7 bytes)
Event: 8.968 Thread 0x000002886d249800 nmethod 6520 0x000002886349e250 code [0x000002886349e3a0, 0x000002886349e4d8]
Event: 8.968 Thread 0x000002886d249800 6521       3       org.gradle.internal.logging.progress.DefaultProgressLoggerFactory$ProgressLoggerImpl::assertCanConfigure (32 bytes)

GC Heap History (10 events):
Event: 3.912 GC heap before
{Heap before GC invocations=11 (full 2):
 PSYoungGen      total 228352K, used 213504K [0x00000000eab00000, 0x00000000f9c80000, 0x0000000100000000)
  eden space 213504K, 100% used [0x00000000eab00000,0x00000000f7b80000,0x00000000f7b80000)
  from space 14848K, 0% used [0x00000000f8980000,0x00000000f8980000,0x00000000f9800000)
  to   space 14336K, 0% used [0x00000000f7b80000,0x00000000f7b80000,0x00000000f8980000)
 ParOldGen       total 139264K, used 16998K [0x00000000c0000000, 0x00000000c8800000, 0x00000000eab00000)
  object space 139264K, 12% used [0x00000000c0000000,0x00000000c1099bf8,0x00000000c8800000)
 Metaspace       used 42601K, capacity 45166K, committed 45440K, reserved 423936K
  class space    used 5946K, capacity 6468K, committed 6528K, reserved 385024K
Event: 3.921 GC heap after
Heap after GC invocations=11 (full 2):
 PSYoungGen      total 227840K, used 13141K [0x00000000eab00000, 0x00000000f9c80000, 0x0000000100000000)
  eden space 213504K, 0% used [0x00000000eab00000,0x00000000eab00000,0x00000000f7b80000)
  from space 14336K, 91% used [0x00000000f7b80000,0x00000000f8855638,0x00000000f8980000)
  to   space 14848K, 0% used [0x00000000f8980000,0x00000000f8980000,0x00000000f9800000)
 ParOldGen       total 139264K, used 17006K [0x00000000c0000000, 0x00000000c8800000, 0x00000000eab00000)
  object space 139264K, 12% used [0x00000000c0000000,0x00000000c109bbf8,0x00000000c8800000)
 Metaspace       used 42601K, capacity 45166K, committed 45440K, reserved 423936K
  class space    used 5946K, capacity 6468K, committed 6528K, reserved 385024K
}
Event: 4.633 GC heap before
{Heap before GC invocations=12 (full 2):
 PSYoungGen      total 227840K, used 226645K [0x00000000eab00000, 0x00000000f9c80000, 0x0000000100000000)
  eden space 213504K, 100% used [0x00000000eab00000,0x00000000f7b80000,0x00000000f7b80000)
  from space 14336K, 91% used [0x00000000f7b80000,0x00000000f8855638,0x00000000f8980000)
  to   space 14848K, 0% used [0x00000000f8980000,0x00000000f8980000,0x00000000f9800000)
 ParOldGen       total 139264K, used 17006K [0x00000000c0000000, 0x00000000c8800000, 0x00000000eab00000)
  object space 139264K, 12% used [0x00000000c0000000,0x00000000c109bbf8,0x00000000c8800000)
 Metaspace       used 48682K, capacity 52058K, committed 52096K, reserved 430080K
  class space    used 6927K, capacity 7539K, committed 7552K, reserved 385024K
Event: 4.642 GC heap after
Heap after GC invocations=12 (full 2):
 PSYoungGen      total 228352K, used 14827K [0x00000000eab00000, 0x00000000f9c80000, 0x0000000100000000)
  eden space 213504K, 0% used [0x00000000eab00000,0x00000000eab00000,0x00000000f7b80000)
  from space 14848K, 99% used [0x00000000f8980000,0x00000000f97faff0,0x00000000f9800000)
  to   space 14336K, 0% used [0x00000000f7b80000,0x00000000f7b80000,0x00000000f8980000)
 ParOldGen       total 139264K, used 19311K [0x00000000c0000000, 0x00000000c8800000, 0x00000000eab00000)
  object space 139264K, 13% used [0x00000000c0000000,0x00000000c12dbc98,0x00000000c8800000)
 Metaspace       used 48682K, capacity 52058K, committed 52096K, reserved 430080K
  class space    used 6927K, capacity 7539K, committed 7552K, reserved 385024K
}
Event: 7.488 GC heap before
{Heap before GC invocations=13 (full 2):
 PSYoungGen      total 228352K, used 209825K [0x00000000eab00000, 0x00000000f9c80000, 0x0000000100000000)
  eden space 213504K, 91% used [0x00000000eab00000,0x00000000f696d498,0x00000000f7b80000)
  from space 14848K, 99% used [0x00000000f8980000,0x00000000f97faff0,0x00000000f9800000)
  to   space 14336K, 0% used [0x00000000f7b80000,0x00000000f7b80000,0x00000000f8980000)
 ParOldGen       total 139264K, used 19311K [0x00000000c0000000, 0x00000000c8800000, 0x00000000eab00000)
  object space 139264K, 13% used [0x00000000c0000000,0x00000000c12dbc98,0x00000000c8800000)
 Metaspace       used 54503K, capacity 59004K, committed 59136K, reserved 436224K
  class space    used 7854K, capacity 8632K, committed 8704K, reserved 385024K
Event: 7.500 GC heap after
Heap after GC invocations=13 (full 2):
 PSYoungGen      total 227840K, used 14333K [0x00000000eab00000, 0x00000000fd980000, 0x0000000100000000)
  eden space 213504K, 0% used [0x00000000eab00000,0x00000000eab00000,0x00000000f7b80000)
  from space 14336K, 99% used [0x00000000f7b80000,0x00000000f897f458,0x00000000f8980000)
  to   space 21504K, 0% used [0x00000000fc480000,0x00000000fc480000,0x00000000fd980000)
 ParOldGen       total 139264K, used 27651K [0x00000000c0000000, 0x00000000c8800000, 0x00000000eab00000)
  object space 139264K, 19% used [0x00000000c0000000,0x00000000c1b00ca0,0x00000000c8800000)
 Metaspace       used 54503K, capacity 59004K, committed 59136K, reserved 436224K
  class space    used 7854K, capacity 8632K, committed 8704K, reserved 385024K
}
Event: 7.500 GC heap before
{Heap before GC invocations=14 (full 3):
 PSYoungGen      total 227840K, used 14333K [0x00000000eab00000, 0x00000000fd980000, 0x0000000100000000)
  eden space 213504K, 0% used [0x00000000eab00000,0x00000000eab00000,0x00000000f7b80000)
  from space 14336K, 99% used [0x00000000f7b80000,0x00000000f897f458,0x00000000f8980000)
  to   space 21504K, 0% used [0x00000000fc480000,0x00000000fc480000,0x00000000fd980000)
 ParOldGen       total 139264K, used 27651K [0x00000000c0000000, 0x00000000c8800000, 0x00000000eab00000)
  object space 139264K, 19% used [0x00000000c0000000,0x00000000c1b00ca0,0x00000000c8800000)
 Metaspace       used 54503K, capacity 59004K, committed 59136K, reserved 436224K
  class space    used 7854K, capacity 8632K, committed 8704K, reserved 385024K
Event: 7.630 GC heap after
Heap after GC invocations=14 (full 3):
 PSYoungGen      total 227840K, used 0K [0x00000000eab00000, 0x00000000fd980000, 0x0000000100000000)
  eden space 213504K, 0% used [0x00000000eab00000,0x00000000eab00000,0x00000000f7b80000)
  from space 14336K, 0% used [0x00000000f7b80000,0x00000000f7b80000,0x00000000f8980000)
  to   space 21504K, 0% used [0x00000000fc480000,0x00000000fc480000,0x00000000fd980000)
 ParOldGen       total 139264K, used 37170K [0x00000000c0000000, 0x00000000c8800000, 0x00000000eab00000)
  object space 139264K, 26% used [0x00000000c0000000,0x00000000c244ca90,0x00000000c8800000)
 Metaspace       used 54499K, capacity 58992K, committed 59136K, reserved 436224K
  class space    used 7853K, capacity 8630K, committed 8704K, reserved 385024K
}
Event: 8.844 GC heap before
{Heap before GC invocations=15 (full 3):
 PSYoungGen      total 227840K, used 213504K [0x00000000eab00000, 0x00000000fd980000, 0x0000000100000000)
  eden space 213504K, 100% used [0x00000000eab00000,0x00000000f7b80000,0x00000000f7b80000)
  from space 14336K, 0% used [0x00000000f7b80000,0x00000000f7b80000,0x00000000f8980000)
  to   space 21504K, 0% used [0x00000000fc480000,0x00000000fc480000,0x00000000fd980000)
 ParOldGen       total 139264K, used 37170K [0x00000000c0000000, 0x00000000c8800000, 0x00000000eab00000)
  object space 139264K, 26% used [0x00000000c0000000,0x00000000c244ca90,0x00000000c8800000)
 Metaspace       used 65282K, capacity 70716K, committed 71040K, reserved 446464K
  class space    used 9442K, capacity 10326K, committed 10368K, reserved 385024K
Event: 8.858 GC heap after
Heap after GC invocations=15 (full 3):
 PSYoungGen      total 282112K, used 18673K [0x00000000eab00000, 0x00000000fd880000, 0x0000000100000000)
  eden space 261632K, 0% used [0x00000000eab00000,0x00000000eab00000,0x00000000faa80000)
  from space 20480K, 91% used [0x00000000fc480000,0x00000000fd6bc460,0x00000000fd880000)
  to   space 23552K, 0% used [0x00000000faa80000,0x00000000faa80000,0x00000000fc180000)
 ParOldGen       total 139264K, used 37178K [0x00000000c0000000, 0x00000000c8800000, 0x00000000eab00000)
  object space 139264K, 26% used [0x00000000c0000000,0x00000000c244ea90,0x00000000c8800000)
 Metaspace       used 65282K, capacity 70716K, committed 71040K, reserved 446464K
  class space    used 9442K, capacity 10326K, committed 10368K, reserved 385024K
}

Deoptimization events (10 events):
Event: 8.335 Thread 0x000002886f9f5000 Uncommon trap: reason=predicate action=maybe_recompile pc=0x0000028862d37a48 method=java.util.Arrays.binarySearch0([Ljava/lang/Object;IILjava/lang/Object;Ljava/util/Comparator;)I @ 28
Event: 8.354 Thread 0x000002886f9f5000 Uncommon trap: reason=null_check action=make_not_entrant pc=0x00000288628d6fd8 method=java.util.AbstractCollection.toArray([Ljava/lang/Object;)[Ljava/lang/Object; @ 119
Event: 8.355 Thread 0x000002886f9f5000 Uncommon trap: reason=array_check action=maybe_recompile pc=0x00000288626cff68 method=java.util.AbstractCollection.toArray([Ljava/lang/Object;)[Ljava/lang/Object; @ 119
Event: 8.396 Thread 0x000002886f9f5000 Uncommon trap: reason=class_check action=maybe_recompile pc=0x00000288624047e4 method=java.io.ObjectOutputStream$BlockDataOutputStream.drain()V @ 36
Event: 8.405 Thread 0x000002886f9f5000 Uncommon trap: reason=unstable_if action=reinterpret pc=0x0000028863276d38 method=java.io.ObjectStreamClass.writeNonProxy(Ljava/io/ObjectOutputStream;)V @ 77
Event: 8.407 Thread 0x000002886f9f5000 Uncommon trap: reason=unstable_if action=reinterpret pc=0x00000288625aed24 method=java.io.ObjectOutputStream$HandleTable.assign(Ljava/lang/Object;)I @ 24
Event: 8.430 Thread 0x000002886f9f5000 Uncommon trap: reason=null_check action=make_not_entrant pc=0x00000288630b7590 method=org.gradle.util.internal.SimpleMapInterner.intern(Ljava/lang/Object;)Ljava/lang/Object; @ 2
Event: 8.430 Thread 0x000002886f9f5000 Uncommon trap: reason=unstable_if action=reinterpret pc=0x00000288630c3f40 method=org.gradle.util.internal.SimpleMapInterner.intern(Ljava/lang/String;)Ljava/lang/String; @ 1
Event: 8.914 Thread 0x000002886f9f5000 Uncommon trap: reason=class_check action=maybe_recompile pc=0x00000288630c4f84 method=org.gradle.util.internal.GUtil.isTrue(Ljava/lang/Object;)Z @ 32
Event: 8.939 Thread 0x000002886f9f5000 Uncommon trap: reason=class_check action=maybe_recompile pc=0x00000288630c4f84 method=org.gradle.util.internal.GUtil.isTrue(Ljava/lang/Object;)Z @ 32

Classes redefined (0 events):
No events

Internal exceptions (10 events):
Event: 8.284 Thread 0x000002886f9f5000 Exception <a 'java/lang/NoSuchMethodError': <clinit>> (0x00000000f343f148) thrown at [C:\jenkins\workspace\8-2-build-windows-x64-cygwin-sans-NAS\jdk8u461\2086\hotspot\src\share\vm\prims\jni.cpp, line 1622]
Event: 8.286 Thread 0x000002886f9f5000 Exception <a 'java/lang/NoSuchMethodError': <clinit>> (0x00000000f34941f8) thrown at [C:\jenkins\workspace\8-2-build-windows-x64-cygwin-sans-NAS\jdk8u461\2086\hotspot\src\share\vm\prims\jni.cpp, line 1622]
Event: 8.287 Thread 0x000002886f9f5000 Exception <a 'java/lang/NoSuchMethodError': <clinit>> (0x00000000f34c8000) thrown at [C:\jenkins\workspace\8-2-build-windows-x64-cygwin-sans-NAS\jdk8u461\2086\hotspot\src\share\vm\prims\jni.cpp, line 1622]
Event: 8.288 Thread 0x000002886f9f5000 Exception <a 'java/lang/NoSuchMethodError': <clinit>> (0x00000000f34ed758) thrown at [C:\jenkins\workspace\8-2-build-windows-x64-cygwin-sans-NAS\jdk8u461\2086\hotspot\src\share\vm\prims\jni.cpp, line 1622]
Event: 8.289 Thread 0x000002886f9f5000 Exception <a 'java/lang/NoSuchMethodError': <clinit>> (0x00000000f351d258) thrown at [C:\jenkins\workspace\8-2-build-windows-x64-cygwin-sans-NAS\jdk8u461\2086\hotspot\src\share\vm\prims\jni.cpp, line 1622]
Event: 8.290 Thread 0x000002886f9f5000 Exception <a 'java/lang/NoSuchMethodError': <clinit>> (0x00000000f35408b0) thrown at [C:\jenkins\workspace\8-2-build-windows-x64-cygwin-sans-NAS\jdk8u461\2086\hotspot\src\share\vm\prims\jni.cpp, line 1622]
Event: 8.354 Thread 0x000002886f9f5000 Implicit null exception at 0x00000288628d6e2d to 0x00000288628d6fcd
Event: 8.404 Thread 0x000002886f9f5000 Exception <a 'java/lang/NoSuchMethodError': <clinit>> (0x00000000f3fbdc08) thrown at [C:\jenkins\workspace\8-2-build-windows-x64-cygwin-sans-NAS\jdk8u461\2086\hotspot\src\share\vm\prims\jni.cpp, line 1622]
Event: 8.430 Thread 0x000002886f9f5000 Implicit null exception at 0x00000288630b706f to 0x00000288630b7582
Event: 8.430 Thread 0x000002886f9f5000 Implicit null exception at 0x00000288630c3a34 to 0x00000288630c3f2d

Events (10 events):
Event: 8.963 loading class org/jetbrains/kotlin/gradle/plugin/KotlinSourceSetProcessor$addKotlinDirectoriesToJavaSourceSet$kotlinSrcDirsToAdd$1
Event: 8.963 loading class org/jetbrains/kotlin/gradle/plugin/KotlinSourceSetProcessor$addKotlinDirectoriesToJavaSourceSet$kotlinSrcDirsToAdd$1 done
Event: 8.963 loading class org/jetbrains/kotlin/gradle/plugin/KotlinSourceSetProcessor$createAdditionalClassesTaskForIdeRunner$IDEClassesTask
Event: 8.963 loading class org/jetbrains/kotlin/gradle/plugin/KotlinSourceSetProcessor$createAdditionalClassesTaskForIdeRunner$IDEClassesTask done
Event: 8.963 loading class org/jetbrains/kotlin/gradle/plugin/KotlinSourceSetProcessor$createAdditionalClassesTaskForIdeRunner$1$1
Event: 8.963 loading class org/jetbrains/kotlin/gradle/plugin/KotlinSourceSetProcessor$createAdditionalClassesTaskForIdeRunner$1$1 done
Event: 8.964 loading class org/jetbrains/kotlin/gradle/tasks/TasksProviderKt$sam$org_gradle_api_Action$0
Event: 8.964 loading class org/jetbrains/kotlin/gradle/tasks/TasksProviderKt$sam$org_gradle_api_Action$0 done
Event: 8.967 loading class org/jetbrains/kotlin/gradle/targets/jvm/KotlinJvmTargetTestFixturesSideEffectKt$ConfigureJavaTestFixturesSideEffect$1$1
Event: 8.967 loading class org/jetbrains/kotlin/gradle/targets/jvm/KotlinJvmTargetTestFixturesSideEffectKt$ConfigureJavaTestFixturesSideEffect$1$1 done


Dynamic libraries:
0x00007ff641920000 - 0x00007ff64196f000 	C:\Program Files\Java\jre1.8.0_461\bin\java.exe
0x00007ffae9200000 - 0x00007ffae93ee000 	C:\Windows\SYSTEM32\ntdll.dll
0x00007ffae8a10000 - 0x00007ffae8ac3000 	C:\Windows\System32\KERNEL32.DLL
0x00007ffae6180000 - 0x00007ffae641e000 	C:\Windows\System32\KERNELBASE.dll
0x00007ffae8e40000 - 0x00007ffae8ee9000 	C:\Windows\System32\ADVAPI32.dll
0x00007ffae8ca0000 - 0x00007ffae8d3e000 	C:\Windows\System32\msvcrt.dll
0x00007ffae90b0000 - 0x00007ffae9152000 	C:\Windows\System32\sechost.dll
0x00007ffae8520000 - 0x00007ffae863b000 	C:\Windows\System32\RPCRT4.dll
0x00007ffae52a0000 - 0x00007ffae52c6000 	C:\Windows\System32\bcrypt.dll
0x00007ffae8ad0000 - 0x00007ffae8c67000 	C:\Windows\System32\USER32.dll
0x00007ffae5880000 - 0x00007ffae58a0000 	C:\Windows\System32\win32u.dll
0x00007ffae8490000 - 0x00007ffae84b9000 	C:\Windows\System32\GDI32.dll
0x00007ffae55b0000 - 0x00007ffae575c000 	C:\Windows\System32\gdi32full.dll
0x00007ffae52f0000 - 0x00007ffae5390000 	C:\Windows\System32\msvcp_win.dll
0x00007ffae58a0000 - 0x00007ffae599a000 	C:\Windows\System32\ucrtbase.dll
0x00007ffad6420000 - 0x00007ffad6699000 	C:\Windows\WinSxS\amd64_microsoft.windows.common-controls_6595b64144ccf1df_6.0.17763.7792_none_de76c1ec534645e5\COMCTL32.dll
0x00007ffae6b30000 - 0x00007ffae6e5a000 	C:\Windows\System32\combase.dll
0x00007ffae59a0000 - 0x00007ffae5a22000 	C:\Windows\System32\bcryptPrimitives.dll
0x00007ffae8c70000 - 0x00007ffae8c9e000 	C:\Windows\System32\IMM32.DLL
0x00007ffac8550000 - 0x00007ffac856b000 	C:\Program Files\Java\jre1.8.0_461\bin\vcruntime140.dll
0x00007fface070000 - 0x00007fface07c000 	C:\Program Files\Java\jre1.8.0_461\bin\vcruntime140_1.dll
0x00007ffaab290000 - 0x00007ffaab31e000 	C:\Program Files\Java\jre1.8.0_461\bin\msvcp140.dll
0x00007ffa98080000 - 0x00007ffa9892a000 	C:\Program Files\Java\jre1.8.0_461\bin\server\jvm.dll
0x00007ffae8d50000 - 0x00007ffae8d58000 	C:\Windows\System32\PSAPI.DLL
0x00007ffaa9370000 - 0x00007ffaa9379000 	C:\Windows\SYSTEM32\WSOCK32.dll
0x00007ffae2160000 - 0x00007ffae2184000 	C:\Windows\SYSTEM32\WINMM.dll
0x00007ffae0b00000 - 0x00007ffae0b0a000 	C:\Windows\SYSTEM32\VERSION.dll
0x00007ffae9160000 - 0x00007ffae91cd000 	C:\Windows\System32\WS2_32.dll
0x00007ffae2010000 - 0x00007ffae203d000 	C:\Windows\SYSTEM32\WINMMBASE.dll
0x00007ffae5250000 - 0x00007ffae529a000 	C:\Windows\System32\cfgmgr32.dll
0x00007ffae51b0000 - 0x00007ffae51c1000 	C:\Windows\System32\kernel.appcore.dll
0x00007ffacc440000 - 0x00007ffacc450000 	C:\Program Files\Java\jre1.8.0_461\bin\verify.dll
0x00007ffac83b0000 - 0x00007ffac83db000 	C:\Program Files\Java\jre1.8.0_461\bin\java.dll
0x00007ffaac8c0000 - 0x00007ffaac8f7000 	C:\Program Files\Java\jre1.8.0_461\bin\instrument.dll
0x00007ffac80f0000 - 0x00007ffac8108000 	C:\Program Files\Java\jre1.8.0_461\bin\zip.dll
0x00007ffae6f90000 - 0x00007ffae8488000 	C:\Windows\System32\SHELL32.dll
0x00007ffae6a80000 - 0x00007ffae6b27000 	C:\Windows\System32\shcore.dll
0x00007ffae5a30000 - 0x00007ffae6178000 	C:\Windows\System32\windows.storage.dll
0x00007ffae5180000 - 0x00007ffae51a3000 	C:\Windows\System32\profapi.dll
0x00007ffae51f0000 - 0x00007ffae524d000 	C:\Windows\System32\powrprof.dll
0x00007ffae84c0000 - 0x00007ffae8517000 	C:\Windows\System32\shlwapi.dll
0x00007ffae52d0000 - 0x00007ffae52eb000 	C:\Windows\System32\cryptsp.dll
0x00007ffaad2d0000 - 0x00007ffaad2ec000 	C:\Program Files\Java\jre1.8.0_461\bin\net.dll
0x00007ffae4960000 - 0x00007ffae49c7000 	C:\Windows\system32\mswsock.dll
0x00007ffaac480000 - 0x00007ffaac493000 	C:\Program Files\Java\jre1.8.0_461\bin\nio.dll
0x00007ffad1270000 - 0x00007ffad1297000 	D:\GradleHome\native\1def1411415f61bf3af743bc5b6707747c0891f09f0c88961ee8f79bc544acac\windows-amd64\native-platform.dll
0x00007ffacc350000 - 0x00007ffacc3c8000 	D:\GradleHome\native\0.2.7\x86_64-windows-gnu\gradle-fileevents.dll
0x00007ffacc340000 - 0x00007ffacc34d000 	C:\Program Files\Java\jre1.8.0_461\bin\management.dll
0x00007ffae4650000 - 0x00007ffae468d000 	C:\Windows\SYSTEM32\IPHLPAPI.DLL
0x00007ffae8d40000 - 0x00007ffae8d48000 	C:\Windows\System32\NSI.dll
0x00007ffadbc00000 - 0x00007ffadbc16000 	C:\Windows\SYSTEM32\dhcpcsvc6.DLL
0x00007ffadbb70000 - 0x00007ffadbb8c000 	C:\Windows\SYSTEM32\dhcpcsvc.DLL
0x00007ffae4690000 - 0x00007ffae4756000 	C:\Windows\SYSTEM32\DNSAPI.dll
0x00007ffae4480000 - 0x00007ffae44b3000 	C:\Windows\system32\rsaenh.dll
0x00007ffae5080000 - 0x00007ffae50a9000 	C:\Windows\SYSTEM32\USERENV.dll
0x00007ffae4b30000 - 0x00007ffae4b3c000 	C:\Windows\SYSTEM32\CRYPTBASE.dll
0x00007ffae38f0000 - 0x00007ffae3add000 	C:\Windows\SYSTEM32\dbghelp.dll

VM Arguments:
jvm_args: -XX:MaxMetaspaceSize=384m -XX:ReservedCodeCacheSize=96m -XX:+UseParallelGC -Xmx1G -Dfile.encoding=UTF-8 -Duser.country=CN -Duser.language=zh -Duser.variant -javaagent:D:\GradleHome\wrapper\dists\gradle-8.14.5-all\1iboiteofonv8taraljb5q1u0\gradle-8.14.5\lib\agents\gradle-instrumentation-agent-8.14.5.jar 
java_command: org.gradle.launcher.daemon.bootstrap.GradleDaemon 8.14.5
java_class_path (initial): D:\GradleHome\wrapper\dists\gradle-8.14.5-all\1iboiteofonv8taraljb5q1u0\gradle-8.14.5\lib\gradle-daemon-main-8.14.5.jar;D:\GradleHome\wrapper\dists\gradle-8.14.5-all\1iboiteofonv8taraljb5q1u0\gradle-8.14.5\lib\agents\gradle-instrumentation-agent-8.14.5.jar
Launcher Type: SUN_STANDARD

Environment Variables:
USERNAME=Administrator
OS=Windows_NT
PROCESSOR_IDENTIFIER=Intel64 Family 6 Model 106 Stepping 6, GenuineIntel



---------------  S Y S T E M  ---------------

OS: Windows 10 , 64 bit Build 17763 (10.0.17763.7009)

CPU:total 8 (initial active 8) (4 cores per cpu, 2 threads per core) family 6 model 106 stepping 6, cmov, cx8, fxsr, mmx, sse, sse2, sse3, ssse3, sse4.1, sse4.2, popcnt, avx, avx2, aes, clmul, erms, rtm, 3dnowpref, lzcnt, ht, tsc, bmi1, bmi2, adx

Memory: 4k page, physical 16776308k(762476k free), swap 19764640k(143760k free)

vm_info: Java HotSpot(TM) 64-Bit Server VM (25.461-b11) for windows-amd64 JRE (1.8.0_461-b11), built on Jun 27 2025 10:22:42 by "java_re" with MS VC++ 17.6 (VS2022)

time: Fri Jun 19 20:36:34 2026
timezone: ÖĐąú±ę×ĽĘ±Ľä
elapsed time: 8.991079 seconds (0d 0h 0m 8s)

